<?xml version="1.0" encoding="UTF-8"?>
<robot generator="Robot 3.1.2 (Python 3.8.1 on win32)" generated="20200303 13:08:11.219" rpa="false">
<suite id="s1" name="Automation" source="C:\Repository\python\robot\sonataservices.com\resources\Automation.robot">
<test id="s1-t1" name="Test Sonata Website in Desktop">
<kw name="Open Browser" library="SeleniumLibrary">
<doc>Opens a new browser instance to the optional ``url``.</doc>
<arguments>
<arg>${SITE_URL}</arg>
<arg>${BROWSER}</arg>
</arguments>
<msg timestamp="20200303 13:08:11.923" level="INFO">Opening browser 'chrome' to base url 'https://sonataservices.com'.</msg>
<status status="PASS" starttime="20200303 13:08:11.923" endtime="20200303 13:08:15.740"></status>
</kw>
<kw name="Maximize Browser Window" library="SeleniumLibrary">
<doc>Maximizes current browser window.</doc>
<status status="PASS" starttime="20200303 13:08:15.740" endtime="20200303 13:08:17.055"></status>
</kw>
<kw name="Open Home Page" library="home">
<arguments>
<arg>${DESKTOP}</arg>
</arguments>
<kw name="Log To Console" library="BuiltIn">
<doc>Logs the given message to the console.</doc>
<arguments>
<arg>Start Home Page</arg>
</arguments>
<status status="PASS" starttime="20200303 13:08:17.056" endtime="20200303 13:08:17.057"></status>
</kw>
<kw name="Sleep" library="BuiltIn">
<doc>Pauses the test executed for the given time.</doc>
<arguments>
<arg>5</arg>
</arguments>
<msg timestamp="20200303 13:08:22.060" level="INFO">Slept 5 seconds</msg>
<status status="PASS" starttime="20200303 13:08:17.057" endtime="20200303 13:08:22.060"></status>
</kw>
<kw name="Click Element" library="SeleniumLibrary">
<doc>Click the element identified by ``locator``.</doc>
<arguments>
<arg>${HOME_COOKIE_USE}</arg>
</arguments>
<msg timestamp="20200303 13:08:22.060" level="INFO">Clicking element '//*[@id='app']/footer/div[3]/div[2]/button[1]'.</msg>
<status status="PASS" starttime="20200303 13:08:22.060" endtime="20200303 13:08:22.182"></status>
</kw>
<kw name="Log To Console" library="BuiltIn">
<doc>Logs the given message to the console.</doc>
<arguments>
<arg>First Header</arg>
</arguments>
<status status="PASS" starttime="20200303 13:08:22.183" endtime="20200303 13:08:22.183"></status>
</kw>
<kw name="Capture Page Screenshot" library="SeleniumLibrary">
<doc>Takes a screenshot of the current page and embeds it into a log file.</doc>
<arguments>
<arg>${SCREENSHOT_PATH}/${ENVIRONMENT}/home/screenshot1.png</arg>
</arguments>
<msg timestamp="20200303 13:08:22.957" level="INFO" html="yes">&lt;/td&gt;&lt;/tr&gt;&lt;tr&gt;&lt;td colspan="3"&gt;&lt;a href="screenshot/desktop/home/screenshot1.png"&gt;&lt;img src="screenshot/desktop/home/screenshot1.png" width="800px"&gt;&lt;/a&gt;</msg>
<status status="PASS" starttime="20200303 13:08:22.184" endtime="20200303 13:08:22.957"></status>
</kw>
<kw name="Sleep" library="BuiltIn">
<doc>Pauses the test executed for the given time.</doc>
<arguments>
<arg>5</arg>
</arguments>
<msg timestamp="20200303 13:08:27.959" level="INFO">Slept 5 seconds</msg>
<status status="PASS" starttime="20200303 13:08:22.957" endtime="20200303 13:08:27.959"></status>
</kw>
<kw name="Log To Console" library="BuiltIn">
<doc>Logs the given message to the console.</doc>
<arguments>
<arg>Second Header</arg>
</arguments>
<status status="PASS" starttime="20200303 13:08:27.959" endtime="20200303 13:08:27.960"></status>
</kw>
<kw name="Capture Page Screenshot" library="SeleniumLibrary">
<doc>Takes a screenshot of the current page and embeds it into a log file.</doc>
<arguments>
<arg>${SCREENSHOT_PATH}/${ENVIRONMENT}/home/screenshot2.png</arg>
</arguments>
<msg timestamp="20200303 13:08:28.644" level="INFO" html="yes">&lt;/td&gt;&lt;/tr&gt;&lt;tr&gt;&lt;td colspan="3"&gt;&lt;a href="screenshot/desktop/home/screenshot2.png"&gt;&lt;img src="screenshot/desktop/home/screenshot2.png" width="800px"&gt;&lt;/a&gt;</msg>
<status status="PASS" starttime="20200303 13:08:27.960" endtime="20200303 13:08:28.644"></status>
</kw>
<kw name="Sleep" library="BuiltIn">
<doc>Pauses the test executed for the given time.</doc>
<arguments>
<arg>5</arg>
</arguments>
<msg timestamp="20200303 13:08:33.646" level="INFO">Slept 5 seconds</msg>
<status status="PASS" starttime="20200303 13:08:28.644" endtime="20200303 13:08:33.646"></status>
</kw>
<kw name="Log To Console" library="BuiltIn">
<doc>Logs the given message to the console.</doc>
<arguments>
<arg>Third Header</arg>
</arguments>
<status status="PASS" starttime="20200303 13:08:33.646" endtime="20200303 13:08:33.647"></status>
</kw>
<kw name="Capture Page Screenshot" library="SeleniumLibrary">
<doc>Takes a screenshot of the current page and embeds it into a log file.</doc>
<arguments>
<arg>${SCREENSHOT_PATH}/${ENVIRONMENT}/home/screenshot3.png</arg>
</arguments>
<msg timestamp="20200303 13:08:34.368" level="INFO" html="yes">&lt;/td&gt;&lt;/tr&gt;&lt;tr&gt;&lt;td colspan="3"&gt;&lt;a href="screenshot/desktop/home/screenshot3.png"&gt;&lt;img src="screenshot/desktop/home/screenshot3.png" width="800px"&gt;&lt;/a&gt;</msg>
<status status="PASS" starttime="20200303 13:08:33.647" endtime="20200303 13:08:34.368"></status>
</kw>
<kw name="Sleep" library="BuiltIn">
<doc>Pauses the test executed for the given time.</doc>
<arguments>
<arg>5</arg>
</arguments>
<msg timestamp="20200303 13:08:39.369" level="INFO">Slept 5 seconds</msg>
<status status="PASS" starttime="20200303 13:08:34.368" endtime="20200303 13:08:39.369"></status>
</kw>
<kw name="Log To Console" library="BuiltIn">
<doc>Logs the given message to the console.</doc>
<arguments>
<arg>Fourth Header</arg>
</arguments>
<status status="PASS" starttime="20200303 13:08:39.369" endtime="20200303 13:08:39.370"></status>
</kw>
<kw name="Capture Page Screenshot" library="SeleniumLibrary">
<doc>Takes a screenshot of the current page and embeds it into a log file.</doc>
<arguments>
<arg>${SCREENSHOT_PATH}/${ENVIRONMENT}/home/screenshot4.png</arg>
</arguments>
<msg timestamp="20200303 13:08:40.165" level="INFO" html="yes">&lt;/td&gt;&lt;/tr&gt;&lt;tr&gt;&lt;td colspan="3"&gt;&lt;a href="screenshot/desktop/home/screenshot4.png"&gt;&lt;img src="screenshot/desktop/home/screenshot4.png" width="800px"&gt;&lt;/a&gt;</msg>
<status status="PASS" starttime="20200303 13:08:39.370" endtime="20200303 13:08:40.165"></status>
</kw>
<kw name="Click Element" library="SeleniumLibrary">
<doc>Click the element identified by ``locator``.</doc>
<arguments>
<arg>${HOME_ACCELERATE_GROWTH}</arg>
</arguments>
<msg timestamp="20200303 13:08:40.166" level="INFO">Clicking element '//div[@class='growth']'.</msg>
<status status="PASS" starttime="20200303 13:08:40.165" endtime="20200303 13:08:40.258"></status>
</kw>
<kw name="Sleep" library="BuiltIn">
<doc>Pauses the test executed for the given time.</doc>
<arguments>
<arg>1</arg>
</arguments>
<msg timestamp="20200303 13:08:41.260" level="INFO">Slept 1 second</msg>
<status status="PASS" starttime="20200303 13:08:40.259" endtime="20200303 13:08:41.260"></status>
</kw>
<kw name="Log To Console" library="BuiltIn">
<doc>Logs the given message to the console.</doc>
<arguments>
<arg>We helps accelerate your growth</arg>
</arguments>
<status status="PASS" starttime="20200303 13:08:41.260" endtime="20200303 13:08:41.261"></status>
</kw>
<kw name="Capture Page Screenshot" library="SeleniumLibrary">
<doc>Takes a screenshot of the current page and embeds it into a log file.</doc>
<arguments>
<arg>${SCREENSHOT_PATH}/${ENVIRONMENT}/home/screenshot5.png</arg>
</arguments>
<msg timestamp="20200303 13:08:41.748" level="INFO" html="yes">&lt;/td&gt;&lt;/tr&gt;&lt;tr&gt;&lt;td colspan="3"&gt;&lt;a href="screenshot/desktop/home/screenshot5.png"&gt;&lt;img src="screenshot/desktop/home/screenshot5.png" width="800px"&gt;&lt;/a&gt;</msg>
<status status="PASS" starttime="20200303 13:08:41.261" endtime="20200303 13:08:41.749"></status>
</kw>
<kw name="Click Element" library="SeleniumLibrary">
<doc>Click the element identified by ``locator``.</doc>
<arguments>
<arg>${HOME_SERVICES_EXPERTISE}</arg>
</arguments>
<msg timestamp="20200303 13:08:41.749" level="INFO">Clicking element '//div[@class='services__cards']'.</msg>
<status status="PASS" starttime="20200303 13:08:41.749" endtime="20200303 13:08:41.834"></status>
</kw>
<kw name="Sleep" library="BuiltIn">
<doc>Pauses the test executed for the given time.</doc>
<arguments>
<arg>1</arg>
</arguments>
<msg timestamp="20200303 13:08:42.835" level="INFO">Slept 1 second</msg>
<status status="PASS" starttime="20200303 13:08:41.835" endtime="20200303 13:08:42.835"></status>
</kw>
<kw name="Log To Console" library="BuiltIn">
<doc>Logs the given message to the console.</doc>
<arguments>
<arg>Our Services &amp; Expertise</arg>
</arguments>
<status status="PASS" starttime="20200303 13:08:42.835" endtime="20200303 13:08:42.836"></status>
</kw>
<kw name="Capture Page Screenshot" library="SeleniumLibrary">
<doc>Takes a screenshot of the current page and embeds it into a log file.</doc>
<arguments>
<arg>${SCREENSHOT_PATH}/${ENVIRONMENT}/home/screenshot6.png</arg>
</arguments>
<msg timestamp="20200303 13:08:43.224" level="INFO" html="yes">&lt;/td&gt;&lt;/tr&gt;&lt;tr&gt;&lt;td colspan="3"&gt;&lt;a href="screenshot/desktop/home/screenshot6.png"&gt;&lt;img src="screenshot/desktop/home/screenshot6.png" width="800px"&gt;&lt;/a&gt;</msg>
<status status="PASS" starttime="20200303 13:08:42.836" endtime="20200303 13:08:43.224"></status>
</kw>
<kw name="Click Element" library="SeleniumLibrary">
<doc>Click the element identified by ``locator``.</doc>
<arguments>
<arg>${HOME_BRANDS}</arg>
</arguments>
<msg timestamp="20200303 13:08:43.225" level="INFO">Clicking element '//div[@class='company-logos']'.</msg>
<status status="PASS" starttime="20200303 13:08:43.225" endtime="20200303 13:08:43.284"></status>
</kw>
<kw name="Sleep" library="BuiltIn">
<doc>Pauses the test executed for the given time.</doc>
<arguments>
<arg>1</arg>
</arguments>
<msg timestamp="20200303 13:08:44.285" level="INFO">Slept 1 second</msg>
<status status="PASS" starttime="20200303 13:08:43.284" endtime="20200303 13:08:44.285"></status>
</kw>
<kw name="Log To Console" library="BuiltIn">
<doc>Logs the given message to the console.</doc>
<arguments>
<arg>Brands section</arg>
</arguments>
<status status="PASS" starttime="20200303 13:08:44.285" endtime="20200303 13:08:44.285"></status>
</kw>
<kw name="Capture Page Screenshot" library="SeleniumLibrary">
<doc>Takes a screenshot of the current page and embeds it into a log file.</doc>
<arguments>
<arg>${SCREENSHOT_PATH}/${ENVIRONMENT}/home/screenshot7.png</arg>
</arguments>
<msg timestamp="20200303 13:08:44.642" level="INFO" html="yes">&lt;/td&gt;&lt;/tr&gt;&lt;tr&gt;&lt;td colspan="3"&gt;&lt;a href="screenshot/desktop/home/screenshot7.png"&gt;&lt;img src="screenshot/desktop/home/screenshot7.png" width="800px"&gt;&lt;/a&gt;</msg>
<status status="PASS" starttime="20200303 13:08:44.286" endtime="20200303 13:08:44.642"></status>
</kw>
<kw name="Log To Console" library="BuiltIn">
<doc>Logs the given message to the console.</doc>
<arguments>
<arg>Demantec IBM Success Story</arg>
</arguments>
<status status="PASS" starttime="20200303 13:08:44.643" endtime="20200303 13:08:44.643"></status>
</kw>
<kw name="Click Element" library="SeleniumLibrary">
<doc>Click the element identified by ``locator``.</doc>
<arguments>
<arg>${HOME_DEMANTEC}</arg>
</arguments>
<msg timestamp="20200303 13:08:44.644" level="INFO">Clicking element '//html[1]/body[1]/main[1]/section[1]/section[2]/div[1]/ul[1]/li[4]/div[1]'.</msg>
<status status="PASS" starttime="20200303 13:08:44.643" endtime="20200303 13:08:44.719"></status>
</kw>
<kw name="Sleep" library="BuiltIn">
<doc>Pauses the test executed for the given time.</doc>
<arguments>
<arg>1</arg>
</arguments>
<msg timestamp="20200303 13:08:45.721" level="INFO">Slept 1 second</msg>
<status status="PASS" starttime="20200303 13:08:44.719" endtime="20200303 13:08:45.721"></status>
</kw>
<kw name="Capture Page Screenshot" library="SeleniumLibrary">
<doc>Takes a screenshot of the current page and embeds it into a log file.</doc>
<arguments>
<arg>${SCREENSHOT_PATH}/${ENVIRONMENT}/home/screenshot8.png</arg>
</arguments>
<msg timestamp="20200303 13:08:46.614" level="INFO" html="yes">&lt;/td&gt;&lt;/tr&gt;&lt;tr&gt;&lt;td colspan="3"&gt;&lt;a href="screenshot/desktop/home/screenshot8.png"&gt;&lt;img src="screenshot/desktop/home/screenshot8.png" width="800px"&gt;&lt;/a&gt;</msg>
<status status="PASS" starttime="20200303 13:08:45.722" endtime="20200303 13:08:46.614"></status>
</kw>
<kw name="Wait Until Element Is Visible" library="SeleniumLibrary">
<doc>Waits until the element ``locator`` is visible.</doc>
<arguments>
<arg>${HOME_SUCCESS_STORY_DEMANTEC}</arg>
</arguments>
<status status="PASS" starttime="20200303 13:08:46.615" endtime="20200303 13:08:46.653"></status>
</kw>
<kw name="Click Element" library="SeleniumLibrary">
<doc>Click the element identified by ``locator``.</doc>
<arguments>
<arg>${HOME_SUCCESS_STORY_DEMANTEC}</arg>
</arguments>
<msg timestamp="20200303 13:08:46.654" level="INFO">Clicking element '//html[1]/body[1]/main[1]/section[1]/section[2]/div[1]/ul[1]/li[4]/div[1]/div[1]/div[2]/a[1]'.</msg>
<status status="PASS" starttime="20200303 13:08:46.653" endtime="20200303 13:08:47.014"></status>
</kw>
<kw name="Sleep" library="BuiltIn">
<doc>Pauses the test executed for the given time.</doc>
<arguments>
<arg>3</arg>
</arguments>
<msg timestamp="20200303 13:08:50.017" level="INFO">Slept 3 seconds</msg>
<status status="PASS" starttime="20200303 13:08:47.015" endtime="20200303 13:08:50.017"></status>
</kw>
<kw name="Capture Page Screenshot" library="SeleniumLibrary">
<doc>Takes a screenshot of the current page and embeds it into a log file.</doc>
<arguments>
<arg>${SCREENSHOT_PATH}/${ENVIRONMENT}/home/screenshot9.png</arg>
</arguments>
<msg timestamp="20200303 13:08:51.306" level="INFO" html="yes">&lt;/td&gt;&lt;/tr&gt;&lt;tr&gt;&lt;td colspan="3"&gt;&lt;a href="screenshot/desktop/home/screenshot9.png"&gt;&lt;img src="screenshot/desktop/home/screenshot9.png" width="800px"&gt;&lt;/a&gt;</msg>
<status status="PASS" starttime="20200303 13:08:50.017" endtime="20200303 13:08:51.306"></status>
</kw>
<kw name="Go To" library="SeleniumLibrary">
<doc>Navigates the current browser window to the provided ``url``.</doc>
<arguments>
<arg>${SITE_URL}</arg>
</arguments>
<msg timestamp="20200303 13:08:51.307" level="INFO">Opening url 'https://sonataservices.com'</msg>
<status status="PASS" starttime="20200303 13:08:51.306" endtime="20200303 13:08:51.632"></status>
</kw>
<kw name="Sleep" library="BuiltIn">
<doc>Pauses the test executed for the given time.</doc>
<arguments>
<arg>3</arg>
</arguments>
<msg timestamp="20200303 13:08:54.634" level="INFO">Slept 3 seconds</msg>
<status status="PASS" starttime="20200303 13:08:51.632" endtime="20200303 13:08:54.634"></status>
</kw>
<kw name="Log To Console" library="BuiltIn">
<doc>Logs the given message to the console.</doc>
<arguments>
<arg>Taylor Made Success Story Page</arg>
</arguments>
<status status="PASS" starttime="20200303 13:08:54.634" endtime="20200303 13:08:54.635"></status>
</kw>
<kw name="Click Element" library="SeleniumLibrary">
<doc>Click the element identified by ``locator``.</doc>
<arguments>
<arg>${HOME_TAYLORMEADE}</arg>
</arguments>
<msg timestamp="20200303 13:08:54.636" level="INFO">Clicking element '//html[1]/body[1]/main[1]/section[1]/section[2]/div[1]/div[1]/ol[1]/li[2]/button[1]'.</msg>
<status status="PASS" starttime="20200303 13:08:54.636" endtime="20200303 13:08:54.752"></status>
</kw>
<kw name="Sleep" library="BuiltIn">
<doc>Pauses the test executed for the given time.</doc>
<arguments>
<arg>1</arg>
</arguments>
<msg timestamp="20200303 13:08:55.753" level="INFO">Slept 1 second</msg>
<status status="PASS" starttime="20200303 13:08:54.753" endtime="20200303 13:08:55.753"></status>
</kw>
<kw name="Capture Page Screenshot" library="SeleniumLibrary">
<doc>Takes a screenshot of the current page and embeds it into a log file.</doc>
<arguments>
<arg>${SCREENSHOT_PATH}/${ENVIRONMENT}/home/screenshot10.png</arg>
</arguments>
<msg timestamp="20200303 13:08:56.402" level="INFO" html="yes">&lt;/td&gt;&lt;/tr&gt;&lt;tr&gt;&lt;td colspan="3"&gt;&lt;a href="screenshot/desktop/home/screenshot10.png"&gt;&lt;img src="screenshot/desktop/home/screenshot10.png" width="800px"&gt;&lt;/a&gt;</msg>
<status status="PASS" starttime="20200303 13:08:55.754" endtime="20200303 13:08:56.403"></status>
</kw>
<kw name="Click Element" library="SeleniumLibrary">
<doc>Click the element identified by ``locator``.</doc>
<arguments>
<arg>${HOME_SUCCESS_STORY_TAYLORMEADE}</arg>
</arguments>
<msg timestamp="20200303 13:08:56.404" level="INFO">Clicking element '//html[1]/body[1]/main[1]/section[1]/section[2]/div[1]/ul[1]/li[5]/div[1]/div[1]/div[2]/a[1]'.</msg>
<status status="PASS" starttime="20200303 13:08:56.403" endtime="20200303 13:08:56.702"></status>
</kw>
<kw name="Sleep" library="BuiltIn">
<doc>Pauses the test executed for the given time.</doc>
<arguments>
<arg>3</arg>
</arguments>
<msg timestamp="20200303 13:08:59.704" level="INFO">Slept 3 seconds</msg>
<status status="PASS" starttime="20200303 13:08:56.702" endtime="20200303 13:08:59.705"></status>
</kw>
<kw name="Capture Page Screenshot" library="SeleniumLibrary">
<doc>Takes a screenshot of the current page and embeds it into a log file.</doc>
<arguments>
<arg>${SCREENSHOT_PATH}/${ENVIRONMENT}/home/screenshot11.png</arg>
</arguments>
<msg timestamp="20200303 13:09:00.574" level="INFO" html="yes">&lt;/td&gt;&lt;/tr&gt;&lt;tr&gt;&lt;td colspan="3"&gt;&lt;a href="screenshot/desktop/home/screenshot11.png"&gt;&lt;img src="screenshot/desktop/home/screenshot11.png" width="800px"&gt;&lt;/a&gt;</msg>
<status status="PASS" starttime="20200303 13:08:59.705" endtime="20200303 13:09:00.576"></status>
</kw>
<kw name="Go To" library="SeleniumLibrary">
<doc>Navigates the current browser window to the provided ``url``.</doc>
<arguments>
<arg>${SITE_URL}</arg>
</arguments>
<msg timestamp="20200303 13:09:00.578" level="INFO">Opening url 'https://sonataservices.com'</msg>
<status status="PASS" starttime="20200303 13:09:00.577" endtime="20200303 13:09:00.979"></status>
</kw>
<kw name="Sleep" library="BuiltIn">
<doc>Pauses the test executed for the given time.</doc>
<arguments>
<arg>3</arg>
</arguments>
<msg timestamp="20200303 13:09:03.980" level="INFO">Slept 3 seconds</msg>
<status status="PASS" starttime="20200303 13:09:00.979" endtime="20200303 13:09:03.980"></status>
</kw>
<kw name="Log To Console" library="BuiltIn">
<doc>Logs the given message to the console.</doc>
<arguments>
<arg>Iron Port Cisco Success Story</arg>
</arguments>
<status status="PASS" starttime="20200303 13:09:03.980" endtime="20200303 13:09:03.981"></status>
</kw>
<kw name="Click Element" library="SeleniumLibrary">
<doc>Click the element identified by ``locator``.</doc>
<arguments>
<arg>${HOME_IRONPORT}</arg>
</arguments>
<msg timestamp="20200303 13:09:03.982" level="INFO">Clicking element '//html[1]/body[1]/main[1]/section[1]/section[2]/div[1]/div[1]/ol[1]/li[3]/button[1]'.</msg>
<status status="PASS" starttime="20200303 13:09:03.982" endtime="20200303 13:09:04.111"></status>
</kw>
<kw name="Sleep" library="BuiltIn">
<doc>Pauses the test executed for the given time.</doc>
<arguments>
<arg>1</arg>
</arguments>
<msg timestamp="20200303 13:09:05.112" level="INFO">Slept 1 second</msg>
<status status="PASS" starttime="20200303 13:09:04.112" endtime="20200303 13:09:05.112"></status>
</kw>
<kw name="Capture Page Screenshot" library="SeleniumLibrary">
<doc>Takes a screenshot of the current page and embeds it into a log file.</doc>
<arguments>
<arg>${SCREENSHOT_PATH}/${ENVIRONMENT}/home/screenshot12.png</arg>
</arguments>
<msg timestamp="20200303 13:09:06.121" level="INFO" html="yes">&lt;/td&gt;&lt;/tr&gt;&lt;tr&gt;&lt;td colspan="3"&gt;&lt;a href="screenshot/desktop/home/screenshot12.png"&gt;&lt;img src="screenshot/desktop/home/screenshot12.png" width="800px"&gt;&lt;/a&gt;</msg>
<status status="PASS" starttime="20200303 13:09:05.112" endtime="20200303 13:09:06.122"></status>
</kw>
<kw name="Click Element" library="SeleniumLibrary">
<doc>Click the element identified by ``locator``.</doc>
<arguments>
<arg>${HOME_SUCCESS_STORY_IRONPORT}</arg>
</arguments>
<msg timestamp="20200303 13:09:06.122" level="INFO">Clicking element '//html[1]/body[1]/main[1]/section[1]/section[2]/div[1]/ul[1]/li[6]/div[1]/div[1]/div[2]/a[1]'.</msg>
<status status="PASS" starttime="20200303 13:09:06.122" endtime="20200303 13:09:06.427"></status>
</kw>
<kw name="Sleep" library="BuiltIn">
<doc>Pauses the test executed for the given time.</doc>
<arguments>
<arg>3</arg>
</arguments>
<msg timestamp="20200303 13:09:09.430" level="INFO">Slept 3 seconds</msg>
<status status="PASS" starttime="20200303 13:09:06.427" endtime="20200303 13:09:09.431"></status>
</kw>
<kw name="Capture Page Screenshot" library="SeleniumLibrary">
<doc>Takes a screenshot of the current page and embeds it into a log file.</doc>
<arguments>
<arg>${SCREENSHOT_PATH}/${ENVIRONMENT}/home/screenshot13.png</arg>
</arguments>
<msg timestamp="20200303 13:09:10.247" level="INFO" html="yes">&lt;/td&gt;&lt;/tr&gt;&lt;tr&gt;&lt;td colspan="3"&gt;&lt;a href="screenshot/desktop/home/screenshot13.png"&gt;&lt;img src="screenshot/desktop/home/screenshot13.png" width="800px"&gt;&lt;/a&gt;</msg>
<status status="PASS" starttime="20200303 13:09:09.431" endtime="20200303 13:09:10.248"></status>
</kw>
<kw name="Go To" library="SeleniumLibrary">
<doc>Navigates the current browser window to the provided ``url``.</doc>
<arguments>
<arg>${SITE_URL}</arg>
</arguments>
<msg timestamp="20200303 13:09:10.248" level="INFO">Opening url 'https://sonataservices.com'</msg>
<status status="PASS" starttime="20200303 13:09:10.248" endtime="20200303 13:09:10.401"></status>
</kw>
<kw name="Sleep" library="BuiltIn">
<doc>Pauses the test executed for the given time.</doc>
<arguments>
<arg>3</arg>
</arguments>
<msg timestamp="20200303 13:09:13.403" level="INFO">Slept 3 seconds</msg>
<status status="PASS" starttime="20200303 13:09:10.402" endtime="20200303 13:09:13.403"></status>
</kw>
<kw name="Log To Console" library="BuiltIn">
<doc>Logs the given message to the console.</doc>
<arguments>
<arg>Footer</arg>
</arguments>
<status status="PASS" starttime="20200303 13:09:13.403" endtime="20200303 13:09:13.403"></status>
</kw>
<kw name="Click Element" library="SeleniumLibrary">
<doc>Click the element identified by ``locator``.</doc>
<arguments>
<arg>${HOME_FOOTER}</arg>
</arguments>
<msg timestamp="20200303 13:09:13.404" level="INFO">Clicking element '//div[@class='footer__copyright']'.</msg>
<status status="PASS" starttime="20200303 13:09:13.404" endtime="20200303 13:09:13.491"></status>
</kw>
<kw name="Capture Page Screenshot" library="SeleniumLibrary">
<doc>Takes a screenshot of the current page and embeds it into a log file.</doc>
<arguments>
<arg>${SCREENSHOT_PATH}/${ENVIRONMENT}/home/screenshot14.png</arg>
</arguments>
<msg timestamp="20200303 13:09:14.177" level="INFO" html="yes">&lt;/td&gt;&lt;/tr&gt;&lt;tr&gt;&lt;td colspan="3"&gt;&lt;a href="screenshot/desktop/home/screenshot14.png"&gt;&lt;img src="screenshot/desktop/home/screenshot14.png" width="800px"&gt;&lt;/a&gt;</msg>
<status status="PASS" starttime="20200303 13:09:13.492" endtime="20200303 13:09:14.177"></status>
</kw>
<kw name="Log To Console" library="BuiltIn">
<doc>Logs the given message to the console.</doc>
<arguments>
<arg>End Home Page</arg>
</arguments>
<status status="PASS" starttime="20200303 13:09:14.178" endtime="20200303 13:09:14.178"></status>
</kw>
<status status="PASS" starttime="20200303 13:08:17.055" endtime="20200303 13:09:14.178"></status>
</kw>
<kw name="Open Services Page" library="services">
<arguments>
<arg>${DESKTOP}</arg>
</arguments>
<kw name="Log To Console" library="BuiltIn">
<doc>Logs the given message to the console.</doc>
<arguments>
<arg>Open Services Page</arg>
</arguments>
<status status="PASS" starttime="20200303 13:09:14.179" endtime="20200303 13:09:14.179"></status>
</kw>
<kw name="Go To" library="SeleniumLibrary">
<doc>Navigates the current browser window to the provided ``url``.</doc>
<arguments>
<arg>${SERVICES_URL}</arg>
</arguments>
<msg timestamp="20200303 13:09:14.180" level="INFO">Opening url 'https://sonataservices.com/services'</msg>
<status status="PASS" starttime="20200303 13:09:14.179" endtime="20200303 13:09:14.385"></status>
</kw>
<kw name="Sleep" library="BuiltIn">
<doc>Pauses the test executed for the given time.</doc>
<arguments>
<arg>5</arg>
</arguments>
<msg timestamp="20200303 13:09:19.387" level="INFO">Slept 5 seconds</msg>
<status status="PASS" starttime="20200303 13:09:14.385" endtime="20200303 13:09:19.388"></status>
</kw>
<kw name="Capture Page Screenshot" library="SeleniumLibrary">
<doc>Takes a screenshot of the current page and embeds it into a log file.</doc>
<arguments>
<arg>${SCREENSHOT_PATH}/${ENVIRONMENT}/services_page/screenshot1.png</arg>
</arguments>
<msg timestamp="20200303 13:09:20.175" level="INFO" html="yes">&lt;/td&gt;&lt;/tr&gt;&lt;tr&gt;&lt;td colspan="3"&gt;&lt;a href="screenshot/desktop/services_page/screenshot1.png"&gt;&lt;img src="screenshot/desktop/services_page/screenshot1.png" width="800px"&gt;&lt;/a&gt;</msg>
<status status="PASS" starttime="20200303 13:09:19.389" endtime="20200303 13:09:20.176"></status>
</kw>
<kw name="Log To Console" library="BuiltIn">
<doc>Logs the given message to the console.</doc>
<arguments>
<arg>Go to our services &amp; expertise</arg>
</arguments>
<status status="PASS" starttime="20200303 13:09:20.176" endtime="20200303 13:09:20.176"></status>
</kw>
<kw name="Click Element" library="SeleniumLibrary">
<doc>Click the element identified by ``locator``.</doc>
<arguments>
<arg>${SERVICES_OUR_SERVICES}</arg>
</arguments>
<msg timestamp="20200303 13:09:20.177" level="INFO">Clicking element '//p[contains(text(),'QA &amp; Testing')]'.</msg>
<status status="PASS" starttime="20200303 13:09:20.177" endtime="20200303 13:09:20.265"></status>
</kw>
<kw name="Capture Page Screenshot" library="SeleniumLibrary">
<doc>Takes a screenshot of the current page and embeds it into a log file.</doc>
<arguments>
<arg>${SCREENSHOT_PATH}/${ENVIRONMENT}/services_page/screenshot2.png</arg>
</arguments>
<msg timestamp="20200303 13:09:20.773" level="INFO" html="yes">&lt;/td&gt;&lt;/tr&gt;&lt;tr&gt;&lt;td colspan="3"&gt;&lt;a href="screenshot/desktop/services_page/screenshot2.png"&gt;&lt;img src="screenshot/desktop/services_page/screenshot2.png" width="800px"&gt;&lt;/a&gt;</msg>
<status status="PASS" starttime="20200303 13:09:20.265" endtime="20200303 13:09:20.773"></status>
</kw>
<kw name="Log To Console" library="BuiltIn">
<doc>Logs the given message to the console.</doc>
<arguments>
<arg>Contact us section</arg>
</arguments>
<status status="PASS" starttime="20200303 13:09:20.773" endtime="20200303 13:09:20.774"></status>
</kw>
<kw name="Click Element" library="SeleniumLibrary">
<doc>Click the element identified by ``locator``.</doc>
<arguments>
<arg>${SERVICES_CONTACT_US}</arg>
</arguments>
<msg timestamp="20200303 13:09:20.774" level="INFO">Clicking element '//div[@class='services__bottom-wrapper']'.</msg>
<status status="PASS" starttime="20200303 13:09:20.774" endtime="20200303 13:09:20.844"></status>
</kw>
<kw name="Capture Page Screenshot" library="SeleniumLibrary">
<doc>Takes a screenshot of the current page and embeds it into a log file.</doc>
<arguments>
<arg>${SCREENSHOT_PATH}/${ENVIRONMENT}/services_page/screenshot3.png</arg>
</arguments>
<msg timestamp="20200303 13:09:21.227" level="INFO" html="yes">&lt;/td&gt;&lt;/tr&gt;&lt;tr&gt;&lt;td colspan="3"&gt;&lt;a href="screenshot/desktop/services_page/screenshot3.png"&gt;&lt;img src="screenshot/desktop/services_page/screenshot3.png" width="800px"&gt;&lt;/a&gt;</msg>
<status status="PASS" starttime="20200303 13:09:20.844" endtime="20200303 13:09:21.227"></status>
</kw>
<kw name="Log To Console" library="BuiltIn">
<doc>Logs the given message to the console.</doc>
<arguments>
<arg>End Services Page</arg>
</arguments>
<status status="PASS" starttime="20200303 13:09:21.227" endtime="20200303 13:09:21.228"></status>
</kw>
<status status="PASS" starttime="20200303 13:09:14.178" endtime="20200303 13:09:21.228"></status>
</kw>
<kw name="Open Success Stories Page" library="success_stories">
<arguments>
<arg>${DESKTOP}</arg>
</arguments>
<kw name="Log To Console" library="BuiltIn">
<doc>Logs the given message to the console.</doc>
<arguments>
<arg>Open Success Stories Page</arg>
</arguments>
<status status="PASS" starttime="20200303 13:09:21.228" endtime="20200303 13:09:21.229"></status>
</kw>
<kw name="Go To" library="SeleniumLibrary">
<doc>Navigates the current browser window to the provided ``url``.</doc>
<arguments>
<arg>${SUCCESS_STORIES_URL}</arg>
</arguments>
<msg timestamp="20200303 13:09:21.229" level="INFO">Opening url 'https://sonataservices.com/success-stories'</msg>
<status status="PASS" starttime="20200303 13:09:21.229" endtime="20200303 13:09:21.452"></status>
</kw>
<kw name="Sleep" library="BuiltIn">
<doc>Pauses the test executed for the given time.</doc>
<arguments>
<arg>10</arg>
</arguments>
<msg timestamp="20200303 13:09:31.454" level="INFO">Slept 10 seconds</msg>
<status status="PASS" starttime="20200303 13:09:21.453" endtime="20200303 13:09:31.454"></status>
</kw>
<kw name="Log To Console" library="BuiltIn">
<doc>Logs the given message to the console.</doc>
<arguments>
<arg>Cisco Success Story</arg>
</arguments>
<status status="PASS" starttime="20200303 13:09:31.455" endtime="20200303 13:09:31.456"></status>
</kw>
<kw name="Click Element" library="SeleniumLibrary">
<doc>Click the element identified by ``locator``.</doc>
<arguments>
<arg>${SUCCESS_STORIES_CISCO_BANNER}</arg>
</arguments>
<msg timestamp="20200303 13:09:31.457" level="INFO">Clicking element '//html[1]/body[1]/main[1]/section[1]/section[1]/div[1]/div[2]/ol[1]/li[1]/button[1]'.</msg>
<status status="PASS" starttime="20200303 13:09:31.456" endtime="20200303 13:09:31.549"></status>
</kw>
<kw name="Sleep" library="BuiltIn">
<doc>Pauses the test executed for the given time.</doc>
<arguments>
<arg>5</arg>
</arguments>
<msg timestamp="20200303 13:09:36.551" level="INFO">Slept 5 seconds</msg>
<status status="PASS" starttime="20200303 13:09:31.549" endtime="20200303 13:09:36.551"></status>
</kw>
<kw name="Log To Console" library="BuiltIn">
<doc>Logs the given message to the console.</doc>
<arguments>
<arg>IBM Success Story</arg>
</arguments>
<status status="PASS" starttime="20200303 13:09:36.551" endtime="20200303 13:09:36.552"></status>
</kw>
<kw name="Click Element" library="SeleniumLibrary">
<doc>Click the element identified by ``locator``.</doc>
<arguments>
<arg>${SUCCESS_STORIES_IBM_BANNER}</arg>
</arguments>
<msg timestamp="20200303 13:09:36.552" level="INFO">Clicking element '//html[1]/body[1]/main[1]/section[1]/section[1]/div[1]/div[2]/ol[1]/li[2]/button[1]'.</msg>
<status status="PASS" starttime="20200303 13:09:36.552" endtime="20200303 13:09:36.633"></status>
</kw>
<kw name="Capture Page Screenshot" library="SeleniumLibrary">
<doc>Takes a screenshot of the current page and embeds it into a log file.</doc>
<arguments>
<arg>${SCREENSHOT_PATH}/${ENVIRONMENT}/success_stories/screenshot2.png</arg>
</arguments>
<msg timestamp="20200303 13:09:38.304" level="INFO" html="yes">&lt;/td&gt;&lt;/tr&gt;&lt;tr&gt;&lt;td colspan="3"&gt;&lt;a href="screenshot/desktop/success_stories/screenshot2.png"&gt;&lt;img src="screenshot/desktop/success_stories/screenshot2.png" width="800px"&gt;&lt;/a&gt;</msg>
<status status="PASS" starttime="20200303 13:09:36.634" endtime="20200303 13:09:38.304"></status>
</kw>
<kw name="Sleep" library="BuiltIn">
<doc>Pauses the test executed for the given time.</doc>
<arguments>
<arg>5</arg>
</arguments>
<msg timestamp="20200303 13:09:43.307" level="INFO">Slept 5 seconds</msg>
<status status="PASS" starttime="20200303 13:09:38.304" endtime="20200303 13:09:43.307"></status>
</kw>
<kw name="Log To Console" library="BuiltIn">
<doc>Logs the given message to the console.</doc>
<arguments>
<arg>Fox Success Story</arg>
</arguments>
<status status="PASS" starttime="20200303 13:09:43.308" endtime="20200303 13:09:43.308"></status>
</kw>
<kw name="Click Element" library="SeleniumLibrary">
<doc>Click the element identified by ``locator``.</doc>
<arguments>
<arg>${SUCCESS_STORIES_FOX_BANNER}</arg>
</arguments>
<msg timestamp="20200303 13:09:43.310" level="INFO">Clicking element '//html[1]/body[1]/main[1]/section[1]/section[1]/div[1]/div[2]/ol[1]/li[3]/button[1]'.</msg>
<status status="PASS" starttime="20200303 13:09:43.309" endtime="20200303 13:09:43.414"></status>
</kw>
<kw name="Capture Page Screenshot" library="SeleniumLibrary">
<doc>Takes a screenshot of the current page and embeds it into a log file.</doc>
<arguments>
<arg>${SCREENSHOT_PATH}/${ENVIRONMENT}/success_stories/screenshot3.png</arg>
</arguments>
<msg timestamp="20200303 13:09:44.810" level="INFO" html="yes">&lt;/td&gt;&lt;/tr&gt;&lt;tr&gt;&lt;td colspan="3"&gt;&lt;a href="screenshot/desktop/success_stories/screenshot3.png"&gt;&lt;img src="screenshot/desktop/success_stories/screenshot3.png" width="800px"&gt;&lt;/a&gt;</msg>
<status status="PASS" starttime="20200303 13:09:43.415" endtime="20200303 13:09:44.810"></status>
</kw>
<kw name="Sleep" library="BuiltIn">
<doc>Pauses the test executed for the given time.</doc>
<arguments>
<arg>5</arg>
</arguments>
<msg timestamp="20200303 13:09:49.811" level="INFO">Slept 5 seconds</msg>
<status status="PASS" starttime="20200303 13:09:44.810" endtime="20200303 13:09:49.811"></status>
</kw>
<kw name="Log To Console" library="BuiltIn">
<doc>Logs the given message to the console.</doc>
<arguments>
<arg>Mobi Tv Success Story</arg>
</arguments>
<status status="PASS" starttime="20200303 13:09:49.811" endtime="20200303 13:09:49.811"></status>
</kw>
<kw name="Click Element" library="SeleniumLibrary">
<doc>Click the element identified by ``locator``.</doc>
<arguments>
<arg>${SUCCESS_STORIES_MOBITV_BANNER}</arg>
</arguments>
<msg timestamp="20200303 13:09:49.812" level="INFO">Clicking element '//html[1]/body[1]/main[1]/section[1]/section[1]/div[1]/div[2]/ol[1]/li[4]/button[1]'.</msg>
<status status="PASS" starttime="20200303 13:09:49.812" endtime="20200303 13:09:49.893"></status>
</kw>
<kw name="Capture Page Screenshot" library="SeleniumLibrary">
<doc>Takes a screenshot of the current page and embeds it into a log file.</doc>
<arguments>
<arg>${SCREENSHOT_PATH}/${ENVIRONMENT}/success_stories/screenshot4.png</arg>
</arguments>
<msg timestamp="20200303 13:09:51.543" level="INFO" html="yes">&lt;/td&gt;&lt;/tr&gt;&lt;tr&gt;&lt;td colspan="3"&gt;&lt;a href="screenshot/desktop/success_stories/screenshot4.png"&gt;&lt;img src="screenshot/desktop/success_stories/screenshot4.png" width="800px"&gt;&lt;/a&gt;</msg>
<status status="PASS" starttime="20200303 13:09:49.894" endtime="20200303 13:09:51.543"></status>
</kw>
<kw name="Sleep" library="BuiltIn">
<doc>Pauses the test executed for the given time.</doc>
<arguments>
<arg>5</arg>
</arguments>
<msg timestamp="20200303 13:09:56.545" level="INFO">Slept 5 seconds</msg>
<status status="PASS" starttime="20200303 13:09:51.543" endtime="20200303 13:09:56.545"></status>
</kw>
<kw name="Log To Console" library="BuiltIn">
<doc>Logs the given message to the console.</doc>
<arguments>
<arg>Taylor Made Success Story</arg>
</arguments>
<status status="PASS" starttime="20200303 13:09:56.546" endtime="20200303 13:09:56.547"></status>
</kw>
<kw name="Click Element" library="SeleniumLibrary">
<doc>Click the element identified by ``locator``.</doc>
<arguments>
<arg>${SUCCESS_STORIES_TAYLORMADE_BANNER}</arg>
</arguments>
<msg timestamp="20200303 13:09:56.550" level="INFO">Clicking element '//html[1]/body[1]/main[1]/section[1]/section[1]/div[1]/div[2]/ol[1]/li[5]/button[1]'.</msg>
<status status="PASS" starttime="20200303 13:09:56.549" endtime="20200303 13:09:56.644"></status>
</kw>
<kw name="Capture Page Screenshot" library="SeleniumLibrary">
<doc>Takes a screenshot of the current page and embeds it into a log file.</doc>
<arguments>
<arg>${SCREENSHOT_PATH}/${ENVIRONMENT}/success_stories/screenshot5.png</arg>
</arguments>
<msg timestamp="20200303 13:09:57.918" level="INFO" html="yes">&lt;/td&gt;&lt;/tr&gt;&lt;tr&gt;&lt;td colspan="3"&gt;&lt;a href="screenshot/desktop/success_stories/screenshot5.png"&gt;&lt;img src="screenshot/desktop/success_stories/screenshot5.png" width="800px"&gt;&lt;/a&gt;</msg>
<status status="PASS" starttime="20200303 13:09:56.645" endtime="20200303 13:09:57.918"></status>
</kw>
<kw name="Sleep" library="BuiltIn">
<doc>Pauses the test executed for the given time.</doc>
<arguments>
<arg>5</arg>
</arguments>
<msg timestamp="20200303 13:10:02.920" level="INFO">Slept 5 seconds</msg>
<status status="PASS" starttime="20200303 13:09:57.918" endtime="20200303 13:10:02.920"></status>
</kw>
<kw name="Log To Console" library="BuiltIn">
<doc>Logs the given message to the console.</doc>
<arguments>
<arg>End Success Stories Page</arg>
</arguments>
<status status="PASS" starttime="20200303 13:10:02.920" endtime="20200303 13:10:02.921"></status>
</kw>
<status status="PASS" starttime="20200303 13:09:21.228" endtime="20200303 13:10:02.921"></status>
</kw>
<kw name="Go To Job Positions" library="careers">
<arguments>
<arg>${DESKTOP}</arg>
</arguments>
<kw name="Log To Console" library="BuiltIn">
<doc>Logs the given message to the console.</doc>
<arguments>
<arg>Open Careers Page</arg>
</arguments>
<status status="PASS" starttime="20200303 13:10:02.922" endtime="20200303 13:10:02.923"></status>
</kw>
<kw name="Go To" library="SeleniumLibrary">
<doc>Navigates the current browser window to the provided ``url``.</doc>
<arguments>
<arg>${CAREERS_URL}</arg>
</arguments>
<msg timestamp="20200303 13:10:02.924" level="INFO">Opening url 'https://sonataservices.com/careers'</msg>
<status status="PASS" starttime="20200303 13:10:02.923" endtime="20200303 13:10:03.275"></status>
</kw>
<kw name="Sleep" library="BuiltIn">
<doc>Pauses the test executed for the given time.</doc>
<arguments>
<arg>5</arg>
</arguments>
<msg timestamp="20200303 13:10:08.277" level="INFO">Slept 5 seconds</msg>
<status status="PASS" starttime="20200303 13:10:03.275" endtime="20200303 13:10:08.277"></status>
</kw>
<kw name="Capture Page Screenshot" library="SeleniumLibrary">
<doc>Takes a screenshot of the current page and embeds it into a log file.</doc>
<arguments>
<arg>${SCREENSHOT_PATH}/${ENVIRONMENT}/careers/screenshot1.png</arg>
</arguments>
<msg timestamp="20200303 13:10:09.085" level="INFO" html="yes">&lt;/td&gt;&lt;/tr&gt;&lt;tr&gt;&lt;td colspan="3"&gt;&lt;a href="screenshot/desktop/careers/screenshot1.png"&gt;&lt;img src="screenshot/desktop/careers/screenshot1.png" width="800px"&gt;&lt;/a&gt;</msg>
<status status="PASS" starttime="20200303 13:10:08.278" endtime="20200303 13:10:09.086"></status>
</kw>
<kw name="Click Element" library="SeleniumLibrary">
<doc>Click the element identified by ``locator``.</doc>
<arguments>
<arg>${CAREERS_SEND_US_RESUME}</arg>
</arguments>
<msg timestamp="20200303 13:10:09.087" level="INFO">Clicking element '//a[@class='btn btn-primary']'.</msg>
<status status="PASS" starttime="20200303 13:10:09.086" endtime="20200303 13:10:09.205"></status>
</kw>
<kw name="Sleep" library="BuiltIn">
<doc>Pauses the test executed for the given time.</doc>
<arguments>
<arg>5</arg>
</arguments>
<msg timestamp="20200303 13:10:14.208" level="INFO">Slept 5 seconds</msg>
<status status="PASS" starttime="20200303 13:10:09.205" endtime="20200303 13:10:14.208"></status>
</kw>
<kw name="Log To Console" library="BuiltIn">
<doc>Logs the given message to the console.</doc>
<arguments>
<arg>Go to Overview Positions Available</arg>
</arguments>
<status status="PASS" starttime="20200303 13:10:14.208" endtime="20200303 13:10:14.208"></status>
</kw>
<kw name="Capture Page Screenshot" library="SeleniumLibrary">
<doc>Takes a screenshot of the current page and embeds it into a log file.</doc>
<arguments>
<arg>${SCREENSHOT_PATH}/${ENVIRONMENT}/careers/screenshot2.png</arg>
</arguments>
<msg timestamp="20200303 13:10:14.580" level="INFO" html="yes">&lt;/td&gt;&lt;/tr&gt;&lt;tr&gt;&lt;td colspan="3"&gt;&lt;a href="screenshot/desktop/careers/screenshot2.png"&gt;&lt;img src="screenshot/desktop/careers/screenshot2.png" width="800px"&gt;&lt;/a&gt;</msg>
<status status="PASS" starttime="20200303 13:10:14.209" endtime="20200303 13:10:14.581"></status>
</kw>
<kw name="Sleep" library="BuiltIn">
<doc>Pauses the test executed for the given time.</doc>
<arguments>
<arg>5</arg>
</arguments>
<msg timestamp="20200303 13:10:19.582" level="INFO">Slept 5 seconds</msg>
<status status="PASS" starttime="20200303 13:10:14.581" endtime="20200303 13:10:19.582"></status>
</kw>
<kw name="Click Element" library="SeleniumLibrary">
<doc>Click the element identified by ``locator``.</doc>
<arguments>
<arg>${CAREERS_FIRST_JOB_POSITION}</arg>
</arguments>
<msg timestamp="20200303 13:10:19.583" level="INFO">Clicking element '//html[1]/body[1]/main[1]/section[1]/div[5]/div[2]/div[1]/div[1]/div[2]/p[3]'.</msg>
<status status="PASS" starttime="20200303 13:10:19.582" endtime="20200303 13:10:19.772"></status>
</kw>
<kw name="Wait Until Element Is Visible" library="SeleniumLibrary">
<doc>Waits until the element ``locator`` is visible.</doc>
<arguments>
<arg>${CAREERS_JOB_POSITION_PANEL}</arg>
</arguments>
<status status="PASS" starttime="20200303 13:10:19.773" endtime="20200303 13:10:20.129"></status>
</kw>
<kw name="Capture Page Screenshot" library="SeleniumLibrary">
<doc>Takes a screenshot of the current page and embeds it into a log file.</doc>
<arguments>
<arg>${SCREENSHOT_PATH}/${ENVIRONMENT}/careers/screenshot3.png</arg>
</arguments>
<msg timestamp="20200303 13:10:20.577" level="INFO" html="yes">&lt;/td&gt;&lt;/tr&gt;&lt;tr&gt;&lt;td colspan="3"&gt;&lt;a href="screenshot/desktop/careers/screenshot3.png"&gt;&lt;img src="screenshot/desktop/careers/screenshot3.png" width="800px"&gt;&lt;/a&gt;</msg>
<status status="PASS" starttime="20200303 13:10:20.130" endtime="20200303 13:10:20.578"></status>
</kw>
<status status="PASS" starttime="20200303 13:10:02.921" endtime="20200303 13:10:20.578"></status>
</kw>
<kw name="Share to Social Network" library="careers">
<arguments>
<arg>${DESKTOP}</arg>
</arguments>
<kw name="Log To Console" library="BuiltIn">
<doc>Logs the given message to the console.</doc>
<arguments>
<arg>Share to Social Network</arg>
</arguments>
<status status="PASS" starttime="20200303 13:10:20.578" endtime="20200303 13:10:20.579"></status>
</kw>
<kw name="Wait Until Element Is Visible" library="SeleniumLibrary">
<doc>Waits until the element ``locator`` is visible.</doc>
<arguments>
<arg>${CAREERS_SHARE}</arg>
</arguments>
<status status="PASS" starttime="20200303 13:10:20.579" endtime="20200303 13:10:20.605"></status>
</kw>
<kw name="Click Element" library="SeleniumLibrary">
<doc>Click the element identified by ``locator``.</doc>
<arguments>
<arg>${CAREERS_SHARE}</arg>
</arguments>
<msg timestamp="20200303 13:10:20.606" level="INFO">Clicking element '//*[@id='app']/section/div[5]/div[3]/aside/div[2]/div[1]/div/div/div[2]/div/div/img'.</msg>
<status status="PASS" starttime="20200303 13:10:20.606" endtime="20200303 13:10:20.676"></status>
</kw>
<kw name="Wait Until Element Is Visible" library="SeleniumLibrary">
<doc>Waits until the element ``locator`` is visible.</doc>
<arguments>
<arg>${CAREERS_TWITTER}</arg>
</arguments>
<status status="PASS" starttime="20200303 13:10:20.676" endtime="20200303 13:10:20.935"></status>
</kw>
<kw name="Click Element" library="SeleniumLibrary">
<doc>Click the element identified by ``locator``.</doc>
<arguments>
<arg>${CAREERS_TWITTER}</arg>
</arguments>
<msg timestamp="20200303 13:10:20.936" level="INFO">Clicking element '//*[@data-link='#share-twitter']'.</msg>
<status status="PASS" starttime="20200303 13:10:20.935" endtime="20200303 13:10:21.148"></status>
</kw>
<kw name="Capture Page Screenshot" library="SeleniumLibrary">
<doc>Takes a screenshot of the current page and embeds it into a log file.</doc>
<arguments>
<arg>${SCREENSHOT_PATH}/${ENVIRONMENT}/careers/screenshot4.png</arg>
</arguments>
<msg timestamp="20200303 13:10:21.573" level="INFO" html="yes">&lt;/td&gt;&lt;/tr&gt;&lt;tr&gt;&lt;td colspan="3"&gt;&lt;a href="screenshot/desktop/careers/screenshot4.png"&gt;&lt;img src="screenshot/desktop/careers/screenshot4.png" width="800px"&gt;&lt;/a&gt;</msg>
<status status="PASS" starttime="20200303 13:10:21.148" endtime="20200303 13:10:21.574"></status>
</kw>
<kw name="Log To Console" library="BuiltIn">
<doc>Logs the given message to the console.</doc>
<arguments>
<arg>Open Twitter Login Dialog</arg>
</arguments>
<status status="PASS" starttime="20200303 13:10:21.574" endtime="20200303 13:10:21.575"></status>
</kw>
<kw name="Sleep" library="BuiltIn">
<doc>Pauses the test executed for the given time.</doc>
<arguments>
<arg>5</arg>
</arguments>
<msg timestamp="20200303 13:10:26.578" level="INFO">Slept 5 seconds</msg>
<status status="PASS" starttime="20200303 13:10:21.575" endtime="20200303 13:10:26.578"></status>
</kw>
<kw name="Select Window" library="SeleniumLibrary">
<doc>DEPRECATED in SeleniumLibrary 4.0. , use `Switch Window` instead.</doc>
<arguments>
<arg>title=Share a link on Twitter</arg>
</arguments>
<status status="PASS" starttime="20200303 13:10:26.578" endtime="20200303 13:10:27.663"></status>
</kw>
<kw name="Capture Page Screenshot" library="SeleniumLibrary">
<doc>Takes a screenshot of the current page and embeds it into a log file.</doc>
<arguments>
<arg>${SCREENSHOT_PATH}/${ENVIRONMENT}/careers/screenshot5.png</arg>
</arguments>
<msg timestamp="20200303 13:10:27.920" level="INFO" html="yes">&lt;/td&gt;&lt;/tr&gt;&lt;tr&gt;&lt;td colspan="3"&gt;&lt;a href="screenshot/desktop/careers/screenshot5.png"&gt;&lt;img src="screenshot/desktop/careers/screenshot5.png" width="800px"&gt;&lt;/a&gt;</msg>
<status status="PASS" starttime="20200303 13:10:27.663" endtime="20200303 13:10:27.920"></status>
</kw>
<status status="PASS" starttime="20200303 13:10:20.578" endtime="20200303 13:10:27.921"></status>
</kw>
<kw name="Login Twitter" library="careers">
<doc>Log to Twitter</doc>
<arguments>
<arg>${DESKTOP}</arg>
<arg>${TWITTER_USERNAME}</arg>
<arg>${TWITTER_PASSWORD}</arg>
</arguments>
<kw name="Log To Console" library="BuiltIn">
<doc>Logs the given message to the console.</doc>
<arguments>
<arg>Type User and Password</arg>
</arguments>
<status status="PASS" starttime="20200303 13:10:27.922" endtime="20200303 13:10:27.922"></status>
</kw>
<kw name="Input Text" library="SeleniumLibrary">
<doc>Types the given ``text`` into the text field identified by ``locator``.</doc>
<arguments>
<arg>${TWITTER_USERNAME_INPUT}</arg>
<arg>${TWITTER_USERNAME}</arg>
</arguments>
<msg timestamp="20200303 13:10:27.922" level="INFO">Typing text 'dany_itt@hotmail.com' into text field '//*[@id='username_or_email']'.</msg>
<status status="PASS" starttime="20200303 13:10:27.922" endtime="20200303 13:10:28.152"></status>
</kw>
<kw name="Input Text" library="SeleniumLibrary">
<doc>Types the given ``text`` into the text field identified by ``locator``.</doc>
<arguments>
<arg>${TWITTER_PASSWORD_INPUT}</arg>
<arg>${TWITTER_PASSWORD}</arg>
</arguments>
<msg timestamp="20200303 13:10:28.152" level="INFO">Typing text 'M1P@$$w0rd' into text field '//*[@id='password']'.</msg>
<status status="PASS" starttime="20200303 13:10:28.152" endtime="20200303 13:10:28.307"></status>
</kw>
<kw name="Capture Page Screenshot" library="SeleniumLibrary">
<doc>Takes a screenshot of the current page and embeds it into a log file.</doc>
<arguments>
<arg>${SCREENSHOT_PATH}/${ENVIRONMENT}/careers/screenshot6.png</arg>
</arguments>
<msg timestamp="20200303 13:10:28.568" level="INFO" html="yes">&lt;/td&gt;&lt;/tr&gt;&lt;tr&gt;&lt;td colspan="3"&gt;&lt;a href="screenshot/desktop/careers/screenshot6.png"&gt;&lt;img src="screenshot/desktop/careers/screenshot6.png" width="800px"&gt;&lt;/a&gt;</msg>
<status status="PASS" starttime="20200303 13:10:28.307" endtime="20200303 13:10:28.568"></status>
</kw>
<status status="PASS" starttime="20200303 13:10:27.921" endtime="20200303 13:10:28.569"></status>
</kw>
<kw name="Submit Tweet" library="careers">
<doc>Login and Post Tweet message</doc>
<arguments>
<arg>${DESKTOP}</arg>
</arguments>
<kw name="Log To Console" library="BuiltIn">
<doc>Logs the given message to the console.</doc>
<arguments>
<arg>Login to Twitter and Post Tweet</arg>
</arguments>
<status status="PASS" starttime="20200303 13:10:28.570" endtime="20200303 13:10:28.571"></status>
</kw>
<kw name="Click Element" library="SeleniumLibrary">
<doc>Click the element identified by ``locator``.</doc>
<arguments>
<arg>${TWITTER_LOGIN_BUTTON}</arg>
</arguments>
<msg timestamp="20200303 13:10:28.572" level="INFO">Clicking element '//*[@id='update-form']/div[3]/fieldset[2]/input'.</msg>
<status status="PASS" starttime="20200303 13:10:28.571" endtime="20200303 13:10:29.421"></status>
</kw>
<kw name="Sleep" library="BuiltIn">
<doc>Pauses the test executed for the given time.</doc>
<arguments>
<arg>5</arg>
</arguments>
<msg timestamp="20200303 13:10:34.423" level="INFO">Slept 5 seconds</msg>
<status status="PASS" starttime="20200303 13:10:29.422" endtime="20200303 13:10:34.423"></status>
</kw>
<kw name="Capture Page Screenshot" library="SeleniumLibrary">
<doc>Takes a screenshot of the current page and embeds it into a log file.</doc>
<arguments>
<arg>${SCREENSHOT_PATH}/${ENVIRONMENT}/careers/screenshot7.png</arg>
</arguments>
<msg timestamp="20200303 13:10:34.645" level="INFO" html="yes">&lt;/td&gt;&lt;/tr&gt;&lt;tr&gt;&lt;td colspan="3"&gt;&lt;a href="screenshot/desktop/careers/screenshot7.png"&gt;&lt;img src="screenshot/desktop/careers/screenshot7.png" width="800px"&gt;&lt;/a&gt;</msg>
<status status="PASS" starttime="20200303 13:10:34.423" endtime="20200303 13:10:34.645"></status>
</kw>
<kw name="Click Element" library="SeleniumLibrary">
<doc>Click the element identified by ``locator``.</doc>
<arguments>
<arg>${TWITTER_SUBMIT}</arg>
</arguments>
<msg timestamp="20200303 13:10:34.646" level="INFO">Clicking element '//*[@id='update-form']/div[3]/fieldset/input'.</msg>
<status status="PASS" starttime="20200303 13:10:34.645" endtime="20200303 13:10:35.279"></status>
</kw>
<kw name="Sleep" library="BuiltIn">
<doc>Pauses the test executed for the given time.</doc>
<arguments>
<arg>5</arg>
</arguments>
<msg timestamp="20200303 13:10:40.281" level="INFO">Slept 5 seconds</msg>
<status status="PASS" starttime="20200303 13:10:35.280" endtime="20200303 13:10:40.281"></status>
</kw>
<kw name="Get Window Titles" library="SeleniumLibrary">
<doc>Returns and logs titles of all windows of the selected browser.</doc>
<assign>
<var>${WindowTitles}</var>
</assign>
<msg timestamp="20200303 13:10:41.335" level="INFO">Altogether 1 item.
1: Happy Employees Great Work | Sonata Services</msg>
<msg timestamp="20200303 13:10:41.335" level="INFO">${WindowTitles} = ['Happy Employees Great Work | Sonata Services']</msg>
<status status="PASS" starttime="20200303 13:10:40.282" endtime="20200303 13:10:41.336"></status>
</kw>
<kw name="Get From List" library="Collections">
<doc>Returns the value specified with an ``index`` from ``list``.</doc>
<arguments>
<arg>${WindowTitles}</arg>
<arg>-1</arg>
</arguments>
<assign>
<var>${WindowToOpen}</var>
</assign>
<msg timestamp="20200303 13:10:41.337" level="INFO">${WindowToOpen} = Happy Employees Great Work | Sonata Services</msg>
<status status="PASS" starttime="20200303 13:10:41.336" endtime="20200303 13:10:41.337"></status>
</kw>
<kw name="Switch Browser" library="SeleniumLibrary">
<doc>Switches between active browsers using ``index_or_alias``.</doc>
<arguments>
<arg>1</arg>
</arguments>
<status status="PASS" starttime="20200303 13:10:41.337" endtime="20200303 13:10:41.338"></status>
</kw>
<kw name="Click Element" library="SeleniumLibrary">
<doc>Click the element identified by ``locator``.</doc>
<arguments>
<arg>${CAREERS_CLOSE}</arg>
</arguments>
<msg timestamp="20200303 13:10:41.339" level="INFO">Clicking element '//*[@id='app']/section/div[5]/div[3]/aside/div[2]/div[1]/div/div/div[2]/span'.</msg>
<status status="PASS" starttime="20200303 13:10:41.338" endtime="20200303 13:10:41.446"></status>
</kw>
<kw name="Log To Console" library="BuiltIn">
<doc>Logs the given message to the console.</doc>
<arguments>
<arg>Link has been shared to Twitter</arg>
</arguments>
<status status="PASS" starttime="20200303 13:10:41.447" endtime="20200303 13:10:41.447"></status>
</kw>
<kw name="Log To Console" library="BuiltIn">
<doc>Logs the given message to the console.</doc>
<arguments>
<arg>End Careers Page</arg>
</arguments>
<status status="PASS" starttime="20200303 13:10:41.447" endtime="20200303 13:10:41.447"></status>
</kw>
<status status="PASS" starttime="20200303 13:10:28.569" endtime="20200303 13:10:41.447"></status>
</kw>
<kw name="Open About Us Page" library="about_us">
<doc>About Us Page</doc>
<arguments>
<arg>${DESKTOP}</arg>
</arguments>
<kw name="Log To Console" library="BuiltIn">
<doc>Logs the given message to the console.</doc>
<arguments>
<arg>Start About Us Page</arg>
</arguments>
<status status="PASS" starttime="20200303 13:10:41.448" endtime="20200303 13:10:41.449"></status>
</kw>
<kw name="Go To" library="SeleniumLibrary">
<doc>Navigates the current browser window to the provided ``url``.</doc>
<arguments>
<arg>${ABOUT_US_URL}</arg>
</arguments>
<msg timestamp="20200303 13:10:41.449" level="INFO">Opening url 'https://sonataservices.com/about-us'</msg>
<status status="PASS" starttime="20200303 13:10:41.449" endtime="20200303 13:10:41.734"></status>
</kw>
<kw name="Sleep" library="BuiltIn">
<doc>Pauses the test executed for the given time.</doc>
<arguments>
<arg>3</arg>
</arguments>
<msg timestamp="20200303 13:10:44.737" level="INFO">Slept 3 seconds</msg>
<status status="PASS" starttime="20200303 13:10:41.734" endtime="20200303 13:10:44.737"></status>
</kw>
<kw name="Capture Page Screenshot" library="SeleniumLibrary">
<doc>Takes a screenshot of the current page and embeds it into a log file.</doc>
<arguments>
<arg>${SCREENSHOT_PATH}/${ENVIRONMENT}/about_us/screenshot1.png</arg>
</arguments>
<msg timestamp="20200303 13:10:45.349" level="INFO" html="yes">&lt;/td&gt;&lt;/tr&gt;&lt;tr&gt;&lt;td colspan="3"&gt;&lt;a href="screenshot/desktop/about_us/screenshot1.png"&gt;&lt;img src="screenshot/desktop/about_us/screenshot1.png" width="800px"&gt;&lt;/a&gt;</msg>
<status status="PASS" starttime="20200303 13:10:44.738" endtime="20200303 13:10:45.349"></status>
</kw>
<kw name="Click Element" library="SeleniumLibrary">
<doc>Click the element identified by ``locator``.</doc>
<arguments>
<arg>${ABOUT_US_WANNA_GO_BIG}</arg>
</arguments>
<msg timestamp="20200303 13:10:45.349" level="INFO">Clicking element '//*[@id='app']/section/div[2]/div[1]/div[2]'.</msg>
<status status="PASS" starttime="20200303 13:10:45.349" endtime="20200303 13:10:45.432"></status>
</kw>
<kw name="Capture Page Screenshot" library="SeleniumLibrary">
<doc>Takes a screenshot of the current page and embeds it into a log file.</doc>
<arguments>
<arg>${SCREENSHOT_PATH}/${ENVIRONMENT}/about_us/screenshot2.png</arg>
</arguments>
<msg timestamp="20200303 13:10:46.115" level="INFO" html="yes">&lt;/td&gt;&lt;/tr&gt;&lt;tr&gt;&lt;td colspan="3"&gt;&lt;a href="screenshot/desktop/about_us/screenshot2.png"&gt;&lt;img src="screenshot/desktop/about_us/screenshot2.png" width="800px"&gt;&lt;/a&gt;</msg>
<status status="PASS" starttime="20200303 13:10:45.433" endtime="20200303 13:10:46.115"></status>
</kw>
<kw name="Click Element" library="SeleniumLibrary">
<doc>Click the element identified by ``locator``.</doc>
<arguments>
<arg>${ABOUT_US_SECURE_FACILITIES}</arg>
</arguments>
<msg timestamp="20200303 13:10:46.116" level="INFO">Clicking element '//*[@id='app']/section/div[2]/div[2]/div[2]'.</msg>
<status status="PASS" starttime="20200303 13:10:46.115" endtime="20200303 13:10:46.214"></status>
</kw>
<kw name="Capture Page Screenshot" library="SeleniumLibrary">
<doc>Takes a screenshot of the current page and embeds it into a log file.</doc>
<arguments>
<arg>${SCREENSHOT_PATH}/${ENVIRONMENT}/about_us/screenshot3.png</arg>
</arguments>
<msg timestamp="20200303 13:10:46.702" level="INFO" html="yes">&lt;/td&gt;&lt;/tr&gt;&lt;tr&gt;&lt;td colspan="3"&gt;&lt;a href="screenshot/desktop/about_us/screenshot3.png"&gt;&lt;img src="screenshot/desktop/about_us/screenshot3.png" width="800px"&gt;&lt;/a&gt;</msg>
<status status="PASS" starttime="20200303 13:10:46.214" endtime="20200303 13:10:46.702"></status>
</kw>
<kw name="Click Element" library="SeleniumLibrary">
<doc>Click the element identified by ``locator``.</doc>
<arguments>
<arg>${ABOUT_US_SEAMLESS_SUPPORT}</arg>
</arguments>
<msg timestamp="20200303 13:10:46.703" level="INFO">Clicking element '//*[@id='app']/section/div[2]/div[3]/div[2]'.</msg>
<status status="PASS" starttime="20200303 13:10:46.703" endtime="20200303 13:10:46.777"></status>
</kw>
<kw name="Capture Page Screenshot" library="SeleniumLibrary">
<doc>Takes a screenshot of the current page and embeds it into a log file.</doc>
<arguments>
<arg>${SCREENSHOT_PATH}/${ENVIRONMENT}/about_us/screenshot4.png</arg>
</arguments>
<msg timestamp="20200303 13:10:47.308" level="INFO" html="yes">&lt;/td&gt;&lt;/tr&gt;&lt;tr&gt;&lt;td colspan="3"&gt;&lt;a href="screenshot/desktop/about_us/screenshot4.png"&gt;&lt;img src="screenshot/desktop/about_us/screenshot4.png" width="800px"&gt;&lt;/a&gt;</msg>
<status status="PASS" starttime="20200303 13:10:46.777" endtime="20200303 13:10:47.309"></status>
</kw>
<kw name="Click Element" library="SeleniumLibrary">
<doc>Click the element identified by ``locator``.</doc>
<arguments>
<arg>${ABOUT_US_FOOTER}</arg>
</arguments>
<msg timestamp="20200303 13:10:47.310" level="INFO">Clicking element '//*[@id='app']/footer/div[2]'.</msg>
<status status="PASS" starttime="20200303 13:10:47.309" endtime="20200303 13:10:47.373"></status>
</kw>
<kw name="Capture Page Screenshot" library="SeleniumLibrary">
<doc>Takes a screenshot of the current page and embeds it into a log file.</doc>
<arguments>
<arg>${SCREENSHOT_PATH}/${ENVIRONMENT}/about_us/screenshot5.png</arg>
</arguments>
<msg timestamp="20200303 13:10:47.796" level="INFO" html="yes">&lt;/td&gt;&lt;/tr&gt;&lt;tr&gt;&lt;td colspan="3"&gt;&lt;a href="screenshot/desktop/about_us/screenshot5.png"&gt;&lt;img src="screenshot/desktop/about_us/screenshot5.png" width="800px"&gt;&lt;/a&gt;</msg>
<status status="PASS" starttime="20200303 13:10:47.373" endtime="20200303 13:10:47.796"></status>
</kw>
<kw name="Log To Console" library="BuiltIn">
<doc>Logs the given message to the console.</doc>
<arguments>
<arg>End About Us Page</arg>
</arguments>
<status status="PASS" starttime="20200303 13:10:47.797" endtime="20200303 13:10:47.797"></status>
</kw>
<status status="PASS" starttime="20200303 13:10:41.448" endtime="20200303 13:10:47.797"></status>
</kw>
<kw name="Open Blog Page" library="blog">
<doc>Blog Page</doc>
<arguments>
<arg>${DESKTOP}</arg>
</arguments>
<kw name="Log To Console" library="BuiltIn">
<doc>Logs the given message to the console.</doc>
<arguments>
<arg>Open Blog Page</arg>
</arguments>
<status status="PASS" starttime="20200303 13:10:47.798" endtime="20200303 13:10:47.798"></status>
</kw>
<kw name="Go To" library="SeleniumLibrary">
<doc>Navigates the current browser window to the provided ``url``.</doc>
<arguments>
<arg>${BLOG_URL}</arg>
</arguments>
<msg timestamp="20200303 13:10:47.799" level="INFO">Opening url 'https://sonataservices.com/blog'</msg>
<status status="PASS" starttime="20200303 13:10:47.798" endtime="20200303 13:10:48.092"></status>
</kw>
<kw name="Sleep" library="BuiltIn">
<doc>Pauses the test executed for the given time.</doc>
<arguments>
<arg>5</arg>
</arguments>
<msg timestamp="20200303 13:10:53.094" level="INFO">Slept 5 seconds</msg>
<status status="PASS" starttime="20200303 13:10:48.092" endtime="20200303 13:10:53.094"></status>
</kw>
<kw name="Capture Page Screenshot" library="SeleniumLibrary">
<doc>Takes a screenshot of the current page and embeds it into a log file.</doc>
<arguments>
<arg>${SCREENSHOT_PATH}/${ENVIRONMENT}/blog/screenshot1.png</arg>
</arguments>
<msg timestamp="20200303 13:10:54.050" level="INFO" html="yes">&lt;/td&gt;&lt;/tr&gt;&lt;tr&gt;&lt;td colspan="3"&gt;&lt;a href="screenshot/desktop/blog/screenshot1.png"&gt;&lt;img src="screenshot/desktop/blog/screenshot1.png" width="800px"&gt;&lt;/a&gt;</msg>
<status status="PASS" starttime="20200303 13:10:53.094" endtime="20200303 13:10:54.050"></status>
</kw>
<status status="PASS" starttime="20200303 13:10:47.797" endtime="20200303 13:10:54.051"></status>
</kw>
<kw name="Access to a Post" library="blog">
<arguments>
<arg>${DESKTOP}</arg>
</arguments>
<kw name="Log To Console" library="BuiltIn">
<doc>Logs the given message to the console.</doc>
<arguments>
<arg>Access to a Post</arg>
</arguments>
<status status="PASS" starttime="20200303 13:10:54.051" endtime="20200303 13:10:54.051"></status>
</kw>
<kw name="Select Window" library="SeleniumLibrary">
<doc>DEPRECATED in SeleniumLibrary 4.0. , use `Switch Window` instead.</doc>
<arguments>
<arg>Staff Augmentation QA Testing UI UX Design | Sonata Services</arg>
</arguments>
<status status="PASS" starttime="20200303 13:10:54.052" endtime="20200303 13:10:54.075"></status>
</kw>
<kw name="Click Element" library="SeleniumLibrary">
<doc>Click the element identified by ``locator``.</doc>
<arguments>
<arg>${BLOG_POST}</arg>
</arguments>
<msg timestamp="20200303 13:10:54.076" level="INFO">Clicking element '//*[@id='app']/section/div/div[2]/div'.</msg>
<status status="PASS" starttime="20200303 13:10:54.076" endtime="20200303 13:10:54.159"></status>
</kw>
<kw name="Sleep" library="BuiltIn">
<doc>Pauses the test executed for the given time.</doc>
<arguments>
<arg>5</arg>
</arguments>
<msg timestamp="20200303 13:10:59.159" level="INFO">Slept 5 seconds</msg>
<status status="PASS" starttime="20200303 13:10:54.159" endtime="20200303 13:10:59.160"></status>
</kw>
<kw name="Capture Page Screenshot" library="SeleniumLibrary">
<doc>Takes a screenshot of the current page and embeds it into a log file.</doc>
<arguments>
<arg>${SCREENSHOT_PATH}/${ENVIRONMENT}/blog/screenshot6.png</arg>
</arguments>
<msg timestamp="20200303 13:11:00.175" level="INFO" html="yes">&lt;/td&gt;&lt;/tr&gt;&lt;tr&gt;&lt;td colspan="3"&gt;&lt;a href="screenshot/desktop/blog/screenshot6.png"&gt;&lt;img src="screenshot/desktop/blog/screenshot6.png" width="800px"&gt;&lt;/a&gt;</msg>
<status status="PASS" starttime="20200303 13:10:59.160" endtime="20200303 13:11:00.175"></status>
</kw>
<status status="PASS" starttime="20200303 13:10:54.051" endtime="20200303 13:11:00.176"></status>
</kw>
<kw name="Submit Contacts from CSV file" library="contact">
<arguments>
<arg>${DESKTOP}</arg>
<arg>${NAME}</arg>
<arg>${EMAIL_ADDRESS}</arg>
<arg>${PHONE_NUMBER}</arg>
<arg>${COMPANY}</arg>
<arg>${MESSAGE}</arg>
</arguments>
<kw name="Log To Console" library="BuiltIn">
<doc>Logs the given message to the console.</doc>
<arguments>
<arg>Starting test using: ${NAME}</arg>
</arguments>
<status status="PASS" starttime="20200303 13:11:00.178" endtime="20200303 13:11:00.178"></status>
</kw>
<kw name="Open Contact Window" library="contact">
<arguments>
<arg>${ENVIRONMENT}</arg>
</arguments>
<kw name="Log To Console" library="BuiltIn">
<doc>Logs the given message to the console.</doc>
<arguments>
<arg>Open Contact Form</arg>
</arguments>
<status status="PASS" starttime="20200303 13:11:00.179" endtime="20200303 13:11:00.179"></status>
</kw>
<kw name="Run Keyword And Return Status" library="BuiltIn">
<doc>Runs the given keyword with given arguments and returns the status as a Boolean value.</doc>
<arguments>
<arg>Element Should Be Visible</arg>
<arg>${CONTACT_HAMBURGER_MENU}</arg>
</arguments>
<assign>
<var>${IS_MOBILE}</var>
</assign>
<kw name="Element Should Be Visible" library="SeleniumLibrary">
<doc>Verifies that the element identified by ``locator`` is visible.</doc>
<arguments>
<arg>${CONTACT_HAMBURGER_MENU}</arg>
</arguments>
<kw name="Capture Page Screenshot" library="SeleniumLibrary">
<doc>Takes a screenshot of the current page and embeds it into a log file.</doc>
<msg timestamp="20200303 13:11:01.175" level="INFO" html="yes">&lt;/td&gt;&lt;/tr&gt;&lt;tr&gt;&lt;td colspan="3"&gt;&lt;a href="selenium-screenshot-1.png"&gt;&lt;img src="selenium-screenshot-1.png" width="800px"&gt;&lt;/a&gt;</msg>
<status status="PASS" starttime="20200303 13:11:00.213" endtime="20200303 13:11:01.175"></status>
</kw>
<msg timestamp="20200303 13:11:01.221" level="FAIL">The element '//*[@id='app']/nav/div/div[1]' should be visible, but it is not.</msg>
<status status="FAIL" starttime="20200303 13:11:00.180" endtime="20200303 13:11:01.221"></status>
</kw>
<msg timestamp="20200303 13:11:01.221" level="INFO">${IS_MOBILE} = False</msg>
<status status="PASS" starttime="20200303 13:11:00.180" endtime="20200303 13:11:01.221"></status>
</kw>
<kw name="Run Keyword If" library="BuiltIn">
<doc>Runs the given keyword with the given arguments, if ``condition`` is true.</doc>
<arguments>
<arg>${IS_MOBILE}</arg>
<arg>click element</arg>
<arg>${CONTACT_HAMBURGER_MENU}</arg>
</arguments>
<status status="PASS" starttime="20200303 13:11:01.221" endtime="20200303 13:11:01.221"></status>
</kw>
<kw name="Log To Console" library="BuiltIn">
<doc>Logs the given message to the console.</doc>
<arguments>
<arg>Click to Hamburger Menu</arg>
</arguments>
<status status="PASS" starttime="20200303 13:11:01.222" endtime="20200303 13:11:01.222"></status>
</kw>
<kw name="Sleep" library="BuiltIn">
<doc>Pauses the test executed for the given time.</doc>
<arguments>
<arg>5</arg>
</arguments>
<msg timestamp="20200303 13:11:06.224" level="INFO">Slept 5 seconds</msg>
<status status="PASS" starttime="20200303 13:11:01.222" endtime="20200303 13:11:06.224"></status>
</kw>
<kw name="Click Element" library="SeleniumLibrary">
<doc>Click the element identified by ``locator``.</doc>
<arguments>
<arg>${CONTACT_LINK}</arg>
</arguments>
<msg timestamp="20200303 13:11:06.225" level="INFO">Clicking element '//*[@id='app']/nav/div/div[2]/ul/li[8]/a'.</msg>
<status status="PASS" starttime="20200303 13:11:06.224" endtime="20200303 13:11:06.311"></status>
</kw>
<kw name="Capture Page Screenshot" library="SeleniumLibrary">
<doc>Takes a screenshot of the current page and embeds it into a log file.</doc>
<arguments>
<arg>${SCREENSHOT_PATH}/${ENVIRONMENT}/contact/screenshot1.png</arg>
</arguments>
<msg timestamp="20200303 13:11:07.416" level="INFO" html="yes">&lt;/td&gt;&lt;/tr&gt;&lt;tr&gt;&lt;td colspan="3"&gt;&lt;a href="screenshot/desktop/contact/screenshot1.png"&gt;&lt;img src="screenshot/desktop/contact/screenshot1.png" width="800px"&gt;&lt;/a&gt;</msg>
<status status="PASS" starttime="20200303 13:11:06.311" endtime="20200303 13:11:07.417"></status>
</kw>
<status status="PASS" starttime="20200303 13:11:00.178" endtime="20200303 13:11:07.417"></status>
</kw>
<kw name="Set Name" library="contact">
<arguments>
<arg>${ENVIRONMENT}</arg>
<arg>${NAME}</arg>
</arguments>
<kw name="Log To Console" library="BuiltIn">
<doc>Logs the given message to the console.</doc>
<arguments>
<arg>Capture Name</arg>
</arguments>
<status status="PASS" starttime="20200303 13:11:07.418" endtime="20200303 13:11:07.420"></status>
</kw>
<kw name="Input Text" library="SeleniumLibrary">
<doc>Types the given ``text`` into the text field identified by ``locator``.</doc>
<arguments>
<arg>${CONTACT_NAME}</arg>
<arg>${NAME}</arg>
</arguments>
<msg timestamp="20200303 13:11:07.422" level="INFO">Typing text 'James Wilson' into text field '//*[@id='app']/aside/div[2]/div/form/div[1]/input'.</msg>
<status status="PASS" starttime="20200303 13:11:07.421" endtime="20200303 13:11:07.647"></status>
</kw>
<kw name="Capture Page Screenshot" library="SeleniumLibrary">
<doc>Takes a screenshot of the current page and embeds it into a log file.</doc>
<arguments>
<arg>${SCREENSHOT_PATH}/${ENVIRONMENT}/contact/screenshot2.png</arg>
</arguments>
<msg timestamp="20200303 13:11:08.613" level="INFO" html="yes">&lt;/td&gt;&lt;/tr&gt;&lt;tr&gt;&lt;td colspan="3"&gt;&lt;a href="screenshot/desktop/contact/screenshot2.png"&gt;&lt;img src="screenshot/desktop/contact/screenshot2.png" width="800px"&gt;&lt;/a&gt;</msg>
<status status="PASS" starttime="20200303 13:11:07.648" endtime="20200303 13:11:08.614"></status>
</kw>
<status status="PASS" starttime="20200303 13:11:07.417" endtime="20200303 13:11:08.614"></status>
</kw>
<kw name="Set Email Address" library="contact">
<arguments>
<arg>${ENVIRONMENT}</arg>
<arg>${EMAIL_ADDRESS}</arg>
</arguments>
<kw name="Log To Console" library="BuiltIn">
<doc>Logs the given message to the console.</doc>
<arguments>
<arg>Capture Email Address</arg>
</arguments>
<status status="PASS" starttime="20200303 13:11:08.615" endtime="20200303 13:11:08.617"></status>
</kw>
<kw name="Input Text" library="SeleniumLibrary">
<doc>Types the given ``text`` into the text field identified by ``locator``.</doc>
<arguments>
<arg>${CONTACT_EMAIL_ADDRESS}</arg>
<arg>${EMAIL_ADDRESS}</arg>
</arguments>
<msg timestamp="20200303 13:11:08.618" level="INFO">Typing text 'daniel.perez@sonatasmx.com' into text field '//*[@id='app']/aside/div[2]/div/form/div[2]/input'.</msg>
<status status="PASS" starttime="20200303 13:11:08.617" endtime="20200303 13:11:08.934"></status>
</kw>
<kw name="Capture Page Screenshot" library="SeleniumLibrary">
<doc>Takes a screenshot of the current page and embeds it into a log file.</doc>
<arguments>
<arg>${SCREENSHOT_PATH}/${ENVIRONMENT}/contact/screenshot3.png</arg>
</arguments>
<msg timestamp="20200303 13:11:09.838" level="INFO" html="yes">&lt;/td&gt;&lt;/tr&gt;&lt;tr&gt;&lt;td colspan="3"&gt;&lt;a href="screenshot/desktop/contact/screenshot3.png"&gt;&lt;img src="screenshot/desktop/contact/screenshot3.png" width="800px"&gt;&lt;/a&gt;</msg>
<status status="PASS" starttime="20200303 13:11:08.935" endtime="20200303 13:11:09.839"></status>
</kw>
<status status="PASS" starttime="20200303 13:11:08.614" endtime="20200303 13:11:09.839"></status>
</kw>
<kw name="Set Phone Number" library="contact">
<arguments>
<arg>${ENVIRONMENT}</arg>
<arg>${PHONE_NUMBER}</arg>
</arguments>
<kw name="Log To Console" library="BuiltIn">
<doc>Logs the given message to the console.</doc>
<arguments>
<arg>Capture Phone Number</arg>
</arguments>
<status status="PASS" starttime="20200303 13:11:09.840" endtime="20200303 13:11:09.840"></status>
</kw>
<kw name="Input Text" library="SeleniumLibrary">
<doc>Types the given ``text`` into the text field identified by ``locator``.</doc>
<arguments>
<arg>${CONTACT_PHONE_NUMBER}</arg>
<arg>${PHONE_NUMBER}</arg>
</arguments>
<msg timestamp="20200303 13:11:09.840" level="INFO">Typing text '6191234567' into text field '//*[@id='app']/aside/div[2]/div/form/div[3]/input'.</msg>
<status status="PASS" starttime="20200303 13:11:09.840" endtime="20200303 13:11:10.001"></status>
</kw>
<kw name="Capture Page Screenshot" library="SeleniumLibrary">
<doc>Takes a screenshot of the current page and embeds it into a log file.</doc>
<arguments>
<arg>${SCREENSHOT_PATH}/${ENVIRONMENT}/contact/screenshot4.png</arg>
</arguments>
<msg timestamp="20200303 13:11:10.892" level="INFO" html="yes">&lt;/td&gt;&lt;/tr&gt;&lt;tr&gt;&lt;td colspan="3"&gt;&lt;a href="screenshot/desktop/contact/screenshot4.png"&gt;&lt;img src="screenshot/desktop/contact/screenshot4.png" width="800px"&gt;&lt;/a&gt;</msg>
<status status="PASS" starttime="20200303 13:11:10.001" endtime="20200303 13:11:10.893"></status>
</kw>
<status status="PASS" starttime="20200303 13:11:09.839" endtime="20200303 13:11:10.893"></status>
</kw>
<kw name="Set Company" library="contact">
<arguments>
<arg>${ENVIRONMENT}</arg>
<arg>${COMPANY}</arg>
</arguments>
<kw name="Log To Console" library="BuiltIn">
<doc>Logs the given message to the console.</doc>
<arguments>
<arg>Capture Company</arg>
</arguments>
<status status="PASS" starttime="20200303 13:11:10.893" endtime="20200303 13:11:10.894"></status>
</kw>
<kw name="Input Text" library="SeleniumLibrary">
<doc>Types the given ``text`` into the text field identified by ``locator``.</doc>
<arguments>
<arg>${CONTACT_COMPANY}</arg>
<arg>${COMPANY}</arg>
</arguments>
<msg timestamp="20200303 13:11:10.894" level="INFO">Typing text 'Sonata Services MX' into text field '//*[@id='app']/aside/div[2]/div/form/div[4]/input'.</msg>
<status status="PASS" starttime="20200303 13:11:10.894" endtime="20200303 13:11:11.111"></status>
</kw>
<kw name="Capture Page Screenshot" library="SeleniumLibrary">
<doc>Takes a screenshot of the current page and embeds it into a log file.</doc>
<arguments>
<arg>${SCREENSHOT_PATH}/${ENVIRONMENT}/contact/screenshot5.png</arg>
</arguments>
<msg timestamp="20200303 13:11:11.992" level="INFO" html="yes">&lt;/td&gt;&lt;/tr&gt;&lt;tr&gt;&lt;td colspan="3"&gt;&lt;a href="screenshot/desktop/contact/screenshot5.png"&gt;&lt;img src="screenshot/desktop/contact/screenshot5.png" width="800px"&gt;&lt;/a&gt;</msg>
<status status="PASS" starttime="20200303 13:11:11.112" endtime="20200303 13:11:11.992"></status>
</kw>
<status status="PASS" starttime="20200303 13:11:10.893" endtime="20200303 13:11:11.992"></status>
</kw>
<kw name="Set Message" library="contact">
<arguments>
<arg>${ENVIRONMENT}</arg>
<arg>${MESSAGE}</arg>
</arguments>
<kw name="Log To Console" library="BuiltIn">
<doc>Logs the given message to the console.</doc>
<arguments>
<arg>Capture Description</arg>
</arguments>
<status status="PASS" starttime="20200303 13:11:11.993" endtime="20200303 13:11:11.993"></status>
</kw>
<kw name="Input Text" library="SeleniumLibrary">
<doc>Types the given ``text`` into the text field identified by ``locator``.</doc>
<arguments>
<arg>${CONTACT_MESSAGE}</arg>
<arg>${MESSAGE}</arg>
</arguments>
<msg timestamp="20200303 13:11:11.993" level="INFO">Typing text 'Automation Testing, please ignore' into text field '//*[@id='app']/aside/div[2]/div/form/div[5]/textarea'.</msg>
<status status="PASS" starttime="20200303 13:11:11.993" endtime="20200303 13:11:12.295"></status>
</kw>
<kw name="Capture Page Screenshot" library="SeleniumLibrary">
<doc>Takes a screenshot of the current page and embeds it into a log file.</doc>
<arguments>
<arg>${SCREENSHOT_PATH}/${ENVIRONMENT}/contact/screenshot6.png</arg>
</arguments>
<msg timestamp="20200303 13:11:13.199" level="INFO" html="yes">&lt;/td&gt;&lt;/tr&gt;&lt;tr&gt;&lt;td colspan="3"&gt;&lt;a href="screenshot/desktop/contact/screenshot6.png"&gt;&lt;img src="screenshot/desktop/contact/screenshot6.png" width="800px"&gt;&lt;/a&gt;</msg>
<status status="PASS" starttime="20200303 13:11:12.296" endtime="20200303 13:11:13.199"></status>
</kw>
<status status="PASS" starttime="20200303 13:11:11.992" endtime="20200303 13:11:13.199"></status>
</kw>
<status status="PASS" starttime="20200303 13:11:00.176" endtime="20200303 13:11:13.199"></status>
</kw>
<kw name="Close All Browsers" library="SeleniumLibrary">
<doc>Closes all open browsers and resets the browser cache.</doc>
<status status="PASS" starttime="20200303 13:11:13.200" endtime="20200303 13:11:15.508"></status>
</kw>
<status status="PASS" starttime="20200303 13:08:11.922" endtime="20200303 13:11:15.509" critical="yes"></status>
</test>
<test id="s1-t2" name="Test Sonata Website in Mobile Portrait">
<kw name="Set Mobile Portrait Mode" library="changedevice">
<kw name="Create Dictionary" library="BuiltIn">
<doc>Creates and returns a dictionary based on the given ``items``.</doc>
<arguments>
<arg>width=${360}</arg>
<arg>height=${640}</arg>
<arg>pixelRatio=${3.0}</arg>
<arg>userAgent=Mozilla/5.0 (Linux; Android 4.2.1; en-us; Nexus 5 Build/JOP40D) AppleWebKit/535.19 (KHTML, like Gecko) Chrome/18.0.1025.166 Mobile Safari/535.19</arg>
</arguments>
<assign>
<var>${DEVICE_METRICS}</var>
</assign>
<msg timestamp="20200303 13:11:15.522" level="INFO">${DEVICE_METRICS} = {'width': 360, 'height': 640, 'pixelRatio': 3.0, 'userAgent': 'Mozilla/5.0 (Linux; Android 4.2.1; en-us; Nexus 5 Build/JOP40D) AppleWebKit/535.19 (KHTML, like Gecko) Chrome/18.0.1025.166 Mobile Safari...</msg>
<status status="PASS" starttime="20200303 13:11:15.520" endtime="20200303 13:11:15.522"></status>
</kw>
<kw name="Change to Mobile Device" library="changedevice">
<arguments>
<arg>${DEVICE_METRICS}</arg>
</arguments>
<kw name="Create Dictionary" library="BuiltIn">
<doc>Creates and returns a dictionary based on the given ``items``.</doc>
<arguments>
<arg>deviceMetrics=${DEVICE_METRICS}</arg>
</arguments>
<assign>
<var>${MOBILE_EMULATION}</var>
</assign>
<msg timestamp="20200303 13:11:15.525" level="INFO">${MOBILE_EMULATION} = {'deviceMetrics': {'width': 360, 'height': 640, 'pixelRatio': 3.0, 'userAgent': 'Mozilla/5.0 (Linux; Android 4.2.1; en-us; Nexus 5 Build/JOP40D) AppleWebKit/535.19 (KHTML, like Gecko) Chrome/18.0.1025...</msg>
<status status="PASS" starttime="20200303 13:11:15.524" endtime="20200303 13:11:15.525"></status>
</kw>
<kw name="Evaluate" library="BuiltIn">
<doc>Evaluates the given expression in Python and returns the results.</doc>
<arguments>
<arg>sys.modules['selenium.webdriver'].ChromeOptions()</arg>
<arg>sys, selenium.webdriver</arg>
</arguments>
<assign>
<var>${CHROME_OPTIONS}</var>
</assign>
<msg timestamp="20200303 13:11:15.527" level="INFO">${CHROME_OPTIONS} = &lt;selenium.webdriver.chrome.options.Options object at 0x0456DE80&gt;</msg>
<status status="PASS" starttime="20200303 13:11:15.526" endtime="20200303 13:11:15.527"></status>
</kw>
<kw name="Call Method" library="BuiltIn">
<doc>Calls the named method of the given object with the provided arguments.</doc>
<arguments>
<arg>${CHROME_OPTIONS}</arg>
<arg>add_experimental_option</arg>
<arg>mobileEmulation</arg>
<arg>${MOBILE_EMULATION}</arg>
</arguments>
<status status="PASS" starttime="20200303 13:11:15.528" endtime="20200303 13:11:15.529"></status>
</kw>
<kw name="Create Webdriver" library="SeleniumLibrary">
<doc>Creates an instance of Selenium WebDriver.</doc>
<arguments>
<arg>Chrome</arg>
<arg>chrome_options=${CHROME_OPTIONS}</arg>
</arguments>
<msg timestamp="20200303 13:11:15.531" level="INFO">Creating an instance of the Chrome WebDriver.</msg>
<status status="PASS" starttime="20200303 13:11:15.530" endtime="20200303 13:11:18.124"></status>
</kw>
<status status="PASS" starttime="20200303 13:11:15.523" endtime="20200303 13:11:18.125"></status>
</kw>
<status status="PASS" starttime="20200303 13:11:15.518" endtime="20200303 13:11:18.125"></status>
</kw>
<kw name="Maximize Browser Window" library="SeleniumLibrary">
<doc>Maximizes current browser window.</doc>
<status status="PASS" starttime="20200303 13:11:18.125" endtime="20200303 13:11:19.272"></status>
</kw>
<kw name="Go To" library="SeleniumLibrary">
<doc>Navigates the current browser window to the provided ``url``.</doc>
<arguments>
<arg>${SITE_URL}</arg>
</arguments>
<msg timestamp="20200303 13:11:19.273" level="INFO">Opening url 'https://sonataservices.com'</msg>
<status status="PASS" starttime="20200303 13:11:19.273" endtime="20200303 13:11:20.816"></status>
</kw>
<kw name="Open Home Page" library="home">
<arguments>
<arg>${PORTRAIT}</arg>
</arguments>
<kw name="Log To Console" library="BuiltIn">
<doc>Logs the given message to the console.</doc>
<arguments>
<arg>Start Home Page</arg>
</arguments>
<status status="PASS" starttime="20200303 13:11:20.817" endtime="20200303 13:11:20.818"></status>
</kw>
<kw name="Sleep" library="BuiltIn">
<doc>Pauses the test executed for the given time.</doc>
<arguments>
<arg>5</arg>
</arguments>
<msg timestamp="20200303 13:11:25.820" level="INFO">Slept 5 seconds</msg>
<status status="PASS" starttime="20200303 13:11:20.818" endtime="20200303 13:11:25.820"></status>
</kw>
<kw name="Click Element" library="SeleniumLibrary">
<doc>Click the element identified by ``locator``.</doc>
<arguments>
<arg>${HOME_COOKIE_USE}</arg>
</arguments>
[...]
</kw>
<kw name="Click Element" library="SeleniumLibrary">
<doc>Click the element identified by ``locator``.</doc>
<arguments>
<arg>${ABOUT_US_SECURE_FACILITIES}</arg>
</arguments>
<msg timestamp="20200303 13:16:44.792" level="INFO">Clicking element '//*[@id='app']/section/div[2]/div[2]/div[2]'.</msg>
<status status="PASS" starttime="20200303 13:16:44.792" endtime="20200303 13:16:44.897"></status>
</kw>
<kw name="Capture Page Screenshot" library="SeleniumLibrary">
<doc>Takes a screenshot of the current page and embeds it into a log file.</doc>
<arguments>
<arg>${SCREENSHOT_PATH}/${ENVIRONMENT}/about_us/screenshot3.png</arg>
</arguments>
<msg timestamp="20200303 13:16:45.609" level="INFO" html="yes">&lt;/td&gt;&lt;/tr&gt;&lt;tr&gt;&lt;td colspan="3"&gt;&lt;a href="screenshot/landscape/about_us/screenshot3.png"&gt;&lt;img src="screenshot/landscape/about_us/screenshot3.png" width="800px"&gt;&lt;/a&gt;</msg>
<status status="PASS" starttime="20200303 13:16:44.898" endtime="20200303 13:16:45.609"></status>
</kw>
<kw name="Click Element" library="SeleniumLibrary">
<doc>Click the element identified by ``locator``.</doc>
<arguments>
<arg>${ABOUT_US_SEAMLESS_SUPPORT}</arg>
</arguments>
<msg timestamp="20200303 13:16:45.609" level="INFO">Clicking element '//*[@id='app']/section/div[2]/div[3]/div[2]'.</msg>
<status status="PASS" starttime="20200303 13:16:45.609" endtime="20200303 13:16:45.724"></status>
</kw>
<kw name="Capture Page Screenshot" library="SeleniumLibrary">
<doc>Takes a screenshot of the current page and embeds it into a log file.</doc>
<arguments>
<arg>${SCREENSHOT_PATH}/${ENVIRONMENT}/about_us/screenshot4.png</arg>
</arguments>
<msg timestamp="20200303 13:16:46.498" level="INFO" html="yes">&lt;/td&gt;&lt;/tr&gt;&lt;tr&gt;&lt;td colspan="3"&gt;&lt;a href="screenshot/landscape/about_us/screenshot4.png"&gt;&lt;img src="screenshot/landscape/about_us/screenshot4.png" width="800px"&gt;&lt;/a&gt;</msg>
<status status="PASS" starttime="20200303 13:16:45.724" endtime="20200303 13:16:46.499"></status>
</kw>
<kw name="Click Element" library="SeleniumLibrary">
<doc>Click the element identified by ``locator``.</doc>
<arguments>
<arg>${ABOUT_US_FOOTER}</arg>
</arguments>
<msg timestamp="20200303 13:16:46.499" level="INFO">Clicking element '//*[@id='app']/footer/div[2]'.</msg>
<status status="PASS" starttime="20200303 13:16:46.499" endtime="20200303 13:16:46.604"></status>
</kw>
<kw name="Capture Page Screenshot" library="SeleniumLibrary">
<doc>Takes a screenshot of the current page and embeds it into a log file.</doc>
<arguments>
<arg>${SCREENSHOT_PATH}/${ENVIRONMENT}/about_us/screenshot5.png</arg>
</arguments>
<msg timestamp="20200303 13:16:47.249" level="INFO" html="yes">&lt;/td&gt;&lt;/tr&gt;&lt;tr&gt;&lt;td colspan="3"&gt;&lt;a href="screenshot/landscape/about_us/screenshot5.png"&gt;&lt;img src="screenshot/landscape/about_us/screenshot5.png" width="800px"&gt;&lt;/a&gt;</msg>
<status status="PASS" starttime="20200303 13:16:46.605" endtime="20200303 13:16:47.250"></status>
</kw>
<kw name="Log To Console" library="BuiltIn">
<doc>Logs the given message to the console.</doc>
<arguments>
<arg>End About Us Page</arg>
</arguments>
<status status="PASS" starttime="20200303 13:16:47.251" endtime="20200303 13:16:47.252"></status>
</kw>
<status status="PASS" starttime="20200303 13:16:39.708" endtime="20200303 13:16:47.253"></status>
</kw>
<kw name="Open Blog Page" library="blog">
<doc>Blog Page</doc>
<arguments>
<arg>${LANDSCAPE}</arg>
</arguments>
<kw name="Log To Console" library="BuiltIn">
<doc>Logs the given message to the console.</doc>
<arguments>
<arg>Open Blog Page</arg>
</arguments>
<status status="PASS" starttime="20200303 13:16:47.254" endtime="20200303 13:16:47.255"></status>
</kw>
<kw name="Go To" library="SeleniumLibrary">
<doc>Navigates the current browser window to the provided ``url``.</doc>
<arguments>
<arg>${BLOG_URL}</arg>
</arguments>
<msg timestamp="20200303 13:16:47.256" level="INFO">Opening url 'https://sonataservices.com/blog'</msg>
<status status="PASS" starttime="20200303 13:16:47.255" endtime="20200303 13:16:47.506"></status>
</kw>
<kw name="Sleep" library="BuiltIn">
<doc>Pauses the test executed for the given time.</doc>
<arguments>
<arg>5</arg>
</arguments>
<msg timestamp="20200303 13:16:52.506" level="INFO">Slept 5 seconds</msg>
<status status="PASS" starttime="20200303 13:16:47.506" endtime="20200303 13:16:52.506"></status>
</kw>
<kw name="Capture Page Screenshot" library="SeleniumLibrary">
<doc>Takes a screenshot of the current page and embeds it into a log file.</doc>
<arguments>
<arg>${SCREENSHOT_PATH}/${ENVIRONMENT}/blog/screenshot1.png</arg>
</arguments>
<msg timestamp="20200303 13:16:53.483" level="INFO" html="yes">&lt;/td&gt;&lt;/tr&gt;&lt;tr&gt;&lt;td colspan="3"&gt;&lt;a href="screenshot/landscape/blog/screenshot1.png"&gt;&lt;img src="screenshot/landscape/blog/screenshot1.png" width="800px"&gt;&lt;/a&gt;</msg>
<status status="PASS" starttime="20200303 13:16:52.506" endtime="20200303 13:16:53.483"></status>
</kw>
<status status="PASS" starttime="20200303 13:16:47.253" endtime="20200303 13:16:53.483"></status>
</kw>
<kw name="Access to a Post" library="blog">
<arguments>
<arg>${LANDSCAPE}</arg>
</arguments>
<kw name="Log To Console" library="BuiltIn">
<doc>Logs the given message to the console.</doc>
<arguments>
<arg>Access to a Post</arg>
</arguments>
<status status="PASS" starttime="20200303 13:16:53.484" endtime="20200303 13:16:53.484"></status>
</kw>
<kw name="Select Window" library="SeleniumLibrary">
<doc>DEPRECATED in SeleniumLibrary 4.0. , use `Switch Window` instead.</doc>
<arguments>
<arg>Staff Augmentation QA Testing UI UX Design | Sonata Services</arg>
</arguments>
<status status="PASS" starttime="20200303 13:16:53.484" endtime="20200303 13:16:53.515"></status>
</kw>
<kw name="Click Element" library="SeleniumLibrary">
<doc>Click the element identified by ``locator``.</doc>
<arguments>
<arg>${BLOG_POST}</arg>
</arguments>
<msg timestamp="20200303 13:16:53.515" level="INFO">Clicking element '//*[@id='app']/section/div/div[2]/div'.</msg>
<status status="PASS" starttime="20200303 13:16:53.515" endtime="20200303 13:16:53.957"></status>
</kw>
<kw name="Sleep" library="BuiltIn">
<doc>Pauses the test executed for the given time.</doc>
<arguments>
<arg>5</arg>
</arguments>
<msg timestamp="20200303 13:16:58.959" level="INFO">Slept 5 seconds</msg>
<status status="PASS" starttime="20200303 13:16:53.957" endtime="20200303 13:16:58.959"></status>
</kw>
<kw name="Capture Page Screenshot" library="SeleniumLibrary">
<doc>Takes a screenshot of the current page and embeds it into a log file.</doc>
<arguments>
<arg>${SCREENSHOT_PATH}/${ENVIRONMENT}/blog/screenshot6.png</arg>
</arguments>
<msg timestamp="20200303 13:17:01.395" level="INFO" html="yes">&lt;/td&gt;&lt;/tr&gt;&lt;tr&gt;&lt;td colspan="3"&gt;&lt;a href="screenshot/landscape/blog/screenshot6.png"&gt;&lt;img src="screenshot/landscape/blog/screenshot6.png" width="800px"&gt;&lt;/a&gt;</msg>
<status status="PASS" starttime="20200303 13:16:58.959" endtime="20200303 13:17:01.395"></status>
</kw>
<status status="PASS" starttime="20200303 13:16:53.483" endtime="20200303 13:17:01.395"></status>
</kw>
<kw name="Submit Contacts from CSV file" library="contact">
<arguments>
<arg>${LANDSCAPE}</arg>
<arg>${NAME}</arg>
<arg>${EMAIL_ADDRESS}</arg>
<arg>${PHONE_NUMBER}</arg>
<arg>${COMPANY}</arg>
<arg>${MESSAGE}</arg>
</arguments>
<kw name="Log To Console" library="BuiltIn">
<doc>Logs the given message to the console.</doc>
<arguments>
<arg>Starting test using: ${NAME}</arg>
</arguments>
<status status="PASS" starttime="20200303 13:17:01.396" endtime="20200303 13:17:01.396"></status>
</kw>
<kw name="Open Contact Window" library="contact">
<arguments>
<arg>${ENVIRONMENT}</arg>
</arguments>
<kw name="Log To Console" library="BuiltIn">
<doc>Logs the given message to the console.</doc>
<arguments>
<arg>Open Contact Form</arg>
</arguments>
<status status="PASS" starttime="20200303 13:17:01.397" endtime="20200303 13:17:01.397"></status>
</kw>
<kw name="Run Keyword And Return Status" library="BuiltIn">
<doc>Runs the given keyword with given arguments and returns the status as a Boolean value.</doc>
<arguments>
<arg>Element Should Be Visible</arg>
<arg>${CONTACT_HAMBURGER_MENU}</arg>
</arguments>
<assign>
<var>${IS_MOBILE}</var>
</assign>
<kw name="Element Should Be Visible" library="SeleniumLibrary">
<doc>Verifies that the element identified by ``locator`` is visible.</doc>
<arguments>
<arg>${CONTACT_HAMBURGER_MENU}</arg>
</arguments>
<msg timestamp="20200303 13:17:01.429" level="INFO">Element '//*[@id='app']/nav/div/div[1]' is displayed.</msg>
<status status="PASS" starttime="20200303 13:17:01.398" endtime="20200303 13:17:01.430"></status>
</kw>
<msg timestamp="20200303 13:17:01.430" level="INFO">${IS_MOBILE} = True</msg>
<status status="PASS" starttime="20200303 13:17:01.397" endtime="20200303 13:17:01.430"></status>
</kw>
<kw name="Run Keyword If" library="BuiltIn">
<doc>Runs the given keyword with the given arguments, if ``condition`` is true.</doc>
<arguments>
<arg>${IS_MOBILE}</arg>
<arg>click element</arg>
<arg>${CONTACT_HAMBURGER_MENU}</arg>
</arguments>
<kw name="Click Element" library="SeleniumLibrary">
<doc>Click the element identified by ``locator``.</doc>
<arguments>
<arg>${CONTACT_HAMBURGER_MENU}</arg>
</arguments>
<msg timestamp="20200303 13:17:01.431" level="INFO">Clicking element '//*[@id='app']/nav/div/div[1]'.</msg>
<status status="PASS" starttime="20200303 13:17:01.431" endtime="20200303 13:17:01.533"></status>
</kw>
<status status="PASS" starttime="20200303 13:17:01.430" endtime="20200303 13:17:01.533"></status>
</kw>
<kw name="Log To Console" library="BuiltIn">
<doc>Logs the given message to the console.</doc>
<arguments>
<arg>Click to Hamburger Menu</arg>
</arguments>
<status status="PASS" starttime="20200303 13:17:01.533" endtime="20200303 13:17:01.533"></status>
</kw>
<kw name="Sleep" library="BuiltIn">
<doc>Pauses the test executed for the given time.</doc>
<arguments>
<arg>5</arg>
</arguments>
<msg timestamp="20200303 13:17:06.534" level="INFO">Slept 5 seconds</msg>
<status status="PASS" starttime="20200303 13:17:01.534" endtime="20200303 13:17:06.534"></status>
</kw>
<kw name="Click Element" library="SeleniumLibrary">
<doc>Click the element identified by ``locator``.</doc>
<arguments>
<arg>${CONTACT_LINK}</arg>
</arguments>
<msg timestamp="20200303 13:17:06.535" level="INFO">Clicking element '//*[@id='app']/nav/div/div[2]/ul/li[8]/a'.</msg>
<status status="PASS" starttime="20200303 13:17:06.534" endtime="20200303 13:17:06.657"></status>
</kw>
<kw name="Capture Page Screenshot" library="SeleniumLibrary">
<doc>Takes a screenshot of the current page and embeds it into a log file.</doc>
<arguments>
<arg>${SCREENSHOT_PATH}/${ENVIRONMENT}/contact/screenshot1.png</arg>
</arguments>
<msg timestamp="20200303 13:17:08.289" level="INFO" html="yes">&lt;/td&gt;&lt;/tr&gt;&lt;tr&gt;&lt;td colspan="3"&gt;&lt;a href="screenshot/landscape/contact/screenshot1.png"&gt;&lt;img src="screenshot/landscape/contact/screenshot1.png" width="800px"&gt;&lt;/a&gt;</msg>
<status status="PASS" starttime="20200303 13:17:06.658" endtime="20200303 13:17:08.289"></status>
</kw>
<status status="PASS" starttime="20200303 13:17:01.396" endtime="20200303 13:17:08.290"></status>
</kw>
<kw name="Set Name" library="contact">
<arguments>
<arg>${ENVIRONMENT}</arg>
<arg>${NAME}</arg>
</arguments>
<kw name="Log To Console" library="BuiltIn">
<doc>Logs the given message to the console.</doc>
<arguments>
<arg>Capture Name</arg>
</arguments>
<status status="PASS" starttime="20200303 13:17:08.290" endtime="20200303 13:17:08.291"></status>
</kw>
<kw name="Input Text" library="SeleniumLibrary">
<doc>Types the given ``text`` into the text field identified by ``locator``.</doc>
<arguments>
<arg>${CONTACT_NAME}</arg>
<arg>${NAME}</arg>
</arguments>
<msg timestamp="20200303 13:17:08.292" level="INFO">Typing text 'James Wilson' into text field '//*[@id='app']/aside/div[2]/div/form/div[1]/input'.</msg>
<status status="PASS" starttime="20200303 13:17:08.291" endtime="20200303 13:17:08.507"></status>
</kw>
<kw name="Capture Page Screenshot" library="SeleniumLibrary">
<doc>Takes a screenshot of the current page and embeds it into a log file.</doc>
<arguments>
<arg>${SCREENSHOT_PATH}/${ENVIRONMENT}/contact/screenshot2.png</arg>
</arguments>
<msg timestamp="20200303 13:17:10.056" level="INFO" html="yes">&lt;/td&gt;&lt;/tr&gt;&lt;tr&gt;&lt;td colspan="3"&gt;&lt;a href="screenshot/landscape/contact/screenshot2.png"&gt;&lt;img src="screenshot/landscape/contact/screenshot2.png" width="800px"&gt;&lt;/a&gt;</msg>
<status status="PASS" starttime="20200303 13:17:08.508" endtime="20200303 13:17:10.056"></status>
</kw>
<status status="PASS" starttime="20200303 13:17:08.290" endtime="20200303 13:17:10.057"></status>
</kw>
<kw name="Set Email Address" library="contact">
<arguments>
<arg>${ENVIRONMENT}</arg>
<arg>${EMAIL_ADDRESS}</arg>
</arguments>
<kw name="Log To Console" library="BuiltIn">
<doc>Logs the given message to the console.</doc>
<arguments>
<arg>Capture Email Address</arg>
</arguments>
<status status="PASS" starttime="20200303 13:17:10.058" endtime="20200303 13:17:10.058"></status>
</kw>
<kw name="Input Text" library="SeleniumLibrary">
<doc>Types the given ``text`` into the text field identified by ``locator``.</doc>
<arguments>
<arg>${CONTACT_EMAIL_ADDRESS}</arg>
<arg>${EMAIL_ADDRESS}</arg>
</arguments>
<msg timestamp="20200303 13:17:10.059" level="INFO">Typing text 'daniel.perez@sonatasmx.com' into text field '//*[@id='app']/aside/div[2]/div/form/div[2]/input'.</msg>
<status status="PASS" starttime="20200303 13:17:10.058" endtime="20200303 13:17:10.370"></status>
</kw>
<kw name="Capture Page Screenshot" library="SeleniumLibrary">
<doc>Takes a screenshot of the current page and embeds it into a log file.</doc>
<arguments>
<arg>${SCREENSHOT_PATH}/${ENVIRONMENT}/contact/screenshot3.png</arg>
</arguments>
<msg timestamp="20200303 13:17:11.804" level="INFO" html="yes">&lt;/td&gt;&lt;/tr&gt;&lt;tr&gt;&lt;td colspan="3"&gt;&lt;a href="screenshot/landscape/contact/screenshot3.png"&gt;&lt;img src="screenshot/landscape/contact/screenshot3.png" width="800px"&gt;&lt;/a&gt;</msg>
<status status="PASS" starttime="20200303 13:17:10.371" endtime="20200303 13:17:11.804"></status>
</kw>
<status status="PASS" starttime="20200303 13:17:10.057" endtime="20200303 13:17:11.804"></status>
</kw>
<kw name="Set Phone Number" library="contact">
<arguments>
<arg>${ENVIRONMENT}</arg>
<arg>${PHONE_NUMBER}</arg>
</arguments>
<kw name="Log To Console" library="BuiltIn">
<doc>Logs the given message to the console.</doc>
<arguments>
<arg>Capture Phone Number</arg>
</arguments>
<status status="PASS" starttime="20200303 13:17:11.805" endtime="20200303 13:17:11.805"></status>
</kw>
<kw name="Input Text" library="SeleniumLibrary">
<doc>Types the given ``text`` into the text field identified by ``locator``.</doc>
<arguments>
<arg>${CONTACT_PHONE_NUMBER}</arg>
<arg>${PHONE_NUMBER}</arg>
</arguments>
<msg timestamp="20200303 13:17:11.806" level="INFO">Typing text '6191234567' into text field '//*[@id='app']/aside/div[2]/div/form/div[3]/input'.</msg>
<status status="PASS" starttime="20200303 13:17:11.806" endtime="20200303 13:17:11.971"></status>
</kw>
<kw name="Capture Page Screenshot" library="SeleniumLibrary">
<doc>Takes a screenshot of the current page and embeds it into a log file.</doc>
<arguments>
<arg>${SCREENSHOT_PATH}/${ENVIRONMENT}/contact/screenshot4.png</arg>
</arguments>
<msg timestamp="20200303 13:17:13.433" level="INFO" html="yes">&lt;/td&gt;&lt;/tr&gt;&lt;tr&gt;&lt;td colspan="3"&gt;&lt;a href="screenshot/landscape/contact/screenshot4.png"&gt;&lt;img src="screenshot/landscape/contact/screenshot4.png" width="800px"&gt;&lt;/a&gt;</msg>
<status status="PASS" starttime="20200303 13:17:11.972" endtime="20200303 13:17:13.433"></status>
</kw>
<status status="PASS" starttime="20200303 13:17:11.805" endtime="20200303 13:17:13.434"></status>
</kw>
<kw name="Set Company" library="contact">
<arguments>
<arg>${ENVIRONMENT}</arg>
<arg>${COMPANY}</arg>
</arguments>
<kw name="Log To Console" library="BuiltIn">
<doc>Logs the given message to the console.</doc>
<arguments>
<arg>Capture Company</arg>
</arguments>
<status status="PASS" starttime="20200303 13:17:13.435" endtime="20200303 13:17:13.436"></status>
</kw>
<kw name="Input Text" library="SeleniumLibrary">
<doc>Types the given ``text`` into the text field identified by ``locator``.</doc>
<arguments>
<arg>${CONTACT_COMPANY}</arg>
<arg>${COMPANY}</arg>
</arguments>
<msg timestamp="20200303 13:17:13.436" level="INFO">Typing text 'Sonata Services MX' into text field '//*[@id='app']/aside/div[2]/div/form/div[4]/input'.</msg>
<status status="PASS" starttime="20200303 13:17:13.436" endtime="20200303 13:17:13.674"></status>
</kw>
<kw name="Capture Page Screenshot" library="SeleniumLibrary">
<doc>Takes a screenshot of the current page and embeds it into a log file.</doc>
<arguments>
<arg>${SCREENSHOT_PATH}/${ENVIRONMENT}/contact/screenshot5.png</arg>
</arguments>
<msg timestamp="20200303 13:17:15.096" level="INFO" html="yes">&lt;/td&gt;&lt;/tr&gt;&lt;tr&gt;&lt;td colspan="3"&gt;&lt;a href="screenshot/landscape/contact/screenshot5.png"&gt;&lt;img src="screenshot/landscape/contact/screenshot5.png" width="800px"&gt;&lt;/a&gt;</msg>
<status status="PASS" starttime="20200303 13:17:13.674" endtime="20200303 13:17:15.096"></status>
</kw>
<status status="PASS" starttime="20200303 13:17:13.434" endtime="20200303 13:17:15.096"></status>
</kw>
<kw name="Set Message" library="contact">
<arguments>
<arg>${ENVIRONMENT}</arg>
<arg>${MESSAGE}</arg>
</arguments>
<kw name="Log To Console" library="BuiltIn">
<doc>Logs the given message to the console.</doc>
<arguments>
<arg>Capture Description</arg>
</arguments>
<status status="PASS" starttime="20200303 13:17:15.097" endtime="20200303 13:17:15.098"></status>
</kw>
<kw name="Input Text" library="SeleniumLibrary">
<doc>Types the given ``text`` into the text field identified by ``locator``.</doc>
<arguments>
<arg>${CONTACT_MESSAGE}</arg>
<arg>${MESSAGE}</arg>
</arguments>
<msg timestamp="20200303 13:17:15.099" level="INFO">Typing text 'Automation Testing, please ignore' into text field '//*[@id='app']/aside/div[2]/div/form/div[5]/textarea'.</msg>
<status status="PASS" starttime="20200303 13:17:15.098" endtime="20200303 13:17:15.405"></status>
</kw>
<kw name="Capture Page Screenshot" library="SeleniumLibrary">
<doc>Takes a screenshot of the current page and embeds it into a log file.</doc>
<arguments>
<arg>${SCREENSHOT_PATH}/${ENVIRONMENT}/contact/screenshot6.png</arg>
</arguments>
<msg timestamp="20200303 13:17:16.457" level="INFO" html="yes">&lt;/td&gt;&lt;/tr&gt;&lt;tr&gt;&lt;td colspan="3"&gt;&lt;a href="screenshot/landscape/contact/screenshot6.png"&gt;&lt;img src="screenshot/landscape/contact/screenshot6.png" width="800px"&gt;&lt;/a&gt;</msg>
<status status="PASS" starttime="20200303 13:17:15.406" endtime="20200303 13:17:16.457"></status>
</kw>
<status status="PASS" starttime="20200303 13:17:15.097" endtime="20200303 13:17:16.457"></status>
</kw>
<status status="PASS" starttime="20200303 13:17:01.395" endtime="20200303 13:17:16.458"></status>
</kw>
<kw name="Close All Browsers" library="SeleniumLibrary">
<doc>Closes all open browsers and resets the browser cache.</doc>
<status status="PASS" starttime="20200303 13:17:16.458" endtime="20200303 13:17:18.808"></status>
</kw>
<status status="PASS" starttime="20200303 13:14:13.298" endtime="20200303 13:17:18.809" critical="yes"></status>
</test>
<status status="PASS" starttime="20200303 13:08:11.222" endtime="20200303 13:17:18.813"></status>
</suite>
<statistics>
<total>
<stat pass="3" fail="0">Critical Tests</stat>
<stat pass="3" fail="0">All Tests</stat>
</total>
<tag>
</tag>
<suite>
<stat pass="3" fail="0" id="s1" name="Automation">Automation</stat>
</suite>
</statistics>
<errors>
</errors>
</robot>
