<?xml version="1.0" encoding="UTF-8"?>
<robot generator="Robot 3.1.2 (Python 3.8.1 on win32)" generated="20200302 16:28:12.476" rpa="false">
<suite id="s1" name="Automation" source="C:\Repository\python\robot\sonataservices.com\resources\Automation.robot">
<test id="s1-t1" name="Test Sonata Website in Desktop">
<kw name="Open Browser" library="SeleniumLibrary">
<doc>Opens a new browser instance to the optional ``url``.</doc>
<arguments>
<arg>${SITE_URL}</arg>
<arg>${BROWSER}</arg>
</arguments>
<msg timestamp="20200302 16:28:13.176" level="INFO">Opening browser 'chrome' to base url 'https://sonataservices.com'.</msg>
<status status="PASS" starttime="20200302 16:28:13.175" endtime="20200302 16:28:17.497"></status>
</kw>
<kw name="Maximize Browser Window" library="SeleniumLibrary">
<doc>Maximizes current browser window.</doc>
<status status="PASS" starttime="20200302 16:28:17.499" endtime="20200302 16:28:18.912"></status>
</kw>
<kw name="Open Home Page" library="home">
<arguments>
<arg>${DESKTOP}</arg>
</arguments>
<kw name="Log To Console" library="BuiltIn">
<doc>Logs the given message to the console.</doc>
<arguments>
<arg>Start Home Page</arg>
</arguments>
<status status="PASS" starttime="20200302 16:28:18.914" endtime="20200302 16:28:18.915"></status>
</kw>
<kw name="Sleep" library="BuiltIn">
<doc>Pauses the test executed for the given time.</doc>
<arguments>
<arg>5</arg>
</arguments>
<msg timestamp="20200302 16:28:23.917" level="INFO">Slept 5 seconds</msg>
<status status="PASS" starttime="20200302 16:28:18.915" endtime="20200302 16:28:23.917"></status>
</kw>
<kw name="Click Element" library="SeleniumLibrary">
<doc>Click the element identified by ``locator``.</doc>
<arguments>
<arg>${HOME_COOKIE_USE}</arg>
</arguments>
<msg timestamp="20200302 16:28:23.918" level="INFO">Clicking element '//*[@id='app']/footer/div[3]/div[2]/button[1]'.</msg>
<status status="PASS" starttime="20200302 16:28:23.917" endtime="20200302 16:28:24.015"></status>
</kw>
<kw name="Log To Console" library="BuiltIn">
<doc>Logs the given message to the console.</doc>
<arguments>
<arg>First Header</arg>
</arguments>
<status status="PASS" starttime="20200302 16:28:24.015" endtime="20200302 16:28:24.016"></status>
</kw>
<kw name="Capture Page Screenshot" library="SeleniumLibrary">
<doc>Takes a screenshot of the current page and embeds it into a log file.</doc>
<arguments>
<arg>${SCREENSHOT_PATH}/${ENVIRONMENT}/home/screenshot1.png</arg>
</arguments>
<msg timestamp="20200302 16:28:25.278" level="INFO" html="yes">&lt;/td&gt;&lt;/tr&gt;&lt;tr&gt;&lt;td colspan="3"&gt;&lt;a href="../screenshot/desktop/home/screenshot1.png"&gt;&lt;img src="../screenshot/desktop/home/screenshot1.png" width="800px"&gt;&lt;/a&gt;</msg>
<status status="PASS" starttime="20200302 16:28:24.016" endtime="20200302 16:28:25.278"></status>
</kw>
<kw name="Sleep" library="BuiltIn">
<doc>Pauses the test executed for the given time.</doc>
<arguments>
<arg>5</arg>
</arguments>
<msg timestamp="20200302 16:28:30.280" level="INFO">Slept 5 seconds</msg>
<status status="PASS" starttime="20200302 16:28:25.279" endtime="20200302 16:28:30.280"></status>
</kw>
<kw name="Log To Console" library="BuiltIn">
<doc>Logs the given message to the console.</doc>
<arguments>
<arg>Second Header</arg>
</arguments>
<status status="PASS" starttime="20200302 16:28:30.280" endtime="20200302 16:28:30.283"></status>
</kw>
<kw name="Capture Page Screenshot" library="SeleniumLibrary">
<doc>Takes a screenshot of the current page and embeds it into a log file.</doc>
<arguments>
<arg>${SCREENSHOT_PATH}/${ENVIRONMENT}/home/screenshot2.png</arg>
</arguments>
<msg timestamp="20200302 16:28:31.127" level="INFO" html="yes">&lt;/td&gt;&lt;/tr&gt;&lt;tr&gt;&lt;td colspan="3"&gt;&lt;a href="../screenshot/desktop/home/screenshot2.png"&gt;&lt;img src="../screenshot/desktop/home/screenshot2.png" width="800px"&gt;&lt;/a&gt;</msg>
<status status="PASS" starttime="20200302 16:28:30.284" endtime="20200302 16:28:31.128"></status>
</kw>
<kw name="Sleep" library="BuiltIn">
<doc>Pauses the test executed for the given time.</doc>
<arguments>
<arg>5</arg>
</arguments>
<msg timestamp="20200302 16:28:36.129" level="INFO">Slept 5 seconds</msg>
<status status="PASS" starttime="20200302 16:28:31.128" endtime="20200302 16:28:36.129"></status>
</kw>
<kw name="Log To Console" library="BuiltIn">
<doc>Logs the given message to the console.</doc>
<arguments>
<arg>Third Header</arg>
</arguments>
<status status="PASS" starttime="20200302 16:28:36.130" endtime="20200302 16:28:36.131"></status>
</kw>
<kw name="Capture Page Screenshot" library="SeleniumLibrary">
<doc>Takes a screenshot of the current page and embeds it into a log file.</doc>
<arguments>
<arg>${SCREENSHOT_PATH}/${ENVIRONMENT}/home/screenshot3.png</arg>
</arguments>
<msg timestamp="20200302 16:28:36.938" level="INFO" html="yes">&lt;/td&gt;&lt;/tr&gt;&lt;tr&gt;&lt;td colspan="3"&gt;&lt;a href="../screenshot/desktop/home/screenshot3.png"&gt;&lt;img src="../screenshot/desktop/home/screenshot3.png" width="800px"&gt;&lt;/a&gt;</msg>
<status status="PASS" starttime="20200302 16:28:36.132" endtime="20200302 16:28:36.938"></status>
</kw>
<kw name="Sleep" library="BuiltIn">
<doc>Pauses the test executed for the given time.</doc>
<arguments>
<arg>5</arg>
</arguments>
<msg timestamp="20200302 16:28:41.939" level="INFO">Slept 5 seconds</msg>
<status status="PASS" starttime="20200302 16:28:36.938" endtime="20200302 16:28:41.939"></status>
</kw>
<kw name="Log To Console" library="BuiltIn">
<doc>Logs the given message to the console.</doc>
<arguments>
<arg>Fourth Header</arg>
</arguments>
<status status="PASS" starttime="20200302 16:28:41.939" endtime="20200302 16:28:41.940"></status>
</kw>
<kw name="Capture Page Screenshot" library="SeleniumLibrary">
<doc>Takes a screenshot of the current page and embeds it into a log file.</doc>
<arguments>
<arg>${SCREENSHOT_PATH}/${ENVIRONMENT}/home/screenshot4.png</arg>
</arguments>
<msg timestamp="20200302 16:28:42.666" level="INFO" html="yes">&lt;/td&gt;&lt;/tr&gt;&lt;tr&gt;&lt;td colspan="3"&gt;&lt;a href="../screenshot/desktop/home/screenshot4.png"&gt;&lt;img src="../screenshot/desktop/home/screenshot4.png" width="800px"&gt;&lt;/a&gt;</msg>
<status status="PASS" starttime="20200302 16:28:41.940" endtime="20200302 16:28:42.666"></status>
</kw>
<kw name="Click Element" library="SeleniumLibrary">
<doc>Click the element identified by ``locator``.</doc>
<arguments>
<arg>${HOME_ACCELERATE_GROWTH}</arg>
</arguments>
<msg timestamp="20200302 16:28:42.667" level="INFO">Clicking element '//div[@class='growth']'.</msg>
<status status="PASS" starttime="20200302 16:28:42.666" endtime="20200302 16:28:42.765"></status>
</kw>
<kw name="Sleep" library="BuiltIn">
<doc>Pauses the test executed for the given time.</doc>
<arguments>
<arg>1</arg>
</arguments>
<msg timestamp="20200302 16:28:43.766" level="INFO">Slept 1 second</msg>
<status status="PASS" starttime="20200302 16:28:42.765" endtime="20200302 16:28:43.766"></status>
</kw>
<kw name="Log To Console" library="BuiltIn">
<doc>Logs the given message to the console.</doc>
<arguments>
<arg>We helps accelerate your growth</arg>
</arguments>
<status status="PASS" starttime="20200302 16:28:43.766" endtime="20200302 16:28:43.767"></status>
</kw>
<kw name="Capture Page Screenshot" library="SeleniumLibrary">
<doc>Takes a screenshot of the current page and embeds it into a log file.</doc>
<arguments>
<arg>${SCREENSHOT_PATH}/${ENVIRONMENT}/home/screenshot5.png</arg>
</arguments>
<msg timestamp="20200302 16:28:45.799" level="INFO" html="yes">&lt;/td&gt;&lt;/tr&gt;&lt;tr&gt;&lt;td colspan="3"&gt;&lt;a href="../screenshot/desktop/home/screenshot5.png"&gt;&lt;img src="../screenshot/desktop/home/screenshot5.png" width="800px"&gt;&lt;/a&gt;</msg>
<status status="PASS" starttime="20200302 16:28:43.767" endtime="20200302 16:28:45.800"></status>
</kw>
<kw name="Click Element" library="SeleniumLibrary">
<doc>Click the element identified by ``locator``.</doc>
<arguments>
<arg>${HOME_SERVICES_EXPERTISE}</arg>
</arguments>
<msg timestamp="20200302 16:28:45.801" level="INFO">Clicking element '//div[@class='services__cards']'.</msg>
<status status="PASS" starttime="20200302 16:28:45.800" endtime="20200302 16:28:47.930"></status>
</kw>
<kw name="Sleep" library="BuiltIn">
<doc>Pauses the test executed for the given time.</doc>
<arguments>
<arg>1</arg>
</arguments>
<msg timestamp="20200302 16:28:48.934" level="INFO">Slept 1 second</msg>
<status status="PASS" starttime="20200302 16:28:47.931" endtime="20200302 16:28:48.934"></status>
</kw>
<kw name="Log To Console" library="BuiltIn">
<doc>Logs the given message to the console.</doc>
<arguments>
<arg>Our Services &amp; Expertise</arg>
</arguments>
<status status="PASS" starttime="20200302 16:28:48.935" endtime="20200302 16:28:48.936"></status>
</kw>
<kw name="Capture Page Screenshot" library="SeleniumLibrary">
<doc>Takes a screenshot of the current page and embeds it into a log file.</doc>
<arguments>
<arg>${SCREENSHOT_PATH}/${ENVIRONMENT}/home/screenshot6.png</arg>
</arguments>
<msg timestamp="20200302 16:28:49.416" level="INFO" html="yes">&lt;/td&gt;&lt;/tr&gt;&lt;tr&gt;&lt;td colspan="3"&gt;&lt;a href="../screenshot/desktop/home/screenshot6.png"&gt;&lt;img src="../screenshot/desktop/home/screenshot6.png" width="800px"&gt;&lt;/a&gt;</msg>
<status status="PASS" starttime="20200302 16:28:48.936" endtime="20200302 16:28:49.417"></status>
</kw>
<kw name="Click Element" library="SeleniumLibrary">
<doc>Click the element identified by ``locator``.</doc>
<arguments>
<arg>${HOME_BRANDS}</arg>
</arguments>
<msg timestamp="20200302 16:28:49.418" level="INFO">Clicking element '//div[@class='company-logos']'.</msg>
<status status="PASS" starttime="20200302 16:28:49.417" endtime="20200302 16:28:49.530"></status>
</kw>
<kw name="Sleep" library="BuiltIn">
<doc>Pauses the test executed for the given time.</doc>
<arguments>
<arg>1</arg>
</arguments>
<msg timestamp="20200302 16:28:50.532" level="INFO">Slept 1 second</msg>
<status status="PASS" starttime="20200302 16:28:49.530" endtime="20200302 16:28:50.532"></status>
</kw>
<kw name="Log To Console" library="BuiltIn">
<doc>Logs the given message to the console.</doc>
<arguments>
<arg>Brands section</arg>
</arguments>
<status status="PASS" starttime="20200302 16:28:50.532" endtime="20200302 16:28:50.533"></status>
</kw>
<kw name="Capture Page Screenshot" library="SeleniumLibrary">
<doc>Takes a screenshot of the current page and embeds it into a log file.</doc>
<arguments>
<arg>${SCREENSHOT_PATH}/${ENVIRONMENT}/home/screenshot7.png</arg>
</arguments>
<msg timestamp="20200302 16:28:50.962" level="INFO" html="yes">&lt;/td&gt;&lt;/tr&gt;&lt;tr&gt;&lt;td colspan="3"&gt;&lt;a href="../screenshot/desktop/home/screenshot7.png"&gt;&lt;img src="../screenshot/desktop/home/screenshot7.png" width="800px"&gt;&lt;/a&gt;</msg>
<status status="PASS" starttime="20200302 16:28:50.533" endtime="20200302 16:28:50.963"></status>
</kw>
<kw name="Log To Console" library="BuiltIn">
<doc>Logs the given message to the console.</doc>
<arguments>
<arg>Demantec IBM Success Story</arg>
</arguments>
<status status="PASS" starttime="20200302 16:28:50.963" endtime="20200302 16:28:50.964"></status>
</kw>
<kw name="Click Element" library="SeleniumLibrary">
<doc>Click the element identified by ``locator``.</doc>
<arguments>
<arg>${HOME_DEMANTEC}</arg>
</arguments>
<msg timestamp="20200302 16:28:50.965" level="INFO">Clicking element '//html[1]/body[1]/main[1]/section[1]/section[2]/div[1]/ul[1]/li[4]/div[1]'.</msg>
<status status="PASS" starttime="20200302 16:28:50.964" endtime="20200302 16:28:51.085"></status>
</kw>
<kw name="Sleep" library="BuiltIn">
<doc>Pauses the test executed for the given time.</doc>
<arguments>
<arg>1</arg>
</arguments>
<msg timestamp="20200302 16:28:52.086" level="INFO">Slept 1 second</msg>
<status status="PASS" starttime="20200302 16:28:51.086" endtime="20200302 16:28:52.086"></status>
</kw>
<kw name="Capture Page Screenshot" library="SeleniumLibrary">
<doc>Takes a screenshot of the current page and embeds it into a log file.</doc>
<arguments>
<arg>${SCREENSHOT_PATH}/${ENVIRONMENT}/home/screenshot8.png</arg>
</arguments>
<msg timestamp="20200302 16:28:53.140" level="INFO" html="yes">&lt;/td&gt;&lt;/tr&gt;&lt;tr&gt;&lt;td colspan="3"&gt;&lt;a href="../screenshot/desktop/home/screenshot8.png"&gt;&lt;img src="../screenshot/desktop/home/screenshot8.png" width="800px"&gt;&lt;/a&gt;</msg>
<status status="PASS" starttime="20200302 16:28:52.086" endtime="20200302 16:28:53.140"></status>
</kw>
<kw name="Wait Until Element Is Visible" library="SeleniumLibrary">
<doc>Waits until the element ``locator`` is visible.</doc>
<arguments>
<arg>${HOME_SUCCESS_STORY_DEMANTEC}</arg>
</arguments>
<status status="PASS" starttime="20200302 16:28:53.140" endtime="20200302 16:28:53.178"></status>
</kw>
<kw name="Click Element" library="SeleniumLibrary">
<doc>Click the element identified by ``locator``.</doc>
<arguments>
<arg>${HOME_SUCCESS_STORY_DEMANTEC}</arg>
</arguments>
<msg timestamp="20200302 16:28:53.179" level="INFO">Clicking element '//html[1]/body[1]/main[1]/section[1]/section[2]/div[1]/ul[1]/li[4]/div[1]/div[1]/div[2]/a[1]'.</msg>
<status status="PASS" starttime="20200302 16:28:53.179" endtime="20200302 16:28:53.695"></status>
</kw>
<kw name="Sleep" library="BuiltIn">
<doc>Pauses the test executed for the given time.</doc>
<arguments>
<arg>3</arg>
</arguments>
<msg timestamp="20200302 16:28:56.697" level="INFO">Slept 3 seconds</msg>
<status status="PASS" starttime="20200302 16:28:53.696" endtime="20200302 16:28:56.697"></status>
</kw>
<kw name="Capture Page Screenshot" library="SeleniumLibrary">
<doc>Takes a screenshot of the current page and embeds it into a log file.</doc>
<arguments>
<arg>${SCREENSHOT_PATH}/${ENVIRONMENT}/home/screenshot9.png</arg>
</arguments>
<msg timestamp="20200302 16:28:57.381" level="INFO" html="yes">&lt;/td&gt;&lt;/tr&gt;&lt;tr&gt;&lt;td colspan="3"&gt;&lt;a href="../screenshot/desktop/home/screenshot9.png"&gt;&lt;img src="../screenshot/desktop/home/screenshot9.png" width="800px"&gt;&lt;/a&gt;</msg>
<status status="PASS" starttime="20200302 16:28:56.698" endtime="20200302 16:28:57.381"></status>
</kw>
<kw name="Go To" library="SeleniumLibrary">
<doc>Navigates the current browser window to the provided ``url``.</doc>
<arguments>
<arg>${SITE_URL}</arg>
</arguments>
<msg timestamp="20200302 16:28:57.382" level="INFO">Opening url 'https://sonataservices.com'</msg>
<status status="PASS" starttime="20200302 16:28:57.382" endtime="20200302 16:28:58.080"></status>
</kw>
<kw name="Sleep" library="BuiltIn">
<doc>Pauses the test executed for the given time.</doc>
<arguments>
<arg>3</arg>
</arguments>
<msg timestamp="20200302 16:29:01.082" level="INFO">Slept 3 seconds</msg>
<status status="PASS" starttime="20200302 16:28:58.080" endtime="20200302 16:29:01.082"></status>
</kw>
<kw name="Log To Console" library="BuiltIn">
<doc>Logs the given message to the console.</doc>
<arguments>
<arg>Taylor Made Success Story Page</arg>
</arguments>
<status status="PASS" starttime="20200302 16:29:01.083" endtime="20200302 16:29:01.089"></status>
</kw>
<kw name="Click Element" library="SeleniumLibrary">
<doc>Click the element identified by ``locator``.</doc>
<arguments>
<arg>${HOME_TAYLORMEADE}</arg>
</arguments>
<msg timestamp="20200302 16:29:01.091" level="INFO">Clicking element '//html[1]/body[1]/main[1]/section[1]/section[2]/div[1]/div[1]/ol[1]/li[2]/button[1]'.</msg>
<status status="PASS" starttime="20200302 16:29:01.090" endtime="20200302 16:29:01.347"></status>
</kw>
<kw name="Sleep" library="BuiltIn">
<doc>Pauses the test executed for the given time.</doc>
<arguments>
<arg>1</arg>
</arguments>
<msg timestamp="20200302 16:29:02.350" level="INFO">Slept 1 second</msg>
<status status="PASS" starttime="20200302 16:29:01.348" endtime="20200302 16:29:02.350"></status>
</kw>
<kw name="Capture Page Screenshot" library="SeleniumLibrary">
<doc>Takes a screenshot of the current page and embeds it into a log file.</doc>
<arguments>
<arg>${SCREENSHOT_PATH}/${ENVIRONMENT}/home/screenshot10.png</arg>
</arguments>
<msg timestamp="20200302 16:29:02.949" level="INFO" html="yes">&lt;/td&gt;&lt;/tr&gt;&lt;tr&gt;&lt;td colspan="3"&gt;&lt;a href="../screenshot/desktop/home/screenshot10.png"&gt;&lt;img src="../screenshot/desktop/home/screenshot10.png" width="800px"&gt;&lt;/a&gt;</msg>
<status status="PASS" starttime="20200302 16:29:02.351" endtime="20200302 16:29:02.949"></status>
</kw>
<kw name="Click Element" library="SeleniumLibrary">
<doc>Click the element identified by ``locator``.</doc>
<arguments>
<arg>${HOME_SUCCESS_STORY_TAYLORMEADE}</arg>
</arguments>
<msg timestamp="20200302 16:29:02.950" level="INFO">Clicking element '//html[1]/body[1]/main[1]/section[1]/section[2]/div[1]/ul[1]/li[5]/div[1]/div[1]/div[2]/a[1]'.</msg>
<status status="PASS" starttime="20200302 16:29:02.949" endtime="20200302 16:29:03.240"></status>
</kw>
<kw name="Sleep" library="BuiltIn">
<doc>Pauses the test executed for the given time.</doc>
<arguments>
<arg>3</arg>
</arguments>
<msg timestamp="20200302 16:29:06.242" level="INFO">Slept 3 seconds</msg>
<status status="PASS" starttime="20200302 16:29:03.241" endtime="20200302 16:29:06.242"></status>
</kw>
<kw name="Capture Page Screenshot" library="SeleniumLibrary">
<doc>Takes a screenshot of the current page and embeds it into a log file.</doc>
<arguments>
<arg>${SCREENSHOT_PATH}/${ENVIRONMENT}/home/screenshot11.png</arg>
</arguments>
<msg timestamp="20200302 16:29:06.831" level="INFO" html="yes">&lt;/td&gt;&lt;/tr&gt;&lt;tr&gt;&lt;td colspan="3"&gt;&lt;a href="../screenshot/desktop/home/screenshot11.png"&gt;&lt;img src="../screenshot/desktop/home/screenshot11.png" width="800px"&gt;&lt;/a&gt;</msg>
<status status="PASS" starttime="20200302 16:29:06.243" endtime="20200302 16:29:06.832"></status>
</kw>
<kw name="Go To" library="SeleniumLibrary">
<doc>Navigates the current browser window to the provided ``url``.</doc>
<arguments>
<arg>${SITE_URL}</arg>
</arguments>
<msg timestamp="20200302 16:29:06.833" level="INFO">Opening url 'https://sonataservices.com'</msg>
<status status="PASS" starttime="20200302 16:29:06.832" endtime="20200302 16:29:07.133"></status>
</kw>
<kw name="Sleep" library="BuiltIn">
<doc>Pauses the test executed for the given time.</doc>
<arguments>
<arg>3</arg>
</arguments>
<msg timestamp="20200302 16:29:10.135" level="INFO">Slept 3 seconds</msg>
<status status="PASS" starttime="20200302 16:29:07.134" endtime="20200302 16:29:10.135"></status>
</kw>
<kw name="Log To Console" library="BuiltIn">
<doc>Logs the given message to the console.</doc>
<arguments>
<arg>Iron Port Cisco Success Story</arg>
</arguments>
<status status="PASS" starttime="20200302 16:29:10.136" endtime="20200302 16:29:10.137"></status>
</kw>
<kw name="Click Element" library="SeleniumLibrary">
<doc>Click the element identified by ``locator``.</doc>
<arguments>
<arg>${HOME_IRONPORT}</arg>
</arguments>
<msg timestamp="20200302 16:29:10.138" level="INFO">Clicking element '//html[1]/body[1]/main[1]/section[1]/section[2]/div[1]/div[1]/ol[1]/li[3]/button[1]'.</msg>
<status status="PASS" starttime="20200302 16:29:10.137" endtime="20200302 16:29:10.288"></status>
</kw>
<kw name="Sleep" library="BuiltIn">
<doc>Pauses the test executed for the given time.</doc>
<arguments>
<arg>1</arg>
</arguments>
<msg timestamp="20200302 16:29:11.291" level="INFO">Slept 1 second</msg>
<status status="PASS" starttime="20200302 16:29:10.289" endtime="20200302 16:29:11.291"></status>
</kw>
<kw name="Capture Page Screenshot" library="SeleniumLibrary">
<doc>Takes a screenshot of the current page and embeds it into a log file.</doc>
<arguments>
<arg>${SCREENSHOT_PATH}/${ENVIRONMENT}/home/screenshot12.png</arg>
</arguments>
<msg timestamp="20200302 16:29:12.287" level="INFO" html="yes">&lt;/td&gt;&lt;/tr&gt;&lt;tr&gt;&lt;td colspan="3"&gt;&lt;a href="../screenshot/desktop/home/screenshot12.png"&gt;&lt;img src="../screenshot/desktop/home/screenshot12.png" width="800px"&gt;&lt;/a&gt;</msg>
<status status="PASS" starttime="20200302 16:29:11.292" endtime="20200302 16:29:12.287"></status>
</kw>
<kw name="Click Element" library="SeleniumLibrary">
<doc>Click the element identified by ``locator``.</doc>
<arguments>
<arg>${HOME_SUCCESS_STORY_IRONPORT}</arg>
</arguments>
<msg timestamp="20200302 16:29:12.288" level="INFO">Clicking element '//html[1]/body[1]/main[1]/section[1]/section[2]/div[1]/ul[1]/li[6]/div[1]/div[1]/div[2]/a[1]'.</msg>
<status status="PASS" starttime="20200302 16:29:12.287" endtime="20200302 16:29:12.554"></status>
</kw>
<kw name="Sleep" library="BuiltIn">
<doc>Pauses the test executed for the given time.</doc>
<arguments>
<arg>3</arg>
</arguments>
<msg timestamp="20200302 16:29:15.557" level="INFO">Slept 3 seconds</msg>
<status status="PASS" starttime="20200302 16:29:12.554" endtime="20200302 16:29:15.557"></status>
</kw>
<kw name="Capture Page Screenshot" library="SeleniumLibrary">
<doc>Takes a screenshot of the current page and embeds it into a log file.</doc>
<arguments>
<arg>${SCREENSHOT_PATH}/${ENVIRONMENT}/home/screenshot13.png</arg>
</arguments>
<msg timestamp="20200302 16:29:16.490" level="INFO" html="yes">&lt;/td&gt;&lt;/tr&gt;&lt;tr&gt;&lt;td colspan="3"&gt;&lt;a href="../screenshot/desktop/home/screenshot13.png"&gt;&lt;img src="../screenshot/desktop/home/screenshot13.png" width="800px"&gt;&lt;/a&gt;</msg>
<status status="PASS" starttime="20200302 16:29:15.558" endtime="20200302 16:29:16.491"></status>
</kw>
<kw name="Go To" library="SeleniumLibrary">
<doc>Navigates the current browser window to the provided ``url``.</doc>
<arguments>
<arg>${SITE_URL}</arg>
</arguments>
<msg timestamp="20200302 16:29:16.491" level="INFO">Opening url 'https://sonataservices.com'</msg>
<status status="PASS" starttime="20200302 16:29:16.491" endtime="20200302 16:29:16.677"></status>
</kw>
<kw name="Sleep" library="BuiltIn">
<doc>Pauses the test executed for the given time.</doc>
<arguments>
<arg>3</arg>
</arguments>
<msg timestamp="20200302 16:29:19.679" level="INFO">Slept 3 seconds</msg>
<status status="PASS" starttime="20200302 16:29:16.678" endtime="20200302 16:29:19.679"></status>
</kw>
<kw name="Log To Console" library="BuiltIn">
<doc>Logs the given message to the console.</doc>
<arguments>
<arg>Footer</arg>
</arguments>
<status status="PASS" starttime="20200302 16:29:19.680" endtime="20200302 16:29:19.681"></status>
</kw>
<kw name="Click Element" library="SeleniumLibrary">
<doc>Click the element identified by ``locator``.</doc>
<arguments>
<arg>${HOME_FOOTER}</arg>
</arguments>
<msg timestamp="20200302 16:29:19.683" level="INFO">Clicking element '//div[@class='footer__copyright']'.</msg>
<status status="PASS" starttime="20200302 16:29:19.682" endtime="20200302 16:29:19.829"></status>
</kw>
<kw name="Capture Page Screenshot" library="SeleniumLibrary">
<doc>Takes a screenshot of the current page and embeds it into a log file.</doc>
<arguments>
<arg>${SCREENSHOT_PATH}/${ENVIRONMENT}/home/screenshot14.png</arg>
</arguments>
<msg timestamp="20200302 16:29:20.555" level="INFO" html="yes">&lt;/td&gt;&lt;/tr&gt;&lt;tr&gt;&lt;td colspan="3"&gt;&lt;a href="../screenshot/desktop/home/screenshot14.png"&gt;&lt;img src="../screenshot/desktop/home/screenshot14.png" width="800px"&gt;&lt;/a&gt;</msg>
<status status="PASS" starttime="20200302 16:29:19.830" endtime="20200302 16:29:20.555"></status>
</kw>
<kw name="Log To Console" library="BuiltIn">
<doc>Logs the given message to the console.</doc>
<arguments>
<arg>End Home Page</arg>
</arguments>
<status status="PASS" starttime="20200302 16:29:20.556" endtime="20200302 16:29:20.556"></status>
</kw>
<status status="PASS" starttime="20200302 16:28:18.913" endtime="20200302 16:29:20.556"></status>
</kw>
<kw name="Open Services Page" library="services">
<arguments>
<arg>${DESKTOP}</arg>
</arguments>
<kw name="Log To Console" library="BuiltIn">
<doc>Logs the given message to the console.</doc>
<arguments>
<arg>Open Services Page</arg>
</arguments>
<status status="PASS" starttime="20200302 16:29:20.557" endtime="20200302 16:29:20.558"></status>
</kw>
<kw name="Go To" library="SeleniumLibrary">
<doc>Navigates the current browser window to the provided ``url``.</doc>
<arguments>
<arg>${SERVICES_URL}</arg>
</arguments>
<msg timestamp="20200302 16:29:20.558" level="INFO">Opening url 'https://sonataservices.com/services'</msg>
<status status="PASS" starttime="20200302 16:29:20.558" endtime="20200302 16:29:20.831"></status>
</kw>
<kw name="Sleep" library="BuiltIn">
<doc>Pauses the test executed for the given time.</doc>
<arguments>
<arg>5</arg>
</arguments>
<msg timestamp="20200302 16:29:25.834" level="INFO">Slept 5 seconds</msg>
<status status="PASS" starttime="20200302 16:29:20.832" endtime="20200302 16:29:25.834"></status>
</kw>
<kw name="Capture Page Screenshot" library="SeleniumLibrary">
<doc>Takes a screenshot of the current page and embeds it into a log file.</doc>
<arguments>
<arg>${SCREENSHOT_PATH}/${ENVIRONMENT}/services_page/screenshot1.png</arg>
</arguments>
<msg timestamp="20200302 16:29:26.634" level="INFO" html="yes">&lt;/td&gt;&lt;/tr&gt;&lt;tr&gt;&lt;td colspan="3"&gt;&lt;a href="../screenshot/desktop/services_page/screenshot1.png"&gt;&lt;img src="../screenshot/desktop/services_page/screenshot1.png" width="800px"&gt;&lt;/a&gt;</msg>
<status status="PASS" starttime="20200302 16:29:25.835" endtime="20200302 16:29:26.634"></status>
</kw>
<kw name="Log To Console" library="BuiltIn">
<doc>Logs the given message to the console.</doc>
<arguments>
<arg>Go to our services &amp; expertise</arg>
</arguments>
<status status="PASS" starttime="20200302 16:29:26.634" endtime="20200302 16:29:26.635"></status>
</kw>
<kw name="Click Element" library="SeleniumLibrary">
<doc>Click the element identified by ``locator``.</doc>
<arguments>
<arg>${SERVICES_OUR_SERVICES}</arg>
</arguments>
<msg timestamp="20200302 16:29:26.635" level="INFO">Clicking element '//p[contains(text(),'QA &amp; Testing')]'.</msg>
<status status="PASS" starttime="20200302 16:29:26.635" endtime="20200302 16:29:26.723"></status>
</kw>
<kw name="Capture Page Screenshot" library="SeleniumLibrary">
<doc>Takes a screenshot of the current page and embeds it into a log file.</doc>
<arguments>
<arg>${SCREENSHOT_PATH}/${ENVIRONMENT}/services_page/screenshot2.png</arg>
</arguments>
<msg timestamp="20200302 16:29:27.256" level="INFO" html="yes">&lt;/td&gt;&lt;/tr&gt;&lt;tr&gt;&lt;td colspan="3"&gt;&lt;a href="../screenshot/desktop/services_page/screenshot2.png"&gt;&lt;img src="../screenshot/desktop/services_page/screenshot2.png" width="800px"&gt;&lt;/a&gt;</msg>
<status status="PASS" starttime="20200302 16:29:26.723" endtime="20200302 16:29:27.257"></status>
</kw>
<kw name="Log To Console" library="BuiltIn">
<doc>Logs the given message to the console.</doc>
<arguments>
<arg>Contact us section</arg>
</arguments>
<status status="PASS" starttime="20200302 16:29:27.257" endtime="20200302 16:29:27.258"></status>
</kw>
<kw name="Click Element" library="SeleniumLibrary">
<doc>Click the element identified by ``locator``.</doc>
<arguments>
<arg>${SERVICES_CONTACT_US}</arg>
</arguments>
<msg timestamp="20200302 16:29:27.259" level="INFO">Clicking element '//div[@class='services__bottom-wrapper']'.</msg>
<status status="PASS" starttime="20200302 16:29:27.258" endtime="20200302 16:29:27.351"></status>
</kw>
<kw name="Capture Page Screenshot" library="SeleniumLibrary">
<doc>Takes a screenshot of the current page and embeds it into a log file.</doc>
<arguments>
<arg>${SCREENSHOT_PATH}/${ENVIRONMENT}/services_page/screenshot3.png</arg>
</arguments>
<msg timestamp="20200302 16:29:27.728" level="INFO" html="yes">&lt;/td&gt;&lt;/tr&gt;&lt;tr&gt;&lt;td colspan="3"&gt;&lt;a href="../screenshot/desktop/services_page/screenshot3.png"&gt;&lt;img src="../screenshot/desktop/services_page/screenshot3.png" width="800px"&gt;&lt;/a&gt;</msg>
<status status="PASS" starttime="20200302 16:29:27.351" endtime="20200302 16:29:27.728"></status>
</kw>
<kw name="Log To Console" library="BuiltIn">
<doc>Logs the given message to the console.</doc>
<arguments>
<arg>End Services Page</arg>
</arguments>
<status status="PASS" starttime="20200302 16:29:27.728" endtime="20200302 16:29:27.729"></status>
</kw>
<status status="PASS" starttime="20200302 16:29:20.557" endtime="20200302 16:29:27.729"></status>
</kw>
<kw name="Open Success Stories Page" library="success_stories">
<arguments>
<arg>${DESKTOP}</arg>
</arguments>
<kw name="Log To Console" library="BuiltIn">
<doc>Logs the given message to the console.</doc>
<arguments>
<arg>Open Success Stories Page</arg>
</arguments>
<status status="PASS" starttime="20200302 16:29:27.731" endtime="20200302 16:29:27.732"></status>
</kw>
<kw name="Go To" library="SeleniumLibrary">
<doc>Navigates the current browser window to the provided ``url``.</doc>
<arguments>
<arg>${SUCCESS_STORIES_URL}</arg>
</arguments>
<msg timestamp="20200302 16:29:27.733" level="INFO">Opening url 'https://sonataservices.com/success-stories'</msg>
<status status="PASS" starttime="20200302 16:29:27.732" endtime="20200302 16:29:27.972"></status>
</kw>
<kw name="Sleep" library="BuiltIn">
<doc>Pauses the test executed for the given time.</doc>
<arguments>
<arg>10</arg>
</arguments>
<msg timestamp="20200302 16:29:37.973" level="INFO">Slept 10 seconds</msg>
<status status="PASS" starttime="20200302 16:29:27.972" endtime="20200302 16:29:37.973"></status>
</kw>
<kw name="Log To Console" library="BuiltIn">
<doc>Logs the given message to the console.</doc>
<arguments>
<arg>Cisco Success Story</arg>
</arguments>
<status status="PASS" starttime="20200302 16:29:37.973" endtime="20200302 16:29:37.974"></status>
</kw>
<kw name="Click Element" library="SeleniumLibrary">
<doc>Click the element identified by ``locator``.</doc>
<arguments>
<arg>${SUCCESS_STORIES_CISCO_BANNER}</arg>
</arguments>
<msg timestamp="20200302 16:29:37.974" level="INFO">Clicking element '//html[1]/body[1]/main[1]/section[1]/section[1]/div[1]/div[2]/ol[1]/li[1]/button[1]'.</msg>
<status status="PASS" starttime="20200302 16:29:37.974" endtime="20200302 16:29:38.077"></status>
</kw>
<kw name="Sleep" library="BuiltIn">
<doc>Pauses the test executed for the given time.</doc>
<arguments>
<arg>5</arg>
</arguments>
<msg timestamp="20200302 16:29:43.080" level="INFO">Slept 5 seconds</msg>
<status status="PASS" starttime="20200302 16:29:38.077" endtime="20200302 16:29:43.080"></status>
</kw>
<kw name="Log To Console" library="BuiltIn">
<doc>Logs the given message to the console.</doc>
<arguments>
<arg>IBM Success Story</arg>
</arguments>
<status status="PASS" starttime="20200302 16:29:43.080" endtime="20200302 16:29:43.081"></status>
</kw>
<kw name="Click Element" library="SeleniumLibrary">
<doc>Click the element identified by ``locator``.</doc>
<arguments>
<arg>${SUCCESS_STORIES_IBM_BANNER}</arg>
</arguments>
<msg timestamp="20200302 16:29:43.082" level="INFO">Clicking element '//html[1]/body[1]/main[1]/section[1]/section[1]/div[1]/div[2]/ol[1]/li[2]/button[1]'.</msg>
<status status="PASS" starttime="20200302 16:29:43.081" endtime="20200302 16:29:43.204"></status>
</kw>
<kw name="Capture Page Screenshot" library="SeleniumLibrary">
<doc>Takes a screenshot of the current page and embeds it into a log file.</doc>
<arguments>
<arg>${SCREENSHOT_PATH}/${ENVIRONMENT}/success_stories/screenshot2.png</arg>
</arguments>
<msg timestamp="20200302 16:29:44.988" level="INFO" html="yes">&lt;/td&gt;&lt;/tr&gt;&lt;tr&gt;&lt;td colspan="3"&gt;&lt;a href="../screenshot/desktop/success_stories/screenshot2.png"&gt;&lt;img src="../screenshot/desktop/success_stories/screenshot2.png" width="800px"&gt;&lt;/a&gt;</msg>
<status status="PASS" starttime="20200302 16:29:43.205" endtime="20200302 16:29:44.989"></status>
</kw>
<kw name="Sleep" library="BuiltIn">
<doc>Pauses the test executed for the given time.</doc>
<arguments>
<arg>5</arg>
</arguments>
<msg timestamp="20200302 16:29:49.991" level="INFO">Slept 5 seconds</msg>
<status status="PASS" starttime="20200302 16:29:44.989" endtime="20200302 16:29:49.991"></status>
</kw>
<kw name="Log To Console" library="BuiltIn">
<doc>Logs the given message to the console.</doc>
<arguments>
<arg>Fox Success Story</arg>
</arguments>
<status status="PASS" starttime="20200302 16:29:49.991" endtime="20200302 16:29:49.992"></status>
</kw>
<kw name="Click Element" library="SeleniumLibrary">
<doc>Click the element identified by ``locator``.</doc>
<arguments>
<arg>${SUCCESS_STORIES_FOX_BANNER}</arg>
</arguments>
<msg timestamp="20200302 16:29:49.994" level="INFO">Clicking element '//html[1]/body[1]/main[1]/section[1]/section[1]/div[1]/div[2]/ol[1]/li[3]/button[1]'.</msg>
<status status="PASS" starttime="20200302 16:29:49.993" endtime="20200302 16:29:50.124"></status>
</kw>
<kw name="Capture Page Screenshot" library="SeleniumLibrary">
<doc>Takes a screenshot of the current page and embeds it into a log file.</doc>
<arguments>
<arg>${SCREENSHOT_PATH}/${ENVIRONMENT}/success_stories/screenshot3.png</arg>
</arguments>
<msg timestamp="20200302 16:29:51.559" level="INFO" html="yes">&lt;/td&gt;&lt;/tr&gt;&lt;tr&gt;&lt;td colspan="3"&gt;&lt;a href="../screenshot/desktop/success_stories/screenshot3.png"&gt;&lt;img src="../screenshot/desktop/success_stories/screenshot3.png" width="800px"&gt;&lt;/a&gt;</msg>
<status status="PASS" starttime="20200302 16:29:50.124" endtime="20200302 16:29:51.560"></status>
</kw>
<kw name="Sleep" library="BuiltIn">
<doc>Pauses the test executed for the given time.</doc>
<arguments>
<arg>5</arg>
</arguments>
<msg timestamp="20200302 16:29:56.561" level="INFO">Slept 5 seconds</msg>
<status status="PASS" starttime="20200302 16:29:51.560" endtime="20200302 16:29:56.561"></status>
</kw>
<kw name="Log To Console" library="BuiltIn">
<doc>Logs the given message to the console.</doc>
<arguments>
<arg>Mobi Tv Success Story</arg>
</arguments>
<status status="PASS" starttime="20200302 16:29:56.562" endtime="20200302 16:29:56.562"></status>
</kw>
<kw name="Click Element" library="SeleniumLibrary">
<doc>Click the element identified by ``locator``.</doc>
<arguments>
<arg>${SUCCESS_STORIES_MOBITV_BANNER}</arg>
</arguments>
<msg timestamp="20200302 16:29:56.563" level="INFO">Clicking element '//html[1]/body[1]/main[1]/section[1]/section[1]/div[1]/div[2]/ol[1]/li[4]/button[1]'.</msg>
<status status="PASS" starttime="20200302 16:29:56.563" endtime="20200302 16:29:56.674"></status>
</kw>
<kw name="Capture Page Screenshot" library="SeleniumLibrary">
<doc>Takes a screenshot of the current page and embeds it into a log file.</doc>
<arguments>
<arg>${SCREENSHOT_PATH}/${ENVIRONMENT}/success_stories/screenshot4.png</arg>
</arguments>
<msg timestamp="20200302 16:29:58.162" level="INFO" html="yes">&lt;/td&gt;&lt;/tr&gt;&lt;tr&gt;&lt;td colspan="3"&gt;&lt;a href="../screenshot/desktop/success_stories/screenshot4.png"&gt;&lt;img src="../screenshot/desktop/success_stories/screenshot4.png" width="800px"&gt;&lt;/a&gt;</msg>
<status status="PASS" starttime="20200302 16:29:56.674" endtime="20200302 16:29:58.163"></status>
</kw>
<kw name="Sleep" library="BuiltIn">
<doc>Pauses the test executed for the given time.</doc>
<arguments>
<arg>5</arg>
</arguments>
<msg timestamp="20200302 16:30:03.164" level="INFO">Slept 5 seconds</msg>
<status status="PASS" starttime="20200302 16:29:58.163" endtime="20200302 16:30:03.164"></status>
</kw>
<kw name="Log To Console" library="BuiltIn">
<doc>Logs the given message to the console.</doc>
<arguments>
<arg>Taylor Made Success Story</arg>
</arguments>
<status status="PASS" starttime="20200302 16:30:03.164" endtime="20200302 16:30:03.165"></status>
</kw>
<kw name="Click Element" library="SeleniumLibrary">
<doc>Click the element identified by ``locator``.</doc>
<arguments>
<arg>${SUCCESS_STORIES_TAYLORMADE_BANNER}</arg>
</arguments>
<msg timestamp="20200302 16:30:03.165" level="INFO">Clicking element '//html[1]/body[1]/main[1]/section[1]/section[1]/div[1]/div[2]/ol[1]/li[5]/button[1]'.</msg>
<status status="PASS" starttime="20200302 16:30:03.165" endtime="20200302 16:30:03.255"></status>
</kw>
<kw name="Capture Page Screenshot" library="SeleniumLibrary">
<doc>Takes a screenshot of the current page and embeds it into a log file.</doc>
<arguments>
<arg>${SCREENSHOT_PATH}/${ENVIRONMENT}/success_stories/screenshot5.png</arg>
</arguments>
<msg timestamp="20200302 16:30:04.442" level="INFO" html="yes">&lt;/td&gt;&lt;/tr&gt;&lt;tr&gt;&lt;td colspan="3"&gt;&lt;a href="../screenshot/desktop/success_stories/screenshot5.png"&gt;&lt;img src="../screenshot/desktop/success_stories/screenshot5.png" width="800px"&gt;&lt;/a&gt;</msg>
<status status="PASS" starttime="20200302 16:30:03.255" endtime="20200302 16:30:04.442"></status>
</kw>
<kw name="Sleep" library="BuiltIn">
<doc>Pauses the test executed for the given time.</doc>
<arguments>
<arg>5</arg>
</arguments>
<msg timestamp="20200302 16:30:09.442" level="INFO">Slept 5 seconds</msg>
<status status="PASS" starttime="20200302 16:30:04.442" endtime="20200302 16:30:09.442"></status>
</kw>
<kw name="Log To Console" library="BuiltIn">
<doc>Logs the given message to the console.</doc>
<arguments>
<arg>End Success Stories Page</arg>
</arguments>
<status status="PASS" starttime="20200302 16:30:09.443" endtime="20200302 16:30:09.444"></status>
</kw>
<status status="PASS" starttime="20200302 16:29:27.730" endtime="20200302 16:30:09.445"></status>
</kw>
<kw name="Go To Job Positions" library="careers">
<arguments>
<arg>${DESKTOP}</arg>
</arguments>
<kw name="Log To Console" library="BuiltIn">
<doc>Logs the given message to the console.</doc>
<arguments>
<arg>Open Careers Page</arg>
</arguments>
<status status="PASS" starttime="20200302 16:30:09.449" endtime="20200302 16:30:09.451"></status>
</kw>
<kw name="Go To" library="SeleniumLibrary">
<doc>Navigates the current browser window to the provided ``url``.</doc>
<arguments>
<arg>${CAREERS_URL}</arg>
</arguments>
<msg timestamp="20200302 16:30:09.453" level="INFO">Opening url 'https://sonataservices.com/careers'</msg>
<status status="PASS" starttime="20200302 16:30:09.452" endtime="20200302 16:30:09.882"></status>
</kw>
<kw name="Sleep" library="BuiltIn">
<doc>Pauses the test executed for the given time.</doc>
<arguments>
<arg>5</arg>
</arguments>
<msg timestamp="20200302 16:30:14.884" level="INFO">Slept 5 seconds</msg>
<status status="PASS" starttime="20200302 16:30:09.882" endtime="20200302 16:30:14.884"></status>
</kw>
<kw name="Capture Page Screenshot" library="SeleniumLibrary">
<doc>Takes a screenshot of the current page and embeds it into a log file.</doc>
<arguments>
<arg>${SCREENSHOT_PATH}/${ENVIRONMENT}/careers/screenshot1.png</arg>
</arguments>
<msg timestamp="20200302 16:30:15.693" level="INFO" html="yes">&lt;/td&gt;&lt;/tr&gt;&lt;tr&gt;&lt;td colspan="3"&gt;&lt;a href="../screenshot/desktop/careers/screenshot1.png"&gt;&lt;img src="../screenshot/desktop/careers/screenshot1.png" width="800px"&gt;&lt;/a&gt;</msg>
<status status="PASS" starttime="20200302 16:30:14.884" endtime="20200302 16:30:15.693"></status>
</kw>
<kw name="Click Element" library="SeleniumLibrary">
<doc>Click the element identified by ``locator``.</doc>
<arguments>
<arg>${CAREERS_SEND_US_RESUME}</arg>
</arguments>
<msg timestamp="20200302 16:30:15.694" level="INFO">Clicking element '//a[@class='btn btn-primary']'.</msg>
<status status="PASS" starttime="20200302 16:30:15.694" endtime="20200302 16:30:15.798"></status>
</kw>
<kw name="Sleep" library="BuiltIn">
<doc>Pauses the test executed for the given time.</doc>
<arguments>
<arg>5</arg>
</arguments>
<msg timestamp="20200302 16:30:20.800" level="INFO">Slept 5 seconds</msg>
<status status="PASS" starttime="20200302 16:30:15.798" endtime="20200302 16:30:20.800"></status>
</kw>
<kw name="Log To Console" library="BuiltIn">
<doc>Logs the given message to the console.</doc>
<arguments>
<arg>Go to Overview Positions Available</arg>
</arguments>
<status status="PASS" starttime="20200302 16:30:20.800" endtime="20200302 16:30:20.802"></status>
</kw>
<kw name="Capture Page Screenshot" library="SeleniumLibrary">
<doc>Takes a screenshot of the current page and embeds it into a log file.</doc>
<arguments>
<arg>${SCREENSHOT_PATH}/${ENVIRONMENT}/careers/screenshot2.png</arg>
</arguments>
<msg timestamp="20200302 16:30:21.234" level="INFO" html="yes">&lt;/td&gt;&lt;/tr&gt;&lt;tr&gt;&lt;td colspan="3"&gt;&lt;a href="../screenshot/desktop/careers/screenshot2.png"&gt;&lt;img src="../screenshot/desktop/careers/screenshot2.png" width="800px"&gt;&lt;/a&gt;</msg>
<status status="PASS" starttime="20200302 16:30:20.802" endtime="20200302 16:30:21.234"></status>
</kw>
<kw name="Sleep" library="BuiltIn">
<doc>Pauses the test executed for the given time.</doc>
<arguments>
<arg>5</arg>
</arguments>
<msg timestamp="20200302 16:30:26.237" level="INFO">Slept 5 seconds</msg>
<status status="PASS" starttime="20200302 16:30:21.235" endtime="20200302 16:30:26.237"></status>
</kw>
<kw name="Click Element" library="SeleniumLibrary">
<doc>Click the element identified by ``locator``.</doc>
<arguments>
<arg>${CAREERS_FIRST_JOB_POSITION}</arg>
</arguments>
<msg timestamp="20200302 16:30:26.239" level="INFO">Clicking element '//html[1]/body[1]/main[1]/section[1]/div[5]/div[2]/div[1]/div[1]/div[2]/p[3]'.</msg>
<status status="PASS" starttime="20200302 16:30:26.238" endtime="20200302 16:30:26.355"></status>
</kw>
<kw name="Wait Until Element Is Visible" library="SeleniumLibrary">
<doc>Waits until the element ``locator`` is visible.</doc>
<arguments>
<arg>${CAREERS_JOB_POSITION_PANEL}</arg>
</arguments>
<status status="PASS" starttime="20200302 16:30:26.355" endtime="20200302 16:30:26.723"></status>
</kw>
<kw name="Capture Page Screenshot" library="SeleniumLibrary">
<doc>Takes a screenshot of the current page and embeds it into a log file.</doc>
<arguments>
<arg>${SCREENSHOT_PATH}/${ENVIRONMENT}/careers/screenshot3.png</arg>
</arguments>
<msg timestamp="20200302 16:30:27.140" level="INFO" html="yes">&lt;/td&gt;&lt;/tr&gt;&lt;tr&gt;&lt;td colspan="3"&gt;&lt;a href="../screenshot/desktop/careers/screenshot3.png"&gt;&lt;img src="../screenshot/desktop/careers/screenshot3.png" width="800px"&gt;&lt;/a&gt;</msg>
<status status="PASS" starttime="20200302 16:30:26.724" endtime="20200302 16:30:27.140"></status>
</kw>
<status status="PASS" starttime="20200302 16:30:09.447" endtime="20200302 16:30:27.140"></status>
</kw>
<kw name="Share to Social Network" library="careers">
<arguments>
<arg>${DESKTOP}</arg>
</arguments>
<kw name="Log To Console" library="BuiltIn">
<doc>Logs the given message to the console.</doc>
<arguments>
<arg>Share to Social Network</arg>
</arguments>
<status status="PASS" starttime="20200302 16:30:27.141" endtime="20200302 16:30:27.141"></status>
</kw>
<kw name="Wait Until Element Is Visible" library="SeleniumLibrary">
<doc>Waits until the element ``locator`` is visible.</doc>
<arguments>
<arg>${CAREERS_SHARE}</arg>
</arguments>
<status status="PASS" starttime="20200302 16:30:27.142" endtime="20200302 16:30:27.170"></status>
</kw>
<kw name="Click Element" library="SeleniumLibrary">
<doc>Click the element identified by ``locator``.</doc>
<arguments>
<arg>${CAREERS_SHARE}</arg>
</arguments>
<msg timestamp="20200302 16:30:27.171" level="INFO">Clicking element '//*[@id='app']/section/div[5]/div[3]/aside/div[2]/div[1]/div/div/div[2]/div/div/img'.</msg>
<status status="PASS" starttime="20200302 16:30:27.171" endtime="20200302 16:30:27.253"></status>
</kw>
<kw name="Wait Until Element Is Visible" library="SeleniumLibrary">
<doc>Waits until the element ``locator`` is visible.</doc>
<arguments>
<arg>${CAREERS_TWITTER}</arg>
</arguments>
<status status="PASS" starttime="20200302 16:30:27.254" endtime="20200302 16:30:27.734"></status>
</kw>
<kw name="Click Element" library="SeleniumLibrary">
<doc>Click the element identified by ``locator``.</doc>
<arguments>
<arg>${CAREERS_TWITTER}</arg>
</arguments>
<msg timestamp="20200302 16:30:27.734" level="INFO">Clicking element '//*[@data-link='#share-twitter']'.</msg>
<status status="PASS" starttime="20200302 16:30:27.734" endtime="20200302 16:30:27.960"></status>
</kw>
<kw name="Capture Page Screenshot" library="SeleniumLibrary">
<doc>Takes a screenshot of the current page and embeds it into a log file.</doc>
<arguments>
<arg>${SCREENSHOT_PATH}/${ENVIRONMENT}/careers/screenshot4.png</arg>
</arguments>
<msg timestamp="20200302 16:30:28.471" level="INFO" html="yes">&lt;/td&gt;&lt;/tr&gt;&lt;tr&gt;&lt;td colspan="3"&gt;&lt;a href="../screenshot/desktop/careers/screenshot4.png"&gt;&lt;img src="../screenshot/desktop/careers/screenshot4.png" width="800px"&gt;&lt;/a&gt;</msg>
<status status="PASS" starttime="20200302 16:30:27.960" endtime="20200302 16:30:28.471"></status>
</kw>
<kw name="Log To Console" library="BuiltIn">
<doc>Logs the given message to the console.</doc>
<arguments>
<arg>Open Twitter Login Dialog</arg>
</arguments>
<status status="PASS" starttime="20200302 16:30:28.471" endtime="20200302 16:30:28.472"></status>
</kw>
<kw name="Sleep" library="BuiltIn">
<doc>Pauses the test executed for the given time.</doc>
<arguments>
<arg>5</arg>
</arguments>
<msg timestamp="20200302 16:30:33.474" level="INFO">Slept 5 seconds</msg>
<status status="PASS" starttime="20200302 16:30:28.472" endtime="20200302 16:30:33.474"></status>
</kw>
<kw name="Select Window" library="SeleniumLibrary">
<doc>DEPRECATED in SeleniumLibrary 4.0. , use `Switch Window` instead.</doc>
<arguments>
<arg>title=Share a link on Twitter</arg>
</arguments>
<status status="PASS" starttime="20200302 16:30:33.474" endtime="20200302 16:30:34.582"></status>
</kw>
<kw name="Capture Page Screenshot" library="SeleniumLibrary">
<doc>Takes a screenshot of the current page and embeds it into a log file.</doc>
<arguments>
<arg>${SCREENSHOT_PATH}/${ENVIRONMENT}/careers/screenshot5.png</arg>
</arguments>
<msg timestamp="20200302 16:30:34.840" level="INFO" html="yes">&lt;/td&gt;&lt;/tr&gt;&lt;tr&gt;&lt;td colspan="3"&gt;&lt;a href="../screenshot/desktop/careers/screenshot5.png"&gt;&lt;img src="../screenshot/desktop/careers/screenshot5.png" width="800px"&gt;&lt;/a&gt;</msg>
<status status="PASS" starttime="20200302 16:30:34.582" endtime="20200302 16:30:34.840"></status>
</kw>
<status status="PASS" starttime="20200302 16:30:27.140" endtime="20200302 16:30:34.840"></status>
</kw>
<kw name="Login Twitter" library="careers">
<doc>Log to Twitter</doc>
<arguments>
<arg>${DESKTOP}</arg>
<arg>${TWITTER_USERNAME}</arg>
<arg>${TWITTER_PASSWORD}</arg>
</arguments>
<kw name="Log To Console" library="BuiltIn">
<doc>Logs the given message to the console.</doc>
<arguments>
<arg>Type User and Password</arg>
</arguments>
<status status="PASS" starttime="20200302 16:30:34.842" endtime="20200302 16:30:34.844"></status>
</kw>
<kw name="Input Text" library="SeleniumLibrary">
<doc>Types the given ``text`` into the text field identified by ``locator``.</doc>
<arguments>
<arg>${TWITTER_USERNAME_INPUT}</arg>
<arg>${TWITTER_USERNAME}</arg>
</arguments>
<msg timestamp="20200302 16:30:34.845" level="INFO">Typing text 'dany_itt@hotmail.com' into text field '//*[@id='username_or_email']'.</msg>
<status status="PASS" starttime="20200302 16:30:34.844" endtime="20200302 16:30:35.152"></status>
</kw>
<kw name="Input Text" library="SeleniumLibrary">
<doc>Types the given ``text`` into the text field identified by ``locator``.</doc>
<arguments>
<arg>${TWITTER_PASSWORD_INPUT}</arg>
<arg>${TWITTER_PASSWORD}</arg>
</arguments>
<msg timestamp="20200302 16:30:35.153" level="INFO">Typing text 'M1P@$$w0rd' into text field '//*[@id='password']'.</msg>
<status status="PASS" starttime="20200302 16:30:35.153" endtime="20200302 16:30:35.350"></status>
</kw>
<kw name="Capture Page Screenshot" library="SeleniumLibrary">
<doc>Takes a screenshot of the current page and embeds it into a log file.</doc>
<arguments>
<arg>${SCREENSHOT_PATH}/${ENVIRONMENT}/careers/screenshot6.png</arg>
</arguments>
<msg timestamp="20200302 16:30:35.629" level="INFO" html="yes">&lt;/td&gt;&lt;/tr&gt;&lt;tr&gt;&lt;td colspan="3"&gt;&lt;a href="../screenshot/desktop/careers/screenshot6.png"&gt;&lt;img src="../screenshot/desktop/careers/screenshot6.png" width="800px"&gt;&lt;/a&gt;</msg>
<status status="PASS" starttime="20200302 16:30:35.351" endtime="20200302 16:30:35.630"></status>
</kw>
<status status="PASS" starttime="20200302 16:30:34.841" endtime="20200302 16:30:35.630"></status>
</kw>
<kw name="Submit Tweet" library="careers">
<doc>Login and Post Tweet message</doc>
<arguments>
<arg>${DESKTOP}</arg>
</arguments>
<kw name="Log To Console" library="BuiltIn">
<doc>Logs the given message to the console.</doc>
<arguments>
<arg>Login to Twitter and Post Tweet</arg>
</arguments>
<status status="PASS" starttime="20200302 16:30:35.632" endtime="20200302 16:30:35.634"></status>
</kw>
<kw name="Click Element" library="SeleniumLibrary">
<doc>Click the element identified by ``locator``.</doc>
<arguments>
<arg>${TWITTER_LOGIN_BUTTON}</arg>
</arguments>
<msg timestamp="20200302 16:30:35.635" level="INFO">Clicking element '//*[@id='update-form']/div[3]/fieldset[2]/input'.</msg>
<status status="PASS" starttime="20200302 16:30:35.634" endtime="20200302 16:30:36.476"></status>
</kw>
<kw name="Sleep" library="BuiltIn">
<doc>Pauses the test executed for the given time.</doc>
<arguments>
<arg>5</arg>
</arguments>
<msg timestamp="20200302 16:30:41.478" level="INFO">Slept 5 seconds</msg>
<status status="PASS" starttime="20200302 16:30:36.477" endtime="20200302 16:30:41.478"></status>
</kw>
<kw name="Capture Page Screenshot" library="SeleniumLibrary">
<doc>Takes a screenshot of the current page and embeds it into a log file.</doc>
<arguments>
<arg>${SCREENSHOT_PATH}/${ENVIRONMENT}/careers/screenshot7.png</arg>
</arguments>
<msg timestamp="20200302 16:30:41.712" level="INFO" html="yes">&lt;/td&gt;&lt;/tr&gt;&lt;tr&gt;&lt;td colspan="3"&gt;&lt;a href="../screenshot/desktop/careers/screenshot7.png"&gt;&lt;img src="../screenshot/desktop/careers/screenshot7.png" width="800px"&gt;&lt;/a&gt;</msg>
<status status="PASS" starttime="20200302 16:30:41.478" endtime="20200302 16:30:41.713"></status>
</kw>
<kw name="Click Element" library="SeleniumLibrary">
<doc>Click the element identified by ``locator``.</doc>
<arguments>
<arg>${TWITTER_SUBMIT}</arg>
</arguments>
<msg timestamp="20200302 16:30:41.713" level="INFO">Clicking element '//*[@id='update-form']/div[3]/fieldset/input'.</msg>
<status status="PASS" starttime="20200302 16:30:41.713" endtime="20200302 16:30:42.269"></status>
</kw>
<kw name="Sleep" library="BuiltIn">
<doc>Pauses the test executed for the given time.</doc>
<arguments>
<arg>5</arg>
</arguments>
<msg timestamp="20200302 16:30:47.271" level="INFO">Slept 5 seconds</msg>
<status status="PASS" starttime="20200302 16:30:42.269" endtime="20200302 16:30:47.271"></status>
</kw>
<kw name="Get Window Titles" library="SeleniumLibrary">
<doc>Returns and logs titles of all windows of the selected browser.</doc>
<assign>
<var>${WindowTitles}</var>
</assign>
<msg timestamp="20200302 16:30:48.306" level="INFO">Altogether 1 item.
1: Happy Employees Great Work | Sonata Services</msg>
<msg timestamp="20200302 16:30:48.306" level="INFO">${WindowTitles} = ['Happy Employees Great Work | Sonata Services']</msg>
<status status="PASS" starttime="20200302 16:30:47.271" endtime="20200302 16:30:48.306"></status>
</kw>
<kw name="Get From List" library="Collections">
<doc>Returns the value specified with an ``index`` from ``list``.</doc>
<arguments>
<arg>${WindowTitles}</arg>
<arg>-1</arg>
</arguments>
<assign>
<var>${WindowToOpen}</var>
</assign>
<msg timestamp="20200302 16:30:48.307" level="INFO">${WindowToOpen} = Happy Employees Great Work | Sonata Services</msg>
<status status="PASS" starttime="20200302 16:30:48.306" endtime="20200302 16:30:48.307"></status>
</kw>
<kw name="Switch Browser" library="SeleniumLibrary">
<doc>Switches between active browsers using ``index_or_alias``.</doc>
<arguments>
<arg>1</arg>
</arguments>
<status status="PASS" starttime="20200302 16:30:48.307" endtime="20200302 16:30:48.307"></status>
</kw>
<kw name="Click Element" library="SeleniumLibrary">
<doc>Click the element identified by ``locator``.</doc>
<arguments>
<arg>${CAREERS_CLOSE}</arg>
</arguments>
<msg timestamp="20200302 16:30:48.308" level="INFO">Clicking element '//*[@id='app']/section/div[5]/div[3]/aside/div[2]/div[1]/div/div/div[2]/span'.</msg>
<status status="PASS" starttime="20200302 16:30:48.308" endtime="20200302 16:30:48.390"></status>
</kw>
<kw name="Log To Console" library="BuiltIn">
<doc>Logs the given message to the console.</doc>
<arguments>
<arg>Link has been shared to Twitter</arg>
</arguments>
<status status="PASS" starttime="20200302 16:30:48.392" endtime="20200302 16:30:48.392"></status>
</kw>
<kw name="Log To Console" library="BuiltIn">
<doc>Logs the given message to the console.</doc>
<arguments>
<arg>End Careers Page</arg>
</arguments>
<status status="PASS" starttime="20200302 16:30:48.392" endtime="20200302 16:30:48.392"></status>
</kw>
<status status="PASS" starttime="20200302 16:30:35.631" endtime="20200302 16:30:48.392"></status>
</kw>
<kw name="Open About Us Page" library="about_us">
<doc>About Us Page</doc>
<arguments>
<arg>${DESKTOP}</arg>
</arguments>
<kw name="Log To Console" library="BuiltIn">
<doc>Logs the given message to the console.</doc>
<arguments>
<arg>Start About Us Page</arg>
</arguments>
<status status="PASS" starttime="20200302 16:30:48.393" endtime="20200302 16:30:48.394"></status>
</kw>
<kw name="Go To" library="SeleniumLibrary">
<doc>Navigates the current browser window to the provided ``url``.</doc>
<arguments>
<arg>${ABOUT_US_URL}</arg>
</arguments>
<msg timestamp="20200302 16:30:48.394" level="INFO">Opening url 'https://sonataservices.com/about-us'</msg>
<status status="PASS" starttime="20200302 16:30:48.394" endtime="20200302 16:30:48.696"></status>
</kw>
<kw name="Sleep" library="BuiltIn">
<doc>Pauses the test executed for the given time.</doc>
<arguments>
<arg>3</arg>
</arguments>
<msg timestamp="20200302 16:30:51.699" level="INFO">Slept 3 seconds</msg>
<status status="PASS" starttime="20200302 16:30:48.696" endtime="20200302 16:30:51.699"></status>
</kw>
<kw name="Capture Page Screenshot" library="SeleniumLibrary">
<doc>Takes a screenshot of the current page and embeds it into a log file.</doc>
<arguments>
<arg>${SCREENSHOT_PATH}/${ENVIRONMENT}/about_us/screenshot1.png</arg>
</arguments>
<msg timestamp="20200302 16:30:52.289" level="INFO" html="yes">&lt;/td&gt;&lt;/tr&gt;&lt;tr&gt;&lt;td colspan="3"&gt;&lt;a href="../screenshot/desktop/about_us/screenshot1.png"&gt;&lt;img src="../screenshot/desktop/about_us/screenshot1.png" width="800px"&gt;&lt;/a&gt;</msg>
<status status="PASS" starttime="20200302 16:30:51.699" endtime="20200302 16:30:52.289"></status>
</kw>
<kw name="Click Element" library="SeleniumLibrary">
<doc>Click the element identified by ``locator``.</doc>
<arguments>
<arg>${ABOUT_US_WANNA_GO_BIG}</arg>
</arguments>
<msg timestamp="20200302 16:30:52.290" level="INFO">Clicking element '//*[@id='app']/section/div[2]/div[1]/div[2]'.</msg>
<status status="PASS" starttime="20200302 16:30:52.289" endtime="20200302 16:30:52.369"></status>
</kw>
<kw name="Capture Page Screenshot" library="SeleniumLibrary">
<doc>Takes a screenshot of the current page and embeds it into a log file.</doc>
<arguments>
<arg>${SCREENSHOT_PATH}/${ENVIRONMENT}/about_us/screenshot2.png</arg>
</arguments>
<msg timestamp="20200302 16:30:52.981" level="INFO" html="yes">&lt;/td&gt;&lt;/tr&gt;&lt;tr&gt;&lt;td colspan="3"&gt;&lt;a href="../screenshot/desktop/about_us/screenshot2.png"&gt;&lt;img src="../screenshot/desktop/about_us/screenshot2.png" width="800px"&gt;&lt;/a&gt;</msg>
<status status="PASS" starttime="20200302 16:30:52.370" endtime="20200302 16:30:52.981"></status>
</kw>
<kw name="Click Element" library="SeleniumLibrary">
<doc>Click the element identified by ``locator``.</doc>
<arguments>
<arg>${ABOUT_US_SECURE_FACILITIES}</arg>
</arguments>
<msg timestamp="20200302 16:30:52.982" level="INFO">Clicking element '//*[@id='app']/section/div[2]/div[2]/div[2]'.</msg>
<status status="PASS" starttime="20200302 16:30:52.981" endtime="20200302 16:30:53.050"></status>
</kw>
<kw name="Capture Page Screenshot" library="SeleniumLibrary">
<doc>Takes a screenshot of the current page and embeds it into a log file.</doc>
<arguments>
<arg>${SCREENSHOT_PATH}/${ENVIRONMENT}/about_us/screenshot3.png</arg>
</arguments>
<msg timestamp="20200302 16:30:53.504" level="INFO" html="yes">&lt;/td&gt;&lt;/tr&gt;&lt;tr&gt;&lt;td colspan="3"&gt;&lt;a href="../screenshot/desktop/about_us/screenshot3.png"&gt;&lt;img src="../screenshot/desktop/about_us/screenshot3.png" width="800px"&gt;&lt;/a&gt;</msg>
<status status="PASS" starttime="20200302 16:30:53.050" endtime="20200302 16:30:53.505"></status>
</kw>
<kw name="Click Element" library="SeleniumLibrary">
<doc>Click the element identified by ``locator``.</doc>
<arguments>
<arg>${ABOUT_US_SEAMLESS_SUPPORT}</arg>
</arguments>
<msg timestamp="20200302 16:30:53.505" level="INFO">Clicking element '//*[@id='app']/section/div[2]/div[3]/div[2]'.</msg>
<status status="PASS" starttime="20200302 16:30:53.505" endtime="20200302 16:30:53.582"></status>
</kw>
<kw name="Capture Page Screenshot" library="SeleniumLibrary">
<doc>Takes a screenshot of the current page and embeds it into a log file.</doc>
<arguments>
<arg>${SCREENSHOT_PATH}/${ENVIRONMENT}/about_us/screenshot4.png</arg>
</arguments>
<msg timestamp="20200302 16:30:54.089" level="INFO" html="yes">&lt;/td&gt;&lt;/tr&gt;&lt;tr&gt;&lt;td colspan="3"&gt;&lt;a href="../screenshot/desktop/about_us/screenshot4.png"&gt;&lt;img src="../screenshot/desktop/about_us/screenshot4.png" width="800px"&gt;&lt;/a&gt;</msg>
<status status="PASS" starttime="20200302 16:30:53.583" endtime="20200302 16:30:54.089"></status>
</kw>
<kw name="Click Element" library="SeleniumLibrary">
<doc>Click the element identified by ``locator``.</doc>
<arguments>
<arg>${ABOUT_US_FOOTER}</arg>
</arguments>
<msg timestamp="20200302 16:30:54.089" level="INFO">Clicking element '//*[@id='app']/footer/div[2]'.</msg>
<status status="PASS" starttime="20200302 16:30:54.089" endtime="20200302 16:30:54.148"></status>
</kw>
<kw name="Capture Page Screenshot" library="SeleniumLibrary">
<doc>Takes a screenshot of the current page and embeds it into a log file.</doc>
<arguments>
<arg>${SCREENSHOT_PATH}/${ENVIRONMENT}/about_us/screenshot5.png</arg>
</arguments>
<msg timestamp="20200302 16:30:54.572" level="INFO" html="yes">&lt;/td&gt;&lt;/tr&gt;&lt;tr&gt;&lt;td colspan="3"&gt;&lt;a href="../screenshot/desktop/about_us/screenshot5.png"&gt;&lt;img src="../screenshot/desktop/about_us/screenshot5.png" width="800px"&gt;&lt;/a&gt;</msg>
<status status="PASS" starttime="20200302 16:30:54.149" endtime="20200302 16:30:54.573"></status>
</kw>
<kw name="Log To Console" library="BuiltIn">
<doc>Logs the given message to the console.</doc>
<arguments>
<arg>End About Us Page</arg>
</arguments>
<status status="PASS" starttime="20200302 16:30:54.573" endtime="20200302 16:30:54.573"></status>
</kw>
<status status="PASS" starttime="20200302 16:30:48.393" endtime="20200302 16:30:54.573"></status>
</kw>
<kw name="Open Blog Page" library="blog">
<doc>Blog Page</doc>
<arguments>
<arg>${DESKTOP}</arg>
</arguments>
<kw name="Log To Console" library="BuiltIn">
<doc>Logs the given message to the console.</doc>
<arguments>
<arg>Open Blog Page</arg>
</arguments>
<status status="PASS" starttime="20200302 16:30:54.574" endtime="20200302 16:30:54.575"></status>
</kw>
<kw name="Go To" library="SeleniumLibrary">
<doc>Navigates the current browser window to the provided ``url``.</doc>
<arguments>
<arg>${BLOG_URL}</arg>
</arguments>
<msg timestamp="20200302 16:30:54.575" level="INFO">Opening url 'https://sonataservices.com/blog'</msg>
<status status="PASS" starttime="20200302 16:30:54.575" endtime="20200302 16:30:54.787"></status>
</kw>
<kw name="Sleep" library="BuiltIn">
<doc>Pauses the test executed for the given time.</doc>
<arguments>
<arg>5</arg>
</arguments>
<msg timestamp="20200302 16:30:59.790" level="INFO">Slept 5 seconds</msg>
<status status="PASS" starttime="20200302 16:30:54.788" endtime="20200302 16:30:59.790"></status>
</kw>
<kw name="Capture Page Screenshot" library="SeleniumLibrary">
<doc>Takes a screenshot of the current page and embeds it into a log file.</doc>
<arguments>
<arg>${SCREENSHOT_PATH}/${ENVIRONMENT}/blog/screenshot1.png</arg>
</arguments>
<msg timestamp="20200302 16:31:00.641" level="INFO" html="yes">&lt;/td&gt;&lt;/tr&gt;&lt;tr&gt;&lt;td colspan="3"&gt;&lt;a href="../screenshot/desktop/blog/screenshot1.png"&gt;&lt;img src="../screenshot/desktop/blog/screenshot1.png" width="800px"&gt;&lt;/a&gt;</msg>
<status status="PASS" starttime="20200302 16:30:59.790" endtime="20200302 16:31:00.642"></status>
</kw>
<status status="PASS" starttime="20200302 16:30:54.574" endtime="20200302 16:31:00.642"></status>
</kw>
<kw name="Access to a Post" library="blog">
<arguments>
<arg>${DESKTOP}</arg>
</arguments>
<kw name="Log To Console" library="BuiltIn">
<doc>Logs the given message to the console.</doc>
<arguments>
<arg>Access to a Post</arg>
</arguments>
<status status="PASS" starttime="20200302 16:31:00.643" endtime="20200302 16:31:00.644"></status>
</kw>
<kw name="Select Window" library="SeleniumLibrary">
<doc>DEPRECATED in SeleniumLibrary 4.0. , use `Switch Window` instead.</doc>
<arguments>
<arg>Staff Augmentation QA Testing UI UX Design | Sonata Services</arg>
</arguments>
<status status="PASS" starttime="20200302 16:31:00.644" endtime="20200302 16:31:00.680"></status>
</kw>
<kw name="Click Element" library="SeleniumLibrary">
<doc>Click the element identified by ``locator``.</doc>
<arguments>
<arg>${BLOG_POST}</arg>
</arguments>
<msg timestamp="20200302 16:31:00.680" level="INFO">Clicking element '//*[@id='app']/section/div/div[2]/div'.</msg>
<status status="PASS" starttime="20200302 16:31:00.680" endtime="20200302 16:31:00.770"></status>
</kw>
<kw name="Sleep" library="BuiltIn">
<doc>Pauses the test executed for the given time.</doc>
<arguments>
<arg>5</arg>
</arguments>
<msg timestamp="20200302 16:31:05.772" level="INFO">Slept 5 seconds</msg>
<status status="PASS" starttime="20200302 16:31:00.771" endtime="20200302 16:31:05.772"></status>
</kw>
<kw name="Capture Page Screenshot" library="SeleniumLibrary">
<doc>Takes a screenshot of the current page and embeds it into a log file.</doc>
<arguments>
<arg>${SCREENSHOT_PATH}/${ENVIRONMENT}/blog/screenshot6.png</arg>
</arguments>
<msg timestamp="20200302 16:31:06.741" level="INFO" html="yes">&lt;/td&gt;&lt;/tr&gt;&lt;tr&gt;&lt;td colspan="3"&gt;&lt;a href="../screenshot/desktop/blog/screenshot6.png"&gt;&lt;img src="../screenshot/desktop/blog/screenshot6.png" width="800px"&gt;&lt;/a&gt;</msg>
<status status="PASS" starttime="20200302 16:31:05.772" endtime="20200302 16:31:06.741"></status>
</kw>
<status status="PASS" starttime="20200302 16:31:00.643" endtime="20200302 16:31:06.741"></status>
</kw>
<kw name="Submit Contacts from CSV file" library="contact">
<arguments>
<arg>${DESKTOP}</arg>
<arg>${NAME}</arg>
<arg>${EMAIL_ADDRESS}</arg>
<arg>${PHONE_NUMBER}</arg>
<arg>${COMPANY}</arg>
<arg>${MESSAGE}</arg>
</arguments>
<kw name="Log To Console" library="BuiltIn">
<doc>Logs the given message to the console.</doc>
<arguments>
<arg>Starting test using: ${NAME}</arg>
</arguments>
<status status="PASS" starttime="20200302 16:31:06.743" endtime="20200302 16:31:06.743"></status>
</kw>
<kw name="Open Contact Window" library="contact">
<arguments>
<arg>${ENVIRONMENT}</arg>
</arguments>
<kw name="Log To Console" library="BuiltIn">
<doc>Logs the given message to the console.</doc>
<arguments>
<arg>Open Contact Form</arg>
</arguments>
<status status="PASS" starttime="20200302 16:31:06.744" endtime="20200302 16:31:06.744"></status>
</kw>
<kw name="Run Keyword And Return Status" library="BuiltIn">
<doc>Runs the given keyword with given arguments and returns the status as a Boolean value.</doc>
<arguments>
<arg>Element Should Be Visible</arg>
<arg>${CONTACT_HAMBURGER_MENU}</arg>
</arguments>
<assign>
<var>${IS_MOBILE}</var>
</assign>
<kw name="Element Should Be Visible" library="SeleniumLibrary">
<doc>Verifies that the element identified by ``locator`` is visible.</doc>
<arguments>
<arg>${CONTACT_HAMBURGER_MENU}</arg>
</arguments>
<kw name="Capture Page Screenshot" library="SeleniumLibrary">
<doc>Takes a screenshot of the current page and embeds it into a log file.</doc>
<msg timestamp="20200302 16:31:07.694" level="INFO" html="yes">&lt;/td&gt;&lt;/tr&gt;&lt;tr&gt;&lt;td colspan="3"&gt;&lt;a href="selenium-screenshot-8.png"&gt;&lt;img src="selenium-screenshot-8.png" width="800px"&gt;&lt;/a&gt;</msg>
<status status="PASS" starttime="20200302 16:31:06.776" endtime="20200302 16:31:07.694"></status>
</kw>
<msg timestamp="20200302 16:31:07.728" level="FAIL">The element '//*[@id='app']/nav/div/div[1]' should be visible, but it is not.</msg>
<status status="FAIL" starttime="20200302 16:31:06.745" endtime="20200302 16:31:07.728"></status>
</kw>
<msg timestamp="20200302 16:31:07.729" level="INFO">${IS_MOBILE} = False</msg>
<status status="PASS" starttime="20200302 16:31:06.745" endtime="20200302 16:31:07.729"></status>
</kw>
<kw name="Run Keyword If" library="BuiltIn">
<doc>Runs the given keyword with the given arguments, if ``condition`` is true.</doc>
<arguments>
<arg>${IS_MOBILE}</arg>
<arg>click element</arg>
<arg>${CONTACT_HAMBURGER_MENU}</arg>
</arguments>
<status status="PASS" starttime="20200302 16:31:07.729" endtime="20200302 16:31:07.729"></status>
</kw>
<kw name="Log To Console" library="BuiltIn">
<doc>Logs the given message to the console.</doc>
<arguments>
<arg>Click to Hamburger Menu</arg>
</arguments>
<status status="PASS" starttime="20200302 16:31:07.729" endtime="20200302 16:31:07.730"></status>
</kw>
<kw name="Sleep" library="BuiltIn">
<doc>Pauses the test executed for the given time.</doc>
<arguments>
<arg>5</arg>
</arguments>
<msg timestamp="20200302 16:31:12.732" level="INFO">Slept 5 seconds</msg>
<status status="PASS" starttime="20200302 16:31:07.730" endtime="20200302 16:31:12.733"></status>
</kw>
<kw name="Click Element" library="SeleniumLibrary">
<doc>Click the element identified by ``locator``.</doc>
<arguments>
<arg>${CONTACT_LINK}</arg>
</arguments>
<msg timestamp="20200302 16:31:12.734" level="INFO">Clicking element '//*[@id='app']/nav/div/div[2]/ul/li[8]/a'.</msg>
<status status="PASS" starttime="20200302 16:31:12.733" endtime="20200302 16:31:12.847"></status>
</kw>
<kw name="Capture Page Screenshot" library="SeleniumLibrary">
<doc>Takes a screenshot of the current page and embeds it into a log file.</doc>
<arguments>
<arg>${SCREENSHOT_PATH}/${ENVIRONMENT}/contact/screenshot1.png</arg>
</arguments>
<msg timestamp="20200302 16:31:13.809" level="INFO" html="yes">&lt;/td&gt;&lt;/tr&gt;&lt;tr&gt;&lt;td colspan="3"&gt;&lt;a href="../screenshot/desktop/contact/screenshot1.png"&gt;&lt;img src="../screenshot/desktop/contact/screenshot1.png" width="800px"&gt;&lt;/a&gt;</msg>
<status status="PASS" starttime="20200302 16:31:12.847" endtime="20200302 16:31:13.809"></status>
</kw>
<status status="PASS" starttime="20200302 16:31:06.744" endtime="20200302 16:31:13.810"></status>
</kw>
<kw name="Set Name" library="contact">
<arguments>
<arg>${ENVIRONMENT}</arg>
<arg>${NAME}</arg>
</arguments>
<kw name="Log To Console" library="BuiltIn">
<doc>Logs the given message to the console.</doc>
<arguments>
<arg>Capture Name</arg>
</arguments>
<status status="PASS" starttime="20200302 16:31:13.810" endtime="20200302 16:31:13.811"></status>
</kw>
<kw name="Input Text" library="SeleniumLibrary">
<doc>Types the given ``text`` into the text field identified by ``locator``.</doc>
<arguments>
<arg>${CONTACT_NAME}</arg>
<arg>${NAME}</arg>
</arguments>
<msg timestamp="20200302 16:31:13.812" level="INFO">Typing text 'James Wilson' into text field '//*[@id='app']/aside/div[2]/div/form/div[1]/input'.</msg>
<status status="PASS" starttime="20200302 16:31:13.811" endtime="20200302 16:31:14.008"></status>
</kw>
<kw name="Capture Page Screenshot" library="SeleniumLibrary">
<doc>Takes a screenshot of the current page and embeds it into a log file.</doc>
<arguments>
<arg>${SCREENSHOT_PATH}/${ENVIRONMENT}/contact/screenshot2.png</arg>
</arguments>
<msg timestamp="20200302 16:31:14.952" level="INFO" html="yes">&lt;/td&gt;&lt;/tr&gt;&lt;tr&gt;&lt;td colspan="3"&gt;&lt;a href="../screenshot/desktop/contact/screenshot2.png"&gt;&lt;img src="../screenshot/desktop/contact/screenshot2.png" width="800px"&gt;&lt;/a&gt;</msg>
<status status="PASS" starttime="20200302 16:31:14.008" endtime="20200302 16:31:14.953"></status>
</kw>
<status status="PASS" starttime="20200302 16:31:13.810" endtime="20200302 16:31:14.953"></status>
</kw>
<kw name="Set Email Address" library="contact">
<arguments>
<arg>${ENVIRONMENT}</arg>
<arg>${EMAIL_ADDRESS}</arg>
</arguments>
<kw name="Log To Console" library="BuiltIn">
<doc>Logs the given message to the console.</doc>
<arguments>
<arg>Capture Email Address</arg>
</arguments>
<status status="PASS" starttime="20200302 16:31:14.954" endtime="20200302 16:31:14.956"></status>
</kw>
<kw name="Input Text" library="SeleniumLibrary">
<doc>Types the given ``text`` into the text field identified by ``locator``.</doc>
<arguments>
<arg>${CONTACT_EMAIL_ADDRESS}</arg>
<arg>${EMAIL_ADDRESS}</arg>
</arguments>
<msg timestamp="20200302 16:31:14.957" level="INFO">Typing text 'daniel.perez@sonatasmx.com' into text field '//*[@id='app']/aside/div[2]/div/form/div[2]/input'.</msg>
<status status="PASS" starttime="20200302 16:31:14.957" endtime="20200302 16:31:15.279"></status>
</kw>
<kw name="Capture Page Screenshot" library="SeleniumLibrary">
<doc>Takes a screenshot of the current page and embeds it into a log file.</doc>
<arguments>
<arg>${SCREENSHOT_PATH}/${ENVIRONMENT}/contact/screenshot3.png</arg>
</arguments>
<msg timestamp="20200302 16:31:16.268" level="INFO" html="yes">&lt;/td&gt;&lt;/tr&gt;&lt;tr&gt;&lt;td colspan="3"&gt;&lt;a href="../screenshot/desktop/contact/screenshot3.png"&gt;&lt;img src="../screenshot/desktop/contact/screenshot3.png" width="800px"&gt;&lt;/a&gt;</msg>
<status status="PASS" starttime="20200302 16:31:15.279" endtime="20200302 16:31:16.268"></status>
</kw>
<status status="PASS" starttime="20200302 16:31:14.953" endtime="20200302 16:31:16.268"></status>
</kw>
<kw name="Set Phone Number" library="contact">
<arguments>
<arg>${ENVIRONMENT}</arg>
<arg>${PHONE_NUMBER}</arg>
</arguments>
<kw name="Log To Console" library="BuiltIn">
<doc>Logs the given message to the console.</doc>
<arguments>
<arg>Capture Phone Number</arg>
</arguments>
<status status="PASS" starttime="20200302 16:31:16.269" endtime="20200302 16:31:16.269"></status>
</kw>
<kw name="Input Text" library="SeleniumLibrary">
<doc>Types the given ``text`` into the text field identified by ``locator``.</doc>
<arguments>
<arg>${CONTACT_PHONE_NUMBER}</arg>
<arg>${PHONE_NUMBER}</arg>
</arguments>
<msg timestamp="20200302 16:31:16.270" level="INFO">Typing text '6191234567' into text field '//*[@id='app']/aside/div[2]/div/form/div[3]/input'.</msg>
<status status="PASS" starttime="20200302 16:31:16.270" endtime="20200302 16:31:16.434"></status>
</kw>
<kw name="Capture Page Screenshot" library="SeleniumLibrary">
<doc>Takes a screenshot of the current page and embeds it into a log file.</doc>
<arguments>
<arg>${SCREENSHOT_PATH}/${ENVIRONMENT}/contact/screenshot4.png</arg>
</arguments>
<msg timestamp="20200302 16:31:17.278" level="INFO" html="yes">&lt;/td&gt;&lt;/tr&gt;&lt;tr&gt;&lt;td colspan="3"&gt;&lt;a href="../screenshot/desktop/contact/screenshot4.png"&gt;&lt;img src="../screenshot/desktop/contact/screenshot4.png" width="800px"&gt;&lt;/a&gt;</msg>
<status status="PASS" starttime="20200302 16:31:16.434" endtime="20200302 16:31:17.279"></status>
</kw>
<status status="PASS" starttime="20200302 16:31:16.268" endtime="20200302 16:31:17.279"></status>
</kw>
<kw name="Set Company" library="contact">
<arguments>
<arg>${ENVIRONMENT}</arg>
<arg>${COMPANY}</arg>
</arguments>
<kw name="Log To Console" library="BuiltIn">
<doc>Logs the given message to the console.</doc>
<arguments>
<arg>Capture Company</arg>
</arguments>
<status status="PASS" starttime="20200302 16:31:17.280" endtime="20200302 16:31:17.280"></status>
</kw>
<kw name="Input Text" library="SeleniumLibrary">
<doc>Types the given ``text`` into the text field identified by ``locator``.</doc>
<arguments>
<arg>${CONTACT_COMPANY}</arg>
<arg>${COMPANY}</arg>
</arguments>
<msg timestamp="20200302 16:31:17.281" level="INFO">Typing text 'Sonata Services MX' into text field '//*[@id='app']/aside/div[2]/div/form/div[4]/input'.</msg>
<status status="PASS" starttime="20200302 16:31:17.280" endtime="20200302 16:31:17.473"></status>
</kw>
<kw name="Capture Page Screenshot" library="SeleniumLibrary">
<doc>Takes a screenshot of the current page and embeds it into a log file.</doc>
<arguments>
<arg>${SCREENSHOT_PATH}/${ENVIRONMENT}/contact/screenshot5.png</arg>
</arguments>
<msg timestamp="20200302 16:31:18.335" level="INFO" html="yes">&lt;/td&gt;&lt;/tr&gt;&lt;tr&gt;&lt;td colspan="3"&gt;&lt;a href="../screenshot/desktop/contact/screenshot5.png"&gt;&lt;img src="../screenshot/desktop/contact/screenshot5.png" width="800px"&gt;&lt;/a&gt;</msg>
<status status="PASS" starttime="20200302 16:31:17.473" endtime="20200302 16:31:18.335"></status>
</kw>
<status status="PASS" starttime="20200302 16:31:17.279" endtime="20200302 16:31:18.335"></status>
</kw>
<kw name="Set Message" library="contact">
<arguments>
<arg>${ENVIRONMENT}</arg>
<arg>${MESSAGE}</arg>
</arguments>
<kw name="Log To Console" library="BuiltIn">
<doc>Logs the given message to the console.</doc>
<arguments>
<arg>Capture Description</arg>
</arguments>
<status status="PASS" starttime="20200302 16:31:18.336" endtime="20200302 16:31:18.336"></status>
</kw>
<kw name="Input Text" library="SeleniumLibrary">
<doc>Types the given ``text`` into the text field identified by ``locator``.</doc>
<arguments>
<arg>${CONTACT_MESSAGE}</arg>
<arg>${MESSAGE}</arg>
</arguments>
<msg timestamp="20200302 16:31:18.337" level="INFO">Typing text 'Automation Testing, please ignore' into text field '//*[@id='app']/aside/div[2]/div/form/div[5]/textarea'.</msg>
<status status="PASS" starttime="20200302 16:31:18.336" endtime="20200302 16:31:18.584"></status>
</kw>
<kw name="Capture Page Screenshot" library="SeleniumLibrary">
<doc>Takes a screenshot of the current page and embeds it into a log file.</doc>
<arguments>
<arg>${SCREENSHOT_PATH}/${ENVIRONMENT}/contact/screenshot6.png</arg>
</arguments>
<msg timestamp="20200302 16:31:19.434" level="INFO" html="yes">&lt;/td&gt;&lt;/tr&gt;&lt;tr&gt;&lt;td colspan="3"&gt;&lt;a href="../screenshot/desktop/contact/screenshot6.png"&gt;&lt;img src="../screenshot/desktop/contact/screenshot6.png" width="800px"&gt;&lt;/a&gt;</msg>
<status status="PASS" starttime="20200302 16:31:18.584" endtime="20200302 16:31:19.435"></status>
</kw>
<status status="PASS" starttime="20200302 16:31:18.335" endtime="20200302 16:31:19.435"></status>
</kw>
<status status="PASS" starttime="20200302 16:31:06.742" endtime="20200302 16:31:19.435"></status>
</kw>
<kw name="Close All Browsers" library="SeleniumLibrary">
<doc>Closes all open browsers and resets the browser cache.</doc>
<status status="PASS" starttime="20200302 16:31:19.435" endtime="20200302 16:31:22.319"></status>
</kw>
<status status="PASS" starttime="20200302 16:28:13.174" endtime="20200302 16:31:22.320" critical="yes"></status>
</test>
<test id="s1-t2" name="Test Sonata Website in Mobile Portrait">
<kw name="Set Mobile Portrait Mode" library="changedevice">
<kw name="Create Dictionary" library="BuiltIn">
<doc>Creates and returns a dictionary based on the given ``items``.</doc>
<arguments>
<arg>width=${360}</arg>
<arg>height=${640}</arg>
<arg>pixelRatio=${3.0}</arg>
<arg>userAgent=Mozilla/5.0 (Linux; Android 4.2.1; en-us; Nexus 5 Build/JOP40D) AppleWebKit/535.19 (KHTML, like Gecko) Chrome/18.0.1025.166 Mobile Safari/535.19</arg>
</arguments>
<assign>
<var>${DEVICE_METRICS}</var>
</assign>
<msg timestamp="20200302 16:31:22.328" level="INFO">${DEVICE_METRICS} = {'width': 360, 'height': 640, 'pixelRatio': 3.0, 'userAgent': 'Mozilla/5.0 (Linux; Android 4.2.1; en-us; Nexus 5 Build/JOP40D) AppleWebKit/535.19 (KHTML, like Gecko) Chrome/18.0.1025.166 Mobile Safari...</msg>
<status status="PASS" starttime="20200302 16:31:22.326" endtime="20200302 16:31:22.328"></status>
</kw>
<kw name="Change to Mobile Device" library="changedevice">
<arguments>
<arg>${DEVICE_METRICS}</arg>
</arguments>
<kw name="Create Dictionary" library="BuiltIn">
<doc>Creates and returns a dictionary based on the given ``items``.</doc>
<arguments>
<arg>deviceMetrics=${DEVICE_METRICS}</arg>
</arguments>
<assign>
<var>${MOBILE_EMULATION}</var>
</assign>
<msg timestamp="20200302 16:31:22.329" level="INFO">${MOBILE_EMULATION} = {'deviceMetrics': {'width': 360, 'height': 640, 'pixelRatio': 3.0, 'userAgent': 'Mozilla/5.0 (Linux; Android 4.2.1; en-us; Nexus 5 Build/JOP40D) AppleWebKit/535.19 (KHTML, like Gecko) Chrome/18.0.1025...</msg>
<status status="PASS" starttime="20200302 16:31:22.329" endtime="20200302 16:31:22.329"></status>
</kw>
<kw name="Evaluate" library="BuiltIn">
<doc>Evaluates the given expression in Python and returns the results.</doc>
<arguments>
<arg>sys.modules['selenium.webdriver'].ChromeOptions()</arg>
<arg>sys, selenium.webdriver</arg>
</arguments>
<assign>
<var>${CHROME_OPTIONS}</var>
</assign>
<msg timestamp="20200302 16:31:22.331" level="INFO">${CHROME_OPTIONS} = &lt;selenium.webdriver.chrome.options.Options object at 0x03A7E310&gt;</msg>
<status status="PASS" starttime="20200302 16:31:22.330" endtime="20200302 16:31:22.331"></status>
</kw>
<kw name="Call Method" library="BuiltIn">
<doc>Calls the named method of the given object with the provided arguments.</doc>
<arguments>
<arg>${CHROME_OPTIONS}</arg>
<arg>add_experimental_option</arg>
<arg>mobileEmulation</arg>
<arg>${MOBILE_EMULATION}</arg>
</arguments>
<status status="PASS" starttime="20200302 16:31:22.331" endtime="20200302 16:31:22.331"></status>
</kw>
<kw name="Create Webdriver" library="SeleniumLibrary">
<doc>Creates an instance of Selenium WebDriver.</doc>
<arguments>
<arg>Chrome</arg>
<arg>chrome_options=${CHROME_OPTIONS}</arg>
</arguments>
<msg timestamp="20200302 16:31:22.332" level="INFO">Creating an instance of the Chrome WebDriver.</msg>
<status status="PASS" starttime="20200302 16:31:22.332" endtime="20200302 16:31:24.829"></status>
</kw>
<status status="PASS" starttime="20200302 16:31:22.328" endtime="20200302 16:31:24.829"></status>
</kw>
<status status="PASS" starttime="20200302 16:31:22.325" endtime="20200302 16:31:24.830"></status>
</kw>
<kw name="Maximize Browser Window" library="SeleniumLibrary">
<doc>Maximizes current browser window.</doc>
<status status="PASS" starttime="20200302 16:31:24.844" endtime="20200302 16:31:25.968"></status>
</kw>
<kw name="Go To" library="SeleniumLibrary">
<doc>Navigates the current browser window to the provided ``url``.</doc>
<arguments>
<arg>${SITE_URL}</arg>
</arguments>
<msg timestamp="20200302 16:31:25.970" level="INFO">Opening url 'https://sonataservices.com'</msg>
<status status="PASS" starttime="20200302 16:31:25.970" endtime="20200302 16:31:27.090"></status>
</kw>
<kw name="Open Home Page" library="home">
<arguments>
<arg>${PORTRAIT}</arg>
</arguments>
<kw name="Log To Console" library="BuiltIn">
<doc>Logs the given message to the console.</doc>
<arguments>
<arg>Start Home Page</arg>
</arguments>
<status status="PASS" starttime="20200302 16:31:27.094" endtime="20200302 16:31:27.095"></status>
</kw>
<kw name="Sleep" library="BuiltIn">
<doc>Pauses the test executed for the given time.</doc>
<arguments>
<arg>5</arg>
</arguments>
<msg timestamp="20200302 16:31:32.097" level="INFO">Slept 5 seconds</msg>
<status status="PASS" starttime="20200302 16:31:27.095" endtime="20200302 16:31:32.097"></status>
</kw>
[...]
<doc>Click the element identified by ``locator``.</doc>
<arguments>
<arg>${ABOUT_US_SECURE_FACILITIES}</arg>
</arguments>
<msg timestamp="20200302 16:36:48.554" level="INFO">Clicking element '//*[@id='app']/section/div[2]/div[2]/div[2]'.</msg>
<status status="PASS" starttime="20200302 16:36:48.553" endtime="20200302 16:36:48.659"></status>
</kw>
<kw name="Capture Page Screenshot" library="SeleniumLibrary">
<doc>Takes a screenshot of the current page and embeds it into a log file.</doc>
<arguments>
<arg>${SCREENSHOT_PATH}/${ENVIRONMENT}/about_us/screenshot3.png</arg>
</arguments>
<msg timestamp="20200302 16:36:49.317" level="INFO" html="yes">&lt;/td&gt;&lt;/tr&gt;&lt;tr&gt;&lt;td colspan="3"&gt;&lt;a href="../screenshot/landscape/about_us/screenshot3.png"&gt;&lt;img src="../screenshot/landscape/about_us/screenshot3.png" width="800px"&gt;&lt;/a&gt;</msg>
<status status="PASS" starttime="20200302 16:36:48.659" endtime="20200302 16:36:49.317"></status>
</kw>
<kw name="Click Element" library="SeleniumLibrary">
<doc>Click the element identified by ``locator``.</doc>
<arguments>
<arg>${ABOUT_US_SEAMLESS_SUPPORT}</arg>
</arguments>
<msg timestamp="20200302 16:36:49.317" level="INFO">Clicking element '//*[@id='app']/section/div[2]/div[3]/div[2]'.</msg>
<status status="PASS" starttime="20200302 16:36:49.317" endtime="20200302 16:36:49.415"></status>
</kw>
<kw name="Capture Page Screenshot" library="SeleniumLibrary">
<doc>Takes a screenshot of the current page and embeds it into a log file.</doc>
<arguments>
<arg>${SCREENSHOT_PATH}/${ENVIRONMENT}/about_us/screenshot4.png</arg>
</arguments>
<msg timestamp="20200302 16:36:50.197" level="INFO" html="yes">&lt;/td&gt;&lt;/tr&gt;&lt;tr&gt;&lt;td colspan="3"&gt;&lt;a href="../screenshot/landscape/about_us/screenshot4.png"&gt;&lt;img src="../screenshot/landscape/about_us/screenshot4.png" width="800px"&gt;&lt;/a&gt;</msg>
<status status="PASS" starttime="20200302 16:36:49.415" endtime="20200302 16:36:50.197"></status>
</kw>
<kw name="Click Element" library="SeleniumLibrary">
<doc>Click the element identified by ``locator``.</doc>
<arguments>
<arg>${ABOUT_US_FOOTER}</arg>
</arguments>
<msg timestamp="20200302 16:36:50.199" level="INFO">Clicking element '//*[@id='app']/footer/div[2]'.</msg>
<status status="PASS" starttime="20200302 16:36:50.198" endtime="20200302 16:36:50.330"></status>
</kw>
<kw name="Capture Page Screenshot" library="SeleniumLibrary">
<doc>Takes a screenshot of the current page and embeds it into a log file.</doc>
<arguments>
<arg>${SCREENSHOT_PATH}/${ENVIRONMENT}/about_us/screenshot5.png</arg>
</arguments>
<msg timestamp="20200302 16:36:51.050" level="INFO" html="yes">&lt;/td&gt;&lt;/tr&gt;&lt;tr&gt;&lt;td colspan="3"&gt;&lt;a href="../screenshot/landscape/about_us/screenshot5.png"&gt;&lt;img src="../screenshot/landscape/about_us/screenshot5.png" width="800px"&gt;&lt;/a&gt;</msg>
<status status="PASS" starttime="20200302 16:36:50.331" endtime="20200302 16:36:51.050"></status>
</kw>
<kw name="Log To Console" library="BuiltIn">
<doc>Logs the given message to the console.</doc>
<arguments>
<arg>End About Us Page</arg>
</arguments>
<status status="PASS" starttime="20200302 16:36:51.050" endtime="20200302 16:36:51.051"></status>
</kw>
<status status="PASS" starttime="20200302 16:36:43.411" endtime="20200302 16:36:51.051"></status>
</kw>
<kw name="Open Blog Page" library="blog">
<doc>Blog Page</doc>
<arguments>
<arg>${LANDSCAPE}</arg>
</arguments>
<kw name="Log To Console" library="BuiltIn">
<doc>Logs the given message to the console.</doc>
<arguments>
<arg>Open Blog Page</arg>
</arguments>
<status status="PASS" starttime="20200302 16:36:51.053" endtime="20200302 16:36:51.054"></status>
</kw>
<kw name="Go To" library="SeleniumLibrary">
<doc>Navigates the current browser window to the provided ``url``.</doc>
<arguments>
<arg>${BLOG_URL}</arg>
</arguments>
<msg timestamp="20200302 16:36:51.055" level="INFO">Opening url 'https://sonataservices.com/blog'</msg>
<status status="PASS" starttime="20200302 16:36:51.054" endtime="20200302 16:36:51.339"></status>
</kw>
<kw name="Sleep" library="BuiltIn">
<doc>Pauses the test executed for the given time.</doc>
<arguments>
<arg>5</arg>
</arguments>
<msg timestamp="20200302 16:36:56.340" level="INFO">Slept 5 seconds</msg>
<status status="PASS" starttime="20200302 16:36:51.339" endtime="20200302 16:36:56.340"></status>
</kw>
<kw name="Capture Page Screenshot" library="SeleniumLibrary">
<doc>Takes a screenshot of the current page and embeds it into a log file.</doc>
<arguments>
<arg>${SCREENSHOT_PATH}/${ENVIRONMENT}/blog/screenshot1.png</arg>
</arguments>
<msg timestamp="20200302 16:36:57.273" level="INFO" html="yes">&lt;/td&gt;&lt;/tr&gt;&lt;tr&gt;&lt;td colspan="3"&gt;&lt;a href="../screenshot/landscape/blog/screenshot1.png"&gt;&lt;img src="../screenshot/landscape/blog/screenshot1.png" width="800px"&gt;&lt;/a&gt;</msg>
<status status="PASS" starttime="20200302 16:36:56.340" endtime="20200302 16:36:57.274"></status>
</kw>
<status status="PASS" starttime="20200302 16:36:51.052" endtime="20200302 16:36:57.274"></status>
</kw>
<kw name="Access to a Post" library="blog">
<arguments>
<arg>${LANDSCAPE}</arg>
</arguments>
<kw name="Log To Console" library="BuiltIn">
<doc>Logs the given message to the console.</doc>
<arguments>
<arg>Access to a Post</arg>
</arguments>
<status status="PASS" starttime="20200302 16:36:57.275" endtime="20200302 16:36:57.276"></status>
</kw>
<kw name="Select Window" library="SeleniumLibrary">
<doc>DEPRECATED in SeleniumLibrary 4.0. , use `Switch Window` instead.</doc>
<arguments>
<arg>Staff Augmentation QA Testing UI UX Design | Sonata Services</arg>
</arguments>
<status status="PASS" starttime="20200302 16:36:57.276" endtime="20200302 16:36:57.309"></status>
</kw>
<kw name="Click Element" library="SeleniumLibrary">
<doc>Click the element identified by ``locator``.</doc>
<arguments>
<arg>${BLOG_POST}</arg>
</arguments>
<msg timestamp="20200302 16:36:57.310" level="INFO">Clicking element '//*[@id='app']/section/div/div[2]/div'.</msg>
<status status="PASS" starttime="20200302 16:36:57.309" endtime="20200302 16:36:57.678"></status>
</kw>
<kw name="Sleep" library="BuiltIn">
<doc>Pauses the test executed for the given time.</doc>
<arguments>
<arg>5</arg>
</arguments>
<msg timestamp="20200302 16:37:02.680" level="INFO">Slept 5 seconds</msg>
<status status="PASS" starttime="20200302 16:36:57.679" endtime="20200302 16:37:02.680"></status>
</kw>
<kw name="Capture Page Screenshot" library="SeleniumLibrary">
<doc>Takes a screenshot of the current page and embeds it into a log file.</doc>
<arguments>
<arg>${SCREENSHOT_PATH}/${ENVIRONMENT}/blog/screenshot6.png</arg>
</arguments>
<msg timestamp="20200302 16:37:04.962" level="INFO" html="yes">&lt;/td&gt;&lt;/tr&gt;&lt;tr&gt;&lt;td colspan="3"&gt;&lt;a href="../screenshot/landscape/blog/screenshot6.png"&gt;&lt;img src="../screenshot/landscape/blog/screenshot6.png" width="800px"&gt;&lt;/a&gt;</msg>
<status status="PASS" starttime="20200302 16:37:02.680" endtime="20200302 16:37:04.962"></status>
</kw>
<status status="PASS" starttime="20200302 16:36:57.275" endtime="20200302 16:37:04.963"></status>
</kw>
<kw name="Submit Contacts from CSV file" library="contact">
<arguments>
<arg>${LANDSCAPE}</arg>
<arg>${NAME}</arg>
<arg>${EMAIL_ADDRESS}</arg>
<arg>${PHONE_NUMBER}</arg>
<arg>${COMPANY}</arg>
<arg>${MESSAGE}</arg>
</arguments>
<kw name="Log To Console" library="BuiltIn">
<doc>Logs the given message to the console.</doc>
<arguments>
<arg>Starting test using: ${NAME}</arg>
</arguments>
<status status="PASS" starttime="20200302 16:37:04.965" endtime="20200302 16:37:04.967"></status>
</kw>
<kw name="Open Contact Window" library="contact">
<arguments>
<arg>${ENVIRONMENT}</arg>
</arguments>
<kw name="Log To Console" library="BuiltIn">
<doc>Logs the given message to the console.</doc>
<arguments>
<arg>Open Contact Form</arg>
</arguments>
<status status="PASS" starttime="20200302 16:37:04.968" endtime="20200302 16:37:04.969"></status>
</kw>
<kw name="Run Keyword And Return Status" library="BuiltIn">
<doc>Runs the given keyword with given arguments and returns the status as a Boolean value.</doc>
<arguments>
<arg>Element Should Be Visible</arg>
<arg>${CONTACT_HAMBURGER_MENU}</arg>
</arguments>
<assign>
<var>${IS_MOBILE}</var>
</assign>
<kw name="Element Should Be Visible" library="SeleniumLibrary">
<doc>Verifies that the element identified by ``locator`` is visible.</doc>
<arguments>
<arg>${CONTACT_HAMBURGER_MENU}</arg>
</arguments>
<msg timestamp="20200302 16:37:05.023" level="INFO">Element '//*[@id='app']/nav/div/div[1]' is displayed.</msg>
<status status="PASS" starttime="20200302 16:37:04.970" endtime="20200302 16:37:05.023"></status>
</kw>
<msg timestamp="20200302 16:37:05.024" level="INFO">${IS_MOBILE} = True</msg>
<status status="PASS" starttime="20200302 16:37:04.969" endtime="20200302 16:37:05.024"></status>
</kw>
<kw name="Run Keyword If" library="BuiltIn">
<doc>Runs the given keyword with the given arguments, if ``condition`` is true.</doc>
<arguments>
<arg>${IS_MOBILE}</arg>
<arg>click element</arg>
<arg>${CONTACT_HAMBURGER_MENU}</arg>
</arguments>
<kw name="Click Element" library="SeleniumLibrary">
<doc>Click the element identified by ``locator``.</doc>
<arguments>
<arg>${CONTACT_HAMBURGER_MENU}</arg>
</arguments>
<msg timestamp="20200302 16:37:05.026" level="INFO">Clicking element '//*[@id='app']/nav/div/div[1]'.</msg>
<status status="PASS" starttime="20200302 16:37:05.025" endtime="20200302 16:37:05.210"></status>
</kw>
<status status="PASS" starttime="20200302 16:37:05.024" endtime="20200302 16:37:05.210"></status>
</kw>
<kw name="Log To Console" library="BuiltIn">
<doc>Logs the given message to the console.</doc>
<arguments>
<arg>Click to Hamburger Menu</arg>
</arguments>
<status status="PASS" starttime="20200302 16:37:05.211" endtime="20200302 16:37:05.213"></status>
</kw>
<kw name="Sleep" library="BuiltIn">
<doc>Pauses the test executed for the given time.</doc>
<arguments>
<arg>5</arg>
</arguments>
<msg timestamp="20200302 16:37:10.216" level="INFO">Slept 5 seconds</msg>
<status status="PASS" starttime="20200302 16:37:05.213" endtime="20200302 16:37:10.216"></status>
</kw>
<kw name="Click Element" library="SeleniumLibrary">
<doc>Click the element identified by ``locator``.</doc>
<arguments>
<arg>${CONTACT_LINK}</arg>
</arguments>
<msg timestamp="20200302 16:37:10.217" level="INFO">Clicking element '//*[@id='app']/nav/div/div[2]/ul/li[8]/a'.</msg>
<status status="PASS" starttime="20200302 16:37:10.217" endtime="20200302 16:37:10.342"></status>
</kw>
<kw name="Capture Page Screenshot" library="SeleniumLibrary">
<doc>Takes a screenshot of the current page and embeds it into a log file.</doc>
<arguments>
<arg>${SCREENSHOT_PATH}/${ENVIRONMENT}/contact/screenshot1.png</arg>
</arguments>
<msg timestamp="20200302 16:37:11.997" level="INFO" html="yes">&lt;/td&gt;&lt;/tr&gt;&lt;tr&gt;&lt;td colspan="3"&gt;&lt;a href="../screenshot/landscape/contact/screenshot1.png"&gt;&lt;img src="../screenshot/landscape/contact/screenshot1.png" width="800px"&gt;&lt;/a&gt;</msg>
<status status="PASS" starttime="20200302 16:37:10.342" endtime="20200302 16:37:11.997"></status>
</kw>
<status status="PASS" starttime="20200302 16:37:04.967" endtime="20200302 16:37:11.997"></status>
</kw>
<kw name="Set Name" library="contact">
<arguments>
<arg>${ENVIRONMENT}</arg>
<arg>${NAME}</arg>
</arguments>
<kw name="Log To Console" library="BuiltIn">
<doc>Logs the given message to the console.</doc>
<arguments>
<arg>Capture Name</arg>
</arguments>
<status status="PASS" starttime="20200302 16:37:11.998" endtime="20200302 16:37:11.999"></status>
</kw>
<kw name="Input Text" library="SeleniumLibrary">
<doc>Types the given ``text`` into the text field identified by ``locator``.</doc>
<arguments>
<arg>${CONTACT_NAME}</arg>
<arg>${NAME}</arg>
</arguments>
<msg timestamp="20200302 16:37:11.999" level="INFO">Typing text 'James Wilson' into text field '//*[@id='app']/aside/div[2]/div/form/div[1]/input'.</msg>
<status status="PASS" starttime="20200302 16:37:11.999" endtime="20200302 16:37:12.225"></status>
</kw>
<kw name="Capture Page Screenshot" library="SeleniumLibrary">
<doc>Takes a screenshot of the current page and embeds it into a log file.</doc>
<arguments>
<arg>${SCREENSHOT_PATH}/${ENVIRONMENT}/contact/screenshot2.png</arg>
</arguments>
<msg timestamp="20200302 16:37:13.620" level="INFO" html="yes">&lt;/td&gt;&lt;/tr&gt;&lt;tr&gt;&lt;td colspan="3"&gt;&lt;a href="../screenshot/landscape/contact/screenshot2.png"&gt;&lt;img src="../screenshot/landscape/contact/screenshot2.png" width="800px"&gt;&lt;/a&gt;</msg>
<status status="PASS" starttime="20200302 16:37:12.226" endtime="20200302 16:37:13.620"></status>
</kw>
<status status="PASS" starttime="20200302 16:37:11.998" endtime="20200302 16:37:13.620"></status>
</kw>
<kw name="Set Email Address" library="contact">
<arguments>
<arg>${ENVIRONMENT}</arg>
<arg>${EMAIL_ADDRESS}</arg>
</arguments>
<kw name="Log To Console" library="BuiltIn">
<doc>Logs the given message to the console.</doc>
<arguments>
<arg>Capture Email Address</arg>
</arguments>
<status status="PASS" starttime="20200302 16:37:13.621" endtime="20200302 16:37:13.622"></status>
</kw>
<kw name="Input Text" library="SeleniumLibrary">
<doc>Types the given ``text`` into the text field identified by ``locator``.</doc>
<arguments>
<arg>${CONTACT_EMAIL_ADDRESS}</arg>
<arg>${EMAIL_ADDRESS}</arg>
</arguments>
<msg timestamp="20200302 16:37:13.622" level="INFO">Typing text 'daniel.perez@sonatasmx.com' into text field '//*[@id='app']/aside/div[2]/div/form/div[2]/input'.</msg>
<status status="PASS" starttime="20200302 16:37:13.622" endtime="20200302 16:37:13.865"></status>
</kw>
<kw name="Capture Page Screenshot" library="SeleniumLibrary">
<doc>Takes a screenshot of the current page and embeds it into a log file.</doc>
<arguments>
<arg>${SCREENSHOT_PATH}/${ENVIRONMENT}/contact/screenshot3.png</arg>
</arguments>
<msg timestamp="20200302 16:37:15.412" level="INFO" html="yes">&lt;/td&gt;&lt;/tr&gt;&lt;tr&gt;&lt;td colspan="3"&gt;&lt;a href="../screenshot/landscape/contact/screenshot3.png"&gt;&lt;img src="../screenshot/landscape/contact/screenshot3.png" width="800px"&gt;&lt;/a&gt;</msg>
<status status="PASS" starttime="20200302 16:37:13.865" endtime="20200302 16:37:15.412"></status>
</kw>
<status status="PASS" starttime="20200302 16:37:13.620" endtime="20200302 16:37:15.412"></status>
</kw>
<kw name="Set Phone Number" library="contact">
<arguments>
<arg>${ENVIRONMENT}</arg>
<arg>${PHONE_NUMBER}</arg>
</arguments>
<kw name="Log To Console" library="BuiltIn">
<doc>Logs the given message to the console.</doc>
<arguments>
<arg>Capture Phone Number</arg>
</arguments>
<status status="PASS" starttime="20200302 16:37:15.413" endtime="20200302 16:37:15.414"></status>
</kw>
<kw name="Input Text" library="SeleniumLibrary">
<doc>Types the given ``text`` into the text field identified by ``locator``.</doc>
<arguments>
<arg>${CONTACT_PHONE_NUMBER}</arg>
<arg>${PHONE_NUMBER}</arg>
</arguments>
<msg timestamp="20200302 16:37:15.414" level="INFO">Typing text '6191234567' into text field '//*[@id='app']/aside/div[2]/div/form/div[3]/input'.</msg>
<status status="PASS" starttime="20200302 16:37:15.414" endtime="20200302 16:37:15.570"></status>
</kw>
<kw name="Capture Page Screenshot" library="SeleniumLibrary">
<doc>Takes a screenshot of the current page and embeds it into a log file.</doc>
<arguments>
<arg>${SCREENSHOT_PATH}/${ENVIRONMENT}/contact/screenshot4.png</arg>
</arguments>
<msg timestamp="20200302 16:37:17.052" level="INFO" html="yes">&lt;/td&gt;&lt;/tr&gt;&lt;tr&gt;&lt;td colspan="3"&gt;&lt;a href="../screenshot/landscape/contact/screenshot4.png"&gt;&lt;img src="../screenshot/landscape/contact/screenshot4.png" width="800px"&gt;&lt;/a&gt;</msg>
<status status="PASS" starttime="20200302 16:37:15.570" endtime="20200302 16:37:17.052"></status>
</kw>
<status status="PASS" starttime="20200302 16:37:15.413" endtime="20200302 16:37:17.052"></status>
</kw>
<kw name="Set Company" library="contact">
<arguments>
<arg>${ENVIRONMENT}</arg>
<arg>${COMPANY}</arg>
</arguments>
<kw name="Log To Console" library="BuiltIn">
<doc>Logs the given message to the console.</doc>
<arguments>
<arg>Capture Company</arg>
</arguments>
<status status="PASS" starttime="20200302 16:37:17.053" endtime="20200302 16:37:17.054"></status>
</kw>
<kw name="Input Text" library="SeleniumLibrary">
<doc>Types the given ``text`` into the text field identified by ``locator``.</doc>
<arguments>
<arg>${CONTACT_COMPANY}</arg>
<arg>${COMPANY}</arg>
</arguments>
<msg timestamp="20200302 16:37:17.054" level="INFO">Typing text 'Sonata Services MX' into text field '//*[@id='app']/aside/div[2]/div/form/div[4]/input'.</msg>
<status status="PASS" starttime="20200302 16:37:17.054" endtime="20200302 16:37:17.271"></status>
</kw>
<kw name="Capture Page Screenshot" library="SeleniumLibrary">
<doc>Takes a screenshot of the current page and embeds it into a log file.</doc>
<arguments>
<arg>${SCREENSHOT_PATH}/${ENVIRONMENT}/contact/screenshot5.png</arg>
</arguments>
<msg timestamp="20200302 16:37:18.653" level="INFO" html="yes">&lt;/td&gt;&lt;/tr&gt;&lt;tr&gt;&lt;td colspan="3"&gt;&lt;a href="../screenshot/landscape/contact/screenshot5.png"&gt;&lt;img src="../screenshot/landscape/contact/screenshot5.png" width="800px"&gt;&lt;/a&gt;</msg>
<status status="PASS" starttime="20200302 16:37:17.272" endtime="20200302 16:37:18.653"></status>
</kw>
<status status="PASS" starttime="20200302 16:37:17.052" endtime="20200302 16:37:18.654"></status>
</kw>
<kw name="Set Message" library="contact">
<arguments>
<arg>${ENVIRONMENT}</arg>
<arg>${MESSAGE}</arg>
</arguments>
<kw name="Log To Console" library="BuiltIn">
<doc>Logs the given message to the console.</doc>
<arguments>
<arg>Capture Description</arg>
</arguments>
<status status="PASS" starttime="20200302 16:37:18.654" endtime="20200302 16:37:18.655"></status>
</kw>
<kw name="Input Text" library="SeleniumLibrary">
<doc>Types the given ``text`` into the text field identified by ``locator``.</doc>
<arguments>
<arg>${CONTACT_MESSAGE}</arg>
<arg>${MESSAGE}</arg>
</arguments>
<msg timestamp="20200302 16:37:18.656" level="INFO">Typing text 'Automation Testing, please ignore' into text field '//*[@id='app']/aside/div[2]/div/form/div[5]/textarea'.</msg>
<status status="PASS" starttime="20200302 16:37:18.655" endtime="20200302 16:37:18.922"></status>
</kw>
<kw name="Capture Page Screenshot" library="SeleniumLibrary">
<doc>Takes a screenshot of the current page and embeds it into a log file.</doc>
<arguments>
<arg>${SCREENSHOT_PATH}/${ENVIRONMENT}/contact/screenshot6.png</arg>
</arguments>
<msg timestamp="20200302 16:37:19.945" level="INFO" html="yes">&lt;/td&gt;&lt;/tr&gt;&lt;tr&gt;&lt;td colspan="3"&gt;&lt;a href="../screenshot/landscape/contact/screenshot6.png"&gt;&lt;img src="../screenshot/landscape/contact/screenshot6.png" width="800px"&gt;&lt;/a&gt;</msg>
<status status="PASS" starttime="20200302 16:37:18.923" endtime="20200302 16:37:19.946"></status>
</kw>
<status status="PASS" starttime="20200302 16:37:18.654" endtime="20200302 16:37:19.946"></status>
</kw>
<status status="PASS" starttime="20200302 16:37:04.963" endtime="20200302 16:37:19.946"></status>
</kw>
<kw name="Close All Browsers" library="SeleniumLibrary">
<doc>Closes all open browsers and resets the browser cache.</doc>
<status status="PASS" starttime="20200302 16:37:19.947" endtime="20200302 16:37:22.374"></status>
</kw>
<status status="PASS" starttime="20200302 16:34:17.572" endtime="20200302 16:37:22.376" critical="yes"></status>
</test>
<status status="PASS" starttime="20200302 16:28:12.481" endtime="20200302 16:37:22.380"></status>
</suite>
<statistics>
<total>
<stat pass="3" fail="0">Critical Tests</stat>
<stat pass="3" fail="0">All Tests</stat>
</total>
<tag>
</tag>
<suite>
<stat pass="3" fail="0" id="s1" name="Automation">Automation</stat>
</suite>
</statistics>
<errors>
</errors>
</robot>
